2025-09-27 20:24:42 [INFO] [Programm_X_Logger] Логгер инициализирован. Логи пишутся в /home/ubuntupc/my-proj/progr/utils_app/../logs/app_2025-09-27.log
2025-09-27 20:24:59 [INFO] [Programm_X_Logger] Логгер инициализирован. Логи пишутся в /home/ubuntupc/my-proj/progr/utils_app/../logs/app_2025-09-27.log
2025-09-27 20:25:00 [INFO] [Programm_X_Logger] === Запуск Программа Х ===
2025-09-27 20:25:00 [INFO] [Programm_X_Logger] [RulesFetcherThread] Получение правил через контроллер: offset=0, limit=20
2025-09-27 20:25:00 [INFO] [Programm_X_Logger] [EditorController] Загрузка правил: offset=0, limit=20
2025-09-27 20:25:01 [INFO] [Programm_X_Logger] [RuleModel] Получено 20 правил (offset=0, limit=20)
2025-09-27 20:25:01 [INFO] [Programm_X_Logger] [EditorController] Загружено правил: 20
2025-09-27 20:25:01 [INFO] [Programm_X_Logger] [RulesFetcherThread] Загрузка завершена, поток завершается.
2025-09-27 20:25:09 [INFO] [Programm_X_Logger] [ConstructorView] Выбран файл: /home/ubuntupc/my-proj/access.log
2025-09-27 20:25:09 [INFO] [Programm_X_Logger] [FileLoaderThread] Загрузка файла: /home/ubuntupc/my-proj/access.log
2025-09-27 20:25:09 [INFO] [Programm_X_Logger] [FileLoaderThread] Файл успешно загружен, строк: 5
2025-09-27 20:25:11 [INFO] [Programm_X_Logger] [ConstructorView] Загружено строк: 5
2025-09-27 20:25:12 [INFO] [Programm_X_Logger] [ConstructorController] start_log_parse: type=Apache, lines=5
2025-09-27 20:25:12 [INFO] [Programm_X_Logger] [LogParserThread] Запуск парсинга: type=Apache, lines=5
2025-09-27 20:25:12 [INFO] [Programm_X_Logger] [LogParser] Парсинг Apache/Nginx логов, строк=5
2025-09-27 20:25:12 [INFO] [Programm_X_Logger] [LogParser] Получено 5 записей Apache/Nginx
2025-09-27 20:25:12 [INFO] [Programm_X_Logger] [LogParserThread] Парсинг завершён, поток завершается.
2025-09-27 20:25:12 [INFO] [Programm_X_Logger] [ConstructorController] Парсинг завершён, записей: 5
2025-09-27 20:25:12 [INFO] [Programm_X_Logger] [ConstructorController] Создана LogsTableModel: rows=5, cols=8
2025-09-27 20:48:19 [INFO] [Programm_X_Logger] [EditorController] Получение данных правила ID=1
2025-09-27 20:48:19 [INFO] [Programm_X_Logger] [RuleModel] Получено правило ID=1
2025-09-27 23:28:48 [INFO] [Programm_X_Logger] Логгер инициализирован. Логи пишутся в /home/ubuntupc/my-proj/progr/utils_app/../logs/app_2025-09-27.log
2025-09-27 23:29:19 [INFO] [Programm_X_Logger] Логгер инициализирован. Логи пишутся в /home/ubuntupc/my-proj/progr/utils_app/../logs/app_2025-09-27.log
2025-09-27 23:29:20 [INFO] [Programm_X_Logger] === Запуск Программа Х ===
2025-09-27 23:30:29 [INFO] [Programm_X_Logger] Логгер инициализирован. Логи пишутся в /home/ubuntupc/my-proj/progr/utils_app/../logs/app_2025-09-27.log
2025-09-27 23:30:29 [INFO] [Programm_X_Logger] === Запуск Программа Х ===
2025-09-27 23:30:29 [INFO] [Programm_X_Logger] [RulesFetcherThread] Получение правил через контроллер: offset=0, limit=20
2025-09-27 23:30:29 [INFO] [Programm_X_Logger] [EditorController] Загрузка правил: offset=0, limit=20
2025-09-27 23:30:29 [INFO] [Programm_X_Logger] [RuleModel] Получено 20 правил (offset=0, limit=20)
2025-09-27 23:30:29 [INFO] [Programm_X_Logger] [EditorController] Загружено правил: 20
2025-09-27 23:30:29 [INFO] [Programm_X_Logger] [RulesFetcherThread] Загрузка завершена, поток завершается.
2025-09-27 23:30:35 [INFO] [Programm_X_Logger] [ConstructorView] Выбран файл: /home/ubuntupc/my-proj/access.log
2025-09-27 23:30:35 [INFO] [Programm_X_Logger] [FileLoaderThread] Загрузка файла: /home/ubuntupc/my-proj/access.log
2025-09-27 23:30:35 [INFO] [Programm_X_Logger] [FileLoaderThread] Файл успешно загружен, строк: 5
2025-09-27 23:30:36 [INFO] [Programm_X_Logger] [ConstructorView] Загружено строк: 5
2025-09-27 23:30:38 [INFO] [Programm_X_Logger] [ConstructorController] start_log_parse: type=Apache, lines=5
2025-09-27 23:30:38 [INFO] [Programm_X_Logger] [LogParserThread] Запуск парсинга: type=Apache, lines=5
2025-09-27 23:30:38 [INFO] [Programm_X_Logger] [LogParser] Парсинг Apache/Nginx логов, строк=5
2025-09-27 23:30:38 [INFO] [Programm_X_Logger] [LogParser] Получено 5 записей Apache/Nginx
2025-09-27 23:30:38 [INFO] [Programm_X_Logger] [LogParserThread] Парсинг завершён, поток завершается.
2025-09-27 23:30:38 [INFO] [Programm_X_Logger] [ConstructorController] Парсинг завершён, записей: 5
2025-09-27 23:30:38 [INFO] [Programm_X_Logger] [ConstructorController] Создана LogsTableModel: rows=5, cols=8
2025-09-27 23:30:38 [ERROR] [Programm_X_Logger] [ConstructorView] table render error: name 'QAction' is not defined
Traceback (most recent call last):
  File "/home/ubuntupc/my-proj/progr/views/constructor_view.py", line 107, in on_ok
    self._rebuild_columns_menu()
  File "/home/ubuntupc/my-proj/progr/views/constructor_view.py", line 135, in _rebuild_columns_menu
    act = QAction(name, self)
          ^^^^^^^
NameError: name 'QAction' is not defined
2025-09-27 23:30:48 [INFO] [Programm_X_Logger] === Завершение работы приложения ===
2025-09-27 23:32:41 [INFO] [Programm_X_Logger] Логгер инициализирован. Логи пишутся в /home/ubuntupc/my-proj/progr/utils_app/../logs/app_2025-09-27.log
2025-09-27 23:32:42 [INFO] [Programm_X_Logger] === Запуск Программа Х ===
2025-09-27 23:32:42 [INFO] [Programm_X_Logger] [RulesFetcherThread] Получение правил через контроллер: offset=0, limit=20
2025-09-27 23:32:42 [INFO] [Programm_X_Logger] [EditorController] Загрузка правил: offset=0, limit=20
2025-09-27 23:32:42 [INFO] [Programm_X_Logger] [RuleModel] Получено 20 правил (offset=0, limit=20)
2025-09-27 23:32:42 [INFO] [Programm_X_Logger] [EditorController] Загружено правил: 20
2025-09-27 23:32:42 [INFO] [Programm_X_Logger] [RulesFetcherThread] Загрузка завершена, поток завершается.
2025-09-27 23:32:45 [INFO] [Programm_X_Logger] [ConstructorView] Выбран файл: /home/ubuntupc/my-proj/access.log
2025-09-27 23:32:45 [INFO] [Programm_X_Logger] [FileLoaderThread] Загрузка файла: /home/ubuntupc/my-proj/access.log
2025-09-27 23:32:45 [INFO] [Programm_X_Logger] [FileLoaderThread] Файл успешно загружен, строк: 5
2025-09-27 23:32:46 [INFO] [Programm_X_Logger] [ConstructorView] Загружено строк: 5
2025-09-27 23:32:47 [INFO] [Programm_X_Logger] [ConstructorController] start_log_parse: type=Apache, lines=5
2025-09-27 23:32:47 [INFO] [Programm_X_Logger] [LogParserThread] Запуск парсинга: type=Apache, lines=5
2025-09-27 23:32:47 [INFO] [Programm_X_Logger] [LogParser] Парсинг Apache/Nginx логов, строк=5
2025-09-27 23:32:47 [INFO] [Programm_X_Logger] [LogParser] Получено 5 записей Apache/Nginx
2025-09-27 23:32:47 [INFO] [Programm_X_Logger] [LogParserThread] Парсинг завершён, поток завершается.
2025-09-27 23:32:47 [INFO] [Programm_X_Logger] [ConstructorController] Парсинг завершён, записей: 5
2025-09-27 23:32:47 [INFO] [Programm_X_Logger] [ConstructorController] Создана LogsTableModel: rows=5, cols=8
2025-09-27 23:33:58 [INFO] [Programm_X_Logger] [ConstructorView] Выбран файл: /home/ubuntupc/my-proj/access.log
2025-09-27 23:33:58 [INFO] [Programm_X_Logger] [FileLoaderThread] Загрузка файла: /home/ubuntupc/my-proj/access.log
2025-09-27 23:33:58 [INFO] [Programm_X_Logger] [FileLoaderThread] Файл успешно загружен, строк: 5
2025-09-27 23:34:00 [INFO] [Programm_X_Logger] [ConstructorView] Загружено строк: 5
2025-09-27 23:34:00 [INFO] [Programm_X_Logger] [ConstructorController] start_log_parse: type=Nginx, lines=5
2025-09-27 23:34:00 [INFO] [Programm_X_Logger] [LogParserThread] Запуск парсинга: type=Nginx, lines=5
2025-09-27 23:34:00 [INFO] [Programm_X_Logger] [LogParser] Парсинг Apache/Nginx логов, строк=5
2025-09-27 23:34:00 [INFO] [Programm_X_Logger] [LogParser] Получено 5 записей Apache/Nginx
2025-09-27 23:34:00 [INFO] [Programm_X_Logger] [LogParserThread] Парсинг завершён, поток завершается.
2025-09-27 23:34:00 [INFO] [Programm_X_Logger] [ConstructorController] Парсинг завершён, записей: 5
2025-09-27 23:34:00 [INFO] [Programm_X_Logger] [ConstructorController] Создана LogsTableModel: rows=5, cols=8
2025-09-27 23:34:07 [INFO] [Programm_X_Logger] [MainWindow] Обновление данных во вкладке 'Конструктор'
2025-09-27 23:34:07 [INFO] [Programm_X_Logger] [ConstructorController] start_log_parse: type=Nginx, lines=5
2025-09-27 23:34:07 [INFO] [Programm_X_Logger] [LogParserThread] Запуск парсинга: type=Nginx, lines=5
2025-09-27 23:34:07 [INFO] [Programm_X_Logger] [LogParser] Парсинг Apache/Nginx логов, строк=5
2025-09-27 23:34:07 [INFO] [Programm_X_Logger] [LogParser] Получено 5 записей Apache/Nginx
2025-09-27 23:34:07 [INFO] [Programm_X_Logger] [LogParserThread] Парсинг завершён, поток завершается.
2025-09-27 23:34:07 [INFO] [Programm_X_Logger] [ConstructorController] Парсинг завершён, записей: 5
2025-09-27 23:34:07 [INFO] [Programm_X_Logger] [ConstructorController] Создана LogsTableModel: rows=5, cols=8
2025-09-27 23:34:08 [INFO] [Programm_X_Logger] [MainWindow] Обновление данных во вкладке 'Конструктор'
2025-09-27 23:34:08 [INFO] [Programm_X_Logger] [ConstructorController] start_log_parse: type=Nginx, lines=5
2025-09-27 23:34:08 [INFO] [Programm_X_Logger] [LogParserThread] Запуск парсинга: type=Nginx, lines=5
2025-09-27 23:34:08 [INFO] [Programm_X_Logger] [LogParser] Парсинг Apache/Nginx логов, строк=5
2025-09-27 23:34:08 [INFO] [Programm_X_Logger] [LogParser] Получено 5 записей Apache/Nginx
2025-09-27 23:34:08 [INFO] [Programm_X_Logger] [LogParserThread] Парсинг завершён, поток завершается.
2025-09-27 23:34:08 [INFO] [Programm_X_Logger] [ConstructorController] Парсинг завершён, записей: 5
2025-09-27 23:34:08 [INFO] [Programm_X_Logger] [ConstructorController] Создана LogsTableModel: rows=5, cols=8
2025-09-27 23:34:10 [INFO] [Programm_X_Logger] [ConstructorController] Prefill из выбора: {}
2025-09-27 23:34:42 [INFO] [Programm_X_Logger] Логгер инициализирован. Логи пишутся в /home/ubuntupc/my-proj/progr/utils_app/../logs/app_2025-09-27.log
2025-09-27 23:34:43 [INFO] [Programm_X_Logger] === Запуск Программа Х ===
2025-09-27 23:34:43 [INFO] [Programm_X_Logger] [RulesFetcherThread] Получение правил через контроллер: offset=0, limit=20
2025-09-27 23:34:43 [INFO] [Programm_X_Logger] [EditorController] Загрузка правил: offset=0, limit=20
2025-09-27 23:34:43 [INFO] [Programm_X_Logger] [RuleModel] Получено 20 правил (offset=0, limit=20)
2025-09-27 23:34:43 [INFO] [Programm_X_Logger] [EditorController] Загружено правил: 20
2025-09-27 23:34:43 [INFO] [Programm_X_Logger] [RulesFetcherThread] Загрузка завершена, поток завершается.
2025-09-27 23:34:46 [INFO] [Programm_X_Logger] [ConstructorView] Выбран файл: /home/ubuntupc/my-proj/access.log
2025-09-27 23:34:46 [INFO] [Programm_X_Logger] [FileLoaderThread] Загрузка файла: /home/ubuntupc/my-proj/access.log
2025-09-27 23:34:46 [INFO] [Programm_X_Logger] [FileLoaderThread] Файл успешно загружен, строк: 5
2025-09-27 23:34:47 [INFO] [Programm_X_Logger] [ConstructorView] Загружено строк: 5
2025-09-27 23:34:48 [INFO] [Programm_X_Logger] [ConstructorController] start_log_parse: type=Apache, lines=5
2025-09-27 23:34:48 [INFO] [Programm_X_Logger] [LogParserThread] Запуск парсинга: type=Apache, lines=5
2025-09-27 23:34:48 [INFO] [Programm_X_Logger] [LogParser] Парсинг Apache/Nginx логов, строк=5
2025-09-27 23:34:48 [INFO] [Programm_X_Logger] [LogParser] Получено 5 записей Apache/Nginx
2025-09-27 23:34:48 [INFO] [Programm_X_Logger] [LogParserThread] Парсинг завершён, поток завершается.
2025-09-27 23:34:48 [INFO] [Programm_X_Logger] [ConstructorController] Парсинг завершён, записей: 5
2025-09-27 23:34:48 [INFO] [Programm_X_Logger] [ConstructorController] Создана LogsTableModel: rows=5, cols=8
2025-09-27 23:56:25 [INFO] [Programm_X_Logger] === Завершение работы приложения ===
