2025-08-17 11:59:44 [INFO] [IDS_IPS_Logger] Логгер инициализирован. Логи пишутся в /home/ubuntupc/my-proj/progr/utils_app/../logs/app_2025-08-17.log
2025-08-17 11:59:45 [INFO] [IDS_IPS_Logger] === Запуск Программа Х ===
2025-08-17 12:01:14 [INFO] [IDS_IPS_Logger] Логгер инициализирован. Логи пишутся в /home/ubuntupc/my-proj/progr/utils_app/../logs/app_2025-08-17.log
2025-08-17 12:01:15 [INFO] [IDS_IPS_Logger] === Запуск Программа Х ===
2025-08-17 12:03:50 [INFO] [IDS_IPS_Logger] Логгер инициализирован. Логи пишутся в /home/ubuntupc/my-proj/progr/utils_app/../logs/app_2025-08-17.log
2025-08-17 12:03:50 [INFO] [IDS_IPS_Logger] === Запуск Программа Х ===
2025-08-17 12:04:01 [INFO] [IDS_IPS_Logger] === Завершение работы приложения ===
2025-08-17 12:10:44 [INFO] [IDS_IPS_Logger] Логгер инициализирован. Логи пишутся в /home/ubuntupc/my-proj/progr/utils_app/../logs/app_2025-08-17.log
2025-08-17 12:10:45 [INFO] [IDS_IPS_Logger] === Запуск Программа Х ===
2025-08-17 12:10:53 [INFO] [IDS_IPS_Logger] === Завершение работы приложения ===
2025-08-17 12:19:21 [INFO] [IDS_IPS_Logger] Логгер инициализирован. Логи пишутся в /home/ubuntupc/my-proj/progr/utils_app/../logs/app_2025-08-17.log
2025-08-17 12:19:22 [INFO] [IDS_IPS_Logger] === Запуск Программа Х ===
2025-08-17 12:19:29 [INFO] [IDS_IPS_Logger] === Завершение работы приложения ===
2025-08-17 12:24:42 [INFO] [IDS_IPS_Logger] Логгер инициализирован. Логи пишутся в /home/ubuntupc/my-proj/progr/utils_app/../logs/app_2025-08-17.log
2025-08-17 12:24:43 [INFO] [IDS_IPS_Logger] === Запуск Программа Х ===
2025-08-17 12:24:48 [INFO] [IDS_IPS_Logger] === Завершение работы приложения ===
2025-08-17 12:24:57 [INFO] [IDS_IPS_Logger] Логгер инициализирован. Логи пишутся в /home/ubuntupc/my-proj/progr/utils_app/../logs/app_2025-08-17.log
2025-08-17 12:24:58 [INFO] [IDS_IPS_Logger] === Запуск Программа Х ===
2025-08-17 12:25:26 [INFO] [IDS_IPS_Logger] === Завершение работы приложения ===
2025-08-17 12:30:44 [INFO] [IDS_IPS_Logger] Логгер инициализирован. Логи пишутся в /home/ubuntupc/my-proj/progr/utils_app/../logs/app_2025-08-17.log
2025-08-17 12:30:45 [INFO] [IDS_IPS_Logger] === Запуск Программа Х ===
2025-08-17 12:30:50 [INFO] [IDS_IPS_Logger] === Завершение работы приложения ===
2025-08-17 13:28:16 [INFO] [IDS_IPS_Logger] Логгер инициализирован. Логи пишутся в /home/ubuntupc/my-proj/progr/utils_app/../logs/app_2025-08-17.log
2025-08-17 13:28:17 [INFO] [IDS_IPS_Logger] === Запуск Программа Х ===
2025-08-17 13:28:17 [INFO] [IDS_IPS_Logger] [RulesFetcherThread] Получение правил через контроллер: offset=0, limit=20
2025-08-17 13:28:17 [INFO] [IDS_IPS_Logger] [EditorController] Загрузка правил: offset=0, limit=20
2025-08-17 13:28:17 [INFO] [IDS_IPS_Logger] [RuleModel] Получено 17 правил (offset=0, limit=20)
2025-08-17 13:28:17 [INFO] [IDS_IPS_Logger] [EditorController] Загружено правил: 17
2025-08-17 13:28:17 [INFO] [IDS_IPS_Logger] [RulesFetcherThread] Загрузка завершена, поток завершается.
2025-08-17 13:28:35 [INFO] [IDS_IPS_Logger] [RulesFetcherThread] Получение правил через контроллер: offset=20, limit=20
2025-08-17 13:28:35 [INFO] [IDS_IPS_Logger] [EditorController] Загрузка правил: offset=20, limit=20
2025-08-17 13:28:35 [INFO] [IDS_IPS_Logger] [RuleModel] Получено 0 правил (offset=20, limit=20)
2025-08-17 13:28:35 [INFO] [IDS_IPS_Logger] [EditorController] Загружено правил: 0
2025-08-17 13:28:35 [INFO] [IDS_IPS_Logger] [RulesFetcherThread] Загрузка завершена, поток завершается.
2025-08-17 13:28:45 [INFO] [IDS_IPS_Logger] [RulesFetcherThread] Получение правил через контроллер: offset=0, limit=20
2025-08-17 13:28:45 [INFO] [IDS_IPS_Logger] [EditorController] Загрузка правил: offset=0, limit=20
2025-08-17 13:28:45 [INFO] [IDS_IPS_Logger] [RuleModel] Получено 17 правил (offset=0, limit=20)
2025-08-17 13:28:45 [INFO] [IDS_IPS_Logger] [EditorController] Загружено правил: 17
2025-08-17 13:28:45 [INFO] [IDS_IPS_Logger] [RulesFetcherThread] Загрузка завершена, поток завершается.
2025-08-17 13:28:49 [INFO] [IDS_IPS_Logger] [EditorController] Получение данных правила ID=1
2025-08-17 13:28:49 [INFO] [IDS_IPS_Logger] [RuleModel] Получено правило ID=1
2025-08-17 13:29:18 [INFO] [IDS_IPS_Logger] [ConstructorView] Выбран файл: /home/ubuntupc/file_tab.txt
2025-08-17 13:29:18 [INFO] [IDS_IPS_Logger] [FileLoaderThread] Загрузка файла: /home/ubuntupc/file_tab.txt
2025-08-17 13:29:18 [INFO] [IDS_IPS_Logger] [FileLoaderThread] Файл успешно загружен, строк: 242
2025-08-17 13:29:27 [INFO] [IDS_IPS_Logger] [ConstructorView] Загружено строк: 242
2025-08-17 13:29:37 [INFO] [IDS_IPS_Logger] [ConstructorView] Запуск парсинга: тип=Apache
2025-08-17 13:29:37 [INFO] [IDS_IPS_Logger] [LogParser] Парсинг Apache/Nginx логов, строк=242
2025-08-17 13:29:37 [INFO] [IDS_IPS_Logger] [LogParser] Получено 0 записей Apache/Nginx
2025-08-17 13:29:37 [INFO] [IDS_IPS_Logger] [LogParserThread] Парсинг завершён, записей: 0.
2025-08-17 13:29:37 [INFO] [IDS_IPS_Logger] [ConstructorView] Таблица логов сформирована: 0 записей
2025-08-17 13:29:47 [INFO] [IDS_IPS_Logger] [ConstructorView] Запуск парсинга: тип=Wordpress
2025-08-17 13:29:47 [INFO] [IDS_IPS_Logger] [LogParser] Парсинг WordPress логов, строк=242
2025-08-17 13:29:47 [INFO] [IDS_IPS_Logger] [LogParser] Получено 0 записей WordPress
2025-08-17 13:29:47 [INFO] [IDS_IPS_Logger] [LogParserThread] Парсинг завершён, записей: 0.
2025-08-17 13:29:47 [INFO] [IDS_IPS_Logger] [ConstructorView] Таблица логов сформирована: 0 записей
2025-08-17 13:29:54 [INFO] [IDS_IPS_Logger] === Завершение работы приложения ===
2025-08-17 13:31:11 [INFO] [IDS_IPS_Logger] Логгер инициализирован. Логи пишутся в /home/ubuntupc/my-proj/progr/utils_app/../logs/app_2025-08-17.log
2025-08-17 13:31:12 [INFO] [IDS_IPS_Logger] === Запуск Программа Х ===
2025-08-17 13:31:12 [INFO] [IDS_IPS_Logger] [RulesFetcherThread] Получение правил через контроллер: offset=0, limit=20
2025-08-17 13:31:12 [INFO] [IDS_IPS_Logger] [EditorController] Загрузка правил: offset=0, limit=20
2025-08-17 13:31:12 [INFO] [IDS_IPS_Logger] [RuleModel] Получено 17 правил (offset=0, limit=20)
2025-08-17 13:31:12 [INFO] [IDS_IPS_Logger] [EditorController] Загружено правил: 17
2025-08-17 13:31:12 [INFO] [IDS_IPS_Logger] [RulesFetcherThread] Загрузка завершена, поток завершается.
2025-08-17 13:31:15 [INFO] [IDS_IPS_Logger] === Завершение работы приложения ===
2025-08-17 13:31:17 [INFO] [IDS_IPS_Logger] Логгер инициализирован. Логи пишутся в /home/ubuntupc/my-proj/progr/utils_app/../logs/app_2025-08-17.log
2025-08-17 13:31:18 [INFO] [IDS_IPS_Logger] === Запуск Программа Х ===
2025-08-17 13:31:18 [INFO] [IDS_IPS_Logger] [RulesFetcherThread] Получение правил через контроллер: offset=0, limit=20
2025-08-17 13:31:18 [INFO] [IDS_IPS_Logger] [EditorController] Загрузка правил: offset=0, limit=20
2025-08-17 13:31:18 [INFO] [IDS_IPS_Logger] [RuleModel] Получено 17 правил (offset=0, limit=20)
2025-08-17 13:31:18 [INFO] [IDS_IPS_Logger] [EditorController] Загружено правил: 17
2025-08-17 13:31:18 [INFO] [IDS_IPS_Logger] [RulesFetcherThread] Загрузка завершена, поток завершается.
2025-08-17 13:31:22 [INFO] [IDS_IPS_Logger] === Завершение работы приложения ===
2025-08-17 13:31:26 [INFO] [IDS_IPS_Logger] Логгер инициализирован. Логи пишутся в /home/ubuntupc/my-proj/progr/utils_app/../logs/app_2025-08-17.log
2025-08-17 13:31:26 [INFO] [IDS_IPS_Logger] === Запуск Программа Х ===
2025-08-17 13:31:26 [INFO] [IDS_IPS_Logger] [RulesFetcherThread] Получение правил через контроллер: offset=0, limit=20
2025-08-17 13:31:26 [INFO] [IDS_IPS_Logger] [EditorController] Загрузка правил: offset=0, limit=20
2025-08-17 13:31:26 [INFO] [IDS_IPS_Logger] [RuleModel] Получено 17 правил (offset=0, limit=20)
2025-08-17 13:31:26 [INFO] [IDS_IPS_Logger] [EditorController] Загружено правил: 17
2025-08-17 13:31:26 [INFO] [IDS_IPS_Logger] [RulesFetcherThread] Загрузка завершена, поток завершается.
2025-08-17 13:31:34 [INFO] [IDS_IPS_Logger] === Завершение работы приложения ===
2025-08-17 14:12:16 [INFO] [IDS_IPS_Logger] Логгер инициализирован. Логи пишутся в /home/ubuntupc/my-proj/progr/utils_app/../logs/app_2025-08-17.log
2025-08-17 14:12:16 [INFO] [IDS_IPS_Logger] === Запуск Программа Х ===
2025-08-17 14:12:16 [INFO] [IDS_IPS_Logger] [RulesFetcherThread] Получение правил через контроллер: offset=0, limit=20
2025-08-17 14:12:16 [INFO] [IDS_IPS_Logger] [EditorController] Загрузка правил: offset=0, limit=20
2025-08-17 14:12:16 [INFO] [IDS_IPS_Logger] [RuleModel] Получено 17 правил (offset=0, limit=20)
2025-08-17 14:12:16 [INFO] [IDS_IPS_Logger] [EditorController] Загружено правил: 17
2025-08-17 14:12:16 [INFO] [IDS_IPS_Logger] [RulesFetcherThread] Загрузка завершена, поток завершается.
2025-08-17 14:12:21 [INFO] [IDS_IPS_Logger] [RuleModel] Голос добавлен для правила ID=1, positive=True
2025-08-17 14:12:21 [INFO] [IDS_IPS_Logger] [RulesFetcherThread] Получение правил через контроллер: offset=0, limit=20
2025-08-17 14:12:21 [INFO] [IDS_IPS_Logger] [EditorController] Загрузка правил: offset=0, limit=20
2025-08-17 14:12:21 [INFO] [IDS_IPS_Logger] [RuleModel] Получено 17 правил (offset=0, limit=20)
2025-08-17 14:12:21 [INFO] [IDS_IPS_Logger] [EditorController] Загружено правил: 17
2025-08-17 14:12:21 [INFO] [IDS_IPS_Logger] [RulesFetcherThread] Загрузка завершена, поток завершается.
2025-08-17 14:12:24 [INFO] [IDS_IPS_Logger] [RuleModel] Голос добавлен для правила ID=1, positive=False
2025-08-17 14:12:24 [INFO] [IDS_IPS_Logger] [RulesFetcherThread] Получение правил через контроллер: offset=0, limit=20
2025-08-17 14:12:24 [INFO] [IDS_IPS_Logger] [EditorController] Загрузка правил: offset=0, limit=20
2025-08-17 14:12:24 [INFO] [IDS_IPS_Logger] [RuleModel] Получено 17 правил (offset=0, limit=20)
2025-08-17 14:12:24 [INFO] [IDS_IPS_Logger] [EditorController] Загружено правил: 17
2025-08-17 14:12:24 [INFO] [IDS_IPS_Logger] [RulesFetcherThread] Загрузка завершена, поток завершается.
2025-08-17 14:12:34 [INFO] [IDS_IPS_Logger] [RuleModel] Голос добавлен для правила ID=13, positive=True
2025-08-17 14:12:34 [INFO] [IDS_IPS_Logger] [RulesFetcherThread] Получение правил через контроллер: offset=0, limit=20
2025-08-17 14:12:34 [INFO] [IDS_IPS_Logger] [EditorController] Загрузка правил: offset=0, limit=20
2025-08-17 14:12:34 [INFO] [IDS_IPS_Logger] [RuleModel] Получено 17 правил (offset=0, limit=20)
2025-08-17 14:12:34 [INFO] [IDS_IPS_Logger] [EditorController] Загружено правил: 17
2025-08-17 14:12:34 [INFO] [IDS_IPS_Logger] [RulesFetcherThread] Загрузка завершена, поток завершается.
2025-08-17 14:12:59 [INFO] [IDS_IPS_Logger] [EditorController] Получение данных правила ID=1
2025-08-17 14:12:59 [INFO] [IDS_IPS_Logger] [RuleModel] Получено правило ID=1
2025-08-17 14:13:03 [INFO] [IDS_IPS_Logger] [EditorController] Изменение правила ID=1: {'rules_action': 'alert', 'rules_protocol': 'tcp', 'rules_ip_s': '192.168.1.1', 'rules_port_s': '12', 'rules_route': '->', 'rules_ip_d': '123.12.12.0', 'rules_port_d': '45', 'rules_msg': 'new test', 'rules_content': 'test wen', 'rules_sid': '44', 'rules_rev': '55'}
2025-08-17 14:13:41 [INFO] [IDS_IPS_Logger] === Завершение работы приложения ===
2025-08-17 14:14:31 [INFO] [IDS_IPS_Logger] Логгер инициализирован. Логи пишутся в /home/ubuntupc/my-proj/progr/utils_app/../logs/app_2025-08-17.log
2025-08-17 14:14:31 [INFO] [IDS_IPS_Logger] === Запуск Программа Х ===
2025-08-17 14:14:31 [INFO] [IDS_IPS_Logger] [RulesFetcherThread] Получение правил через контроллер: offset=0, limit=20
2025-08-17 14:14:31 [INFO] [IDS_IPS_Logger] [EditorController] Загрузка правил: offset=0, limit=20
2025-08-17 14:14:31 [INFO] [IDS_IPS_Logger] [RuleModel] Получено 17 правил (offset=0, limit=20)
2025-08-17 14:14:31 [INFO] [IDS_IPS_Logger] [EditorController] Загружено правил: 17
2025-08-17 14:14:31 [INFO] [IDS_IPS_Logger] [RulesFetcherThread] Загрузка завершена, поток завершается.
2025-08-17 14:14:34 [INFO] [IDS_IPS_Logger] [EditorController] Получение данных правила ID=1
2025-08-17 14:14:34 [INFO] [IDS_IPS_Logger] [RuleModel] Получено правило ID=1
2025-08-17 14:14:39 [INFO] [IDS_IPS_Logger] [EditorController] Изменение правила ID=1: {'rules_action': 'alert', 'rules_protocol': 'tcp', 'rules_ip_s': '192.168.1.0', 'rules_port_s': '12', 'rules_route': '->', 'rules_ip_d': '123.12.12.2', 'rules_port_d': '45', 'rules_msg': 'new test', 'rules_content': 'test wen', 'rules_sid': '44', 'rules_rev': '55'}
2025-08-17 14:14:46 [INFO] [IDS_IPS_Logger] === Завершение работы приложения ===
2025-08-17 14:20:13 [INFO] [IDS_IPS_Logger] Логгер инициализирован. Логи пишутся в /home/ubuntupc/my-proj/progr/utils_app/../logs/app_2025-08-17.log
2025-08-17 14:20:14 [INFO] [IDS_IPS_Logger] === Запуск Программа Х ===
2025-08-17 14:20:14 [INFO] [IDS_IPS_Logger] [RulesFetcherThread] Получение правил через контроллер: offset=0, limit=20
2025-08-17 14:20:14 [INFO] [IDS_IPS_Logger] [EditorController] Загрузка правил: offset=0, limit=20
2025-08-17 14:20:14 [INFO] [IDS_IPS_Logger] [RuleModel] Получено 17 правил (offset=0, limit=20)
2025-08-17 14:20:14 [INFO] [IDS_IPS_Logger] [EditorController] Загружено правил: 17
2025-08-17 14:20:14 [INFO] [IDS_IPS_Logger] [RulesFetcherThread] Загрузка завершена, поток завершается.
2025-08-17 14:20:20 [INFO] [IDS_IPS_Logger] [EditorController] Получение данных правила ID=1
2025-08-17 14:20:20 [INFO] [IDS_IPS_Logger] [RuleModel] Получено правило ID=1
2025-08-17 14:20:24 [INFO] [IDS_IPS_Logger] [EditorController] Изменение правила ID=1: {'rules_action': 'alert', 'rules_protocol': 'tcp', 'rules_ip_s': '192.168.1.0', 'rules_port_s': '12', 'rules_route': '->', 'rules_ip_d': '123.12.12.2', 'rules_port_d': '45', 'rules_msg': 'new test', 'rules_content': 'test wen', 'rules_sid': '44', 'rules_rev': '55'}
2025-08-17 14:20:44 [INFO] [IDS_IPS_Logger] === Завершение работы приложения ===
2025-08-17 14:22:52 [INFO] [IDS_IPS_Logger] Логгер инициализирован. Логи пишутся в /home/ubuntupc/my-proj/progr/utils_app/../logs/app_2025-08-17.log
2025-08-17 14:22:53 [INFO] [IDS_IPS_Logger] === Запуск Программа Х ===
2025-08-17 14:22:53 [INFO] [IDS_IPS_Logger] [RulesFetcherThread] Получение правил через контроллер: offset=0, limit=20
2025-08-17 14:22:53 [INFO] [IDS_IPS_Logger] [EditorController] Загрузка правил: offset=0, limit=20
2025-08-17 14:22:53 [INFO] [IDS_IPS_Logger] [RuleModel] Получено 17 правил (offset=0, limit=20)
2025-08-17 14:22:53 [INFO] [IDS_IPS_Logger] [EditorController] Загружено правил: 17
2025-08-17 14:22:53 [INFO] [IDS_IPS_Logger] [RulesFetcherThread] Загрузка завершена, поток завершается.
2025-08-17 14:23:14 [INFO] [IDS_IPS_Logger] [RuleModel] Голос добавлен для правила ID=1, positive=True
2025-08-17 14:23:14 [INFO] [IDS_IPS_Logger] [EditorController] Запущен для оценки
2025-08-17 14:23:14 [INFO] [IDS_IPS_Logger] [RulesFetcherThread] Получение правил через контроллер: offset=0, limit=20
2025-08-17 14:23:14 [INFO] [IDS_IPS_Logger] [EditorController] Загрузка правил: offset=0, limit=20
2025-08-17 14:23:14 [INFO] [IDS_IPS_Logger] [RuleModel] Получено 17 правил (offset=0, limit=20)
2025-08-17 14:23:14 [INFO] [IDS_IPS_Logger] [EditorController] Загружено правил: 17
2025-08-17 14:23:14 [INFO] [IDS_IPS_Logger] [RulesFetcherThread] Загрузка завершена, поток завершается.
2025-08-17 14:23:42 [INFO] [IDS_IPS_Logger] [EditorController] Получение данных правила ID=1
2025-08-17 14:23:42 [INFO] [IDS_IPS_Logger] [RuleModel] Получено правило ID=1
2025-08-17 14:23:44 [INFO] [IDS_IPS_Logger] [EditorController] Изменение правила ID=1: {'rules_action': 'alert', 'rules_protocol': 'tcp', 'rules_ip_s': '192.168.1.1', 'rules_port_s': '12', 'rules_route': '->', 'rules_ip_d': '123.12.12.2', 'rules_port_d': '45', 'rules_msg': 'new test', 'rules_content': 'test wen', 'rules_sid': '44', 'rules_rev': '55'}
2025-08-17 14:23:46 [INFO] [IDS_IPS_Logger] [BatchSaverThread] Сохранение 1 правил...
2025-08-17 14:23:46 [DEBUG] [IDS_IPS_Logger] [BatchSaverThread] Сохранение правила ID=1: {'rules_action': 'alert', 'rules_protocol': 'tcp', 'rules_ip_s': '192.168.1.1', 'rules_port_s': '12', 'rules_route': '->', 'rules_ip_d': '123.12.12.2', 'rules_port_d': '45', 'rules_msg': 'new test', 'rules_content': 'test wen', 'rules_sid': '44', 'rules_rev': '55'}
2025-08-17 14:23:46 [INFO] [IDS_IPS_Logger] [RuleModel] Правило ID=1 обновлено
2025-08-17 14:23:46 [INFO] [IDS_IPS_Logger] [BatchSaverThread] Сохранение завершено успешно.
2025-08-17 14:23:48 [INFO] [IDS_IPS_Logger] [RulesFetcherThread] Получение правил через контроллер: offset=0, limit=20
2025-08-17 14:23:48 [INFO] [IDS_IPS_Logger] [EditorController] Загрузка правил: offset=0, limit=20
2025-08-17 14:23:48 [INFO] [IDS_IPS_Logger] [RuleModel] Получено 17 правил (offset=0, limit=20)
2025-08-17 14:23:48 [INFO] [IDS_IPS_Logger] [EditorController] Загружено правил: 17
2025-08-17 14:23:48 [INFO] [IDS_IPS_Logger] [RulesFetcherThread] Загрузка завершена, поток завершается.
2025-08-17 14:23:52 [INFO] [IDS_IPS_Logger] === Завершение работы приложения ===
2025-08-17 14:25:04 [INFO] [IDS_IPS_Logger] Логгер инициализирован. Логи пишутся в /home/ubuntupc/my-proj/progr/utils_app/../logs/app_2025-08-17.log
2025-08-17 14:25:05 [INFO] [IDS_IPS_Logger] === Запуск Программа Х ===
2025-08-17 14:25:05 [INFO] [IDS_IPS_Logger] [RulesFetcherThread] Получение правил через контроллер: offset=0, limit=20
2025-08-17 14:25:05 [INFO] [IDS_IPS_Logger] [EditorController] Загрузка правил: offset=0, limit=20
2025-08-17 14:25:05 [INFO] [IDS_IPS_Logger] [RuleModel] Получено 17 правил (offset=0, limit=20)
2025-08-17 14:25:05 [INFO] [IDS_IPS_Logger] [EditorController] Загружено правил: 17
2025-08-17 14:25:05 [INFO] [IDS_IPS_Logger] [RulesFetcherThread] Загрузка завершена, поток завершается.
2025-08-17 14:25:11 [INFO] [IDS_IPS_Logger] [EditorController] Запущен для оценки
2025-08-17 14:25:12 [INFO] [IDS_IPS_Logger] [RuleModel] Голос добавлен для правила ID=13, positive=False
2025-08-17 14:25:12 [INFO] [IDS_IPS_Logger] [RulesFetcherThread] Получение правил через контроллер: offset=0, limit=20
2025-08-17 14:25:12 [INFO] [IDS_IPS_Logger] [EditorController] Загрузка правил: offset=0, limit=20
2025-08-17 14:25:12 [INFO] [IDS_IPS_Logger] [RuleModel] Получено 17 правил (offset=0, limit=20)
2025-08-17 14:25:12 [INFO] [IDS_IPS_Logger] [EditorController] Загружено правил: 17
2025-08-17 14:25:12 [INFO] [IDS_IPS_Logger] [RulesFetcherThread] Загрузка завершена, поток завершается.
2025-08-17 14:25:44 [INFO] [IDS_IPS_Logger] === Завершение работы приложения ===
2025-08-17 14:35:27 [INFO] [IDS_IPS_Logger] Логгер инициализирован. Логи пишутся в /home/ubuntupc/my-proj/progr/utils_app/../logs/app_2025-08-17.log
2025-08-17 14:35:28 [INFO] [IDS_IPS_Logger] === Запуск Программа Х ===
2025-08-17 14:35:28 [INFO] [IDS_IPS_Logger] [RulesFetcherThread] Получение правил через контроллер: offset=0, limit=20
2025-08-17 14:35:28 [INFO] [IDS_IPS_Logger] [EditorController] Загрузка правил: offset=0, limit=20
2025-08-17 14:35:28 [INFO] [IDS_IPS_Logger] [RuleModel] Получено 17 правил (offset=0, limit=20)
2025-08-17 14:35:28 [INFO] [IDS_IPS_Logger] [EditorController] Загружено правил: 17
2025-08-17 14:35:28 [INFO] [IDS_IPS_Logger] [RulesFetcherThread] Загрузка завершена, поток завершается.
2025-08-17 14:35:37 [INFO] [IDS_IPS_Logger] [ConstructorView] Выбран файл: /home/ubuntupc/file_constr.txt
2025-08-17 14:35:37 [INFO] [IDS_IPS_Logger] [FileLoaderThread] Загрузка файла: /home/ubuntupc/file_constr.txt
2025-08-17 14:35:37 [INFO] [IDS_IPS_Logger] [FileLoaderThread] Файл успешно загружен, строк: 172
2025-08-17 14:35:40 [INFO] [IDS_IPS_Logger] [ConstructorView] Загружено строк: 172
2025-08-17 14:35:41 [INFO] [IDS_IPS_Logger] [ConstructorView] Запуск парсинга: тип=Apache
2025-08-17 14:35:41 [INFO] [IDS_IPS_Logger] [LogParser] Парсинг Apache/Nginx логов, строк=172
2025-08-17 14:35:41 [INFO] [IDS_IPS_Logger] [LogParser] Получено 0 записей Apache/Nginx
2025-08-17 14:35:41 [INFO] [IDS_IPS_Logger] [LogParserThread] Парсинг завершён, записей: 0.
2025-08-17 14:56:17 [INFO] [IDS_IPS_Logger] Логгер инициализирован. Логи пишутся в /home/ubuntupc/my-proj/progr/utils_app/../logs/app_2025-08-17.log
2025-08-17 14:56:17 [INFO] [IDS_IPS_Logger] === Запуск Программа Х ===
2025-08-17 14:56:17 [INFO] [IDS_IPS_Logger] [RulesFetcherThread] Получение правил через контроллер: offset=0, limit=20
2025-08-17 14:56:17 [INFO] [IDS_IPS_Logger] [EditorController] Загрузка правил: offset=0, limit=20
2025-08-17 14:56:17 [INFO] [IDS_IPS_Logger] [RuleModel] Получено 17 правил (offset=0, limit=20)
2025-08-17 14:56:17 [INFO] [IDS_IPS_Logger] [EditorController] Загружено правил: 17
2025-08-17 14:56:17 [INFO] [IDS_IPS_Logger] [RulesFetcherThread] Загрузка завершена, поток завершается.
2025-08-17 14:56:23 [INFO] [IDS_IPS_Logger] [ConstructorView] Выбран файл: /home/ubuntupc/file_constr.txt
2025-08-17 14:56:23 [INFO] [IDS_IPS_Logger] [FileLoaderThread] Загрузка файла: /home/ubuntupc/file_constr.txt
2025-08-17 14:56:23 [INFO] [IDS_IPS_Logger] [FileLoaderThread] Файл успешно загружен, строк: 172
2025-08-17 14:56:25 [INFO] [IDS_IPS_Logger] [ConstructorView] Загружено строк: 172
2025-08-17 14:56:27 [INFO] [IDS_IPS_Logger] [ConstructorView] Запуск парсинга: тип=Apache
2025-08-17 14:56:27 [INFO] [IDS_IPS_Logger] [LogParser] Парсинг Apache/Nginx логов, строк=172
2025-08-17 14:56:27 [INFO] [IDS_IPS_Logger] [LogParser] Получено 0 записей Apache/Nginx
2025-08-17 14:56:27 [INFO] [IDS_IPS_Logger] [LogParserThread] Парсинг завершён, записей: 0.
2025-08-17 14:56:27 [INFO] [IDS_IPS_Logger] [ConstructorView] Таблица логов сформирована: 0 записей
2025-08-17 14:56:35 [INFO] [IDS_IPS_Logger] [ConstructorView] Запуск парсинга: тип=Apache
2025-08-17 14:56:35 [INFO] [IDS_IPS_Logger] [LogParser] Парсинг Apache/Nginx логов, строк=172
2025-08-17 14:56:35 [INFO] [IDS_IPS_Logger] [LogParser] Получено 0 записей Apache/Nginx
2025-08-17 14:56:35 [INFO] [IDS_IPS_Logger] [LogParserThread] Парсинг завершён, записей: 0.
2025-08-17 14:56:35 [INFO] [IDS_IPS_Logger] [ConstructorView] Таблица логов сформирована: 0 записей
2025-08-17 14:56:41 [INFO] [IDS_IPS_Logger] [ConstructorView] Запуск парсинга: тип=Wordpress
2025-08-17 14:56:41 [INFO] [IDS_IPS_Logger] [LogParser] Парсинг WordPress логов, строк=172
2025-08-17 14:56:41 [INFO] [IDS_IPS_Logger] [LogParser] Получено 0 записей WordPress
2025-08-17 14:56:41 [INFO] [IDS_IPS_Logger] [LogParserThread] Парсинг завершён, записей: 0.
2025-08-17 14:56:41 [INFO] [IDS_IPS_Logger] [ConstructorView] Таблица логов сформирована: 0 записей
2025-08-17 14:56:44 [INFO] [IDS_IPS_Logger] [ConstructorView] Выбран файл: /home/ubuntupc/file_tab.txt
2025-08-17 14:56:44 [INFO] [IDS_IPS_Logger] [FileLoaderThread] Загрузка файла: /home/ubuntupc/file_tab.txt
2025-08-17 14:56:44 [INFO] [IDS_IPS_Logger] [FileLoaderThread] Файл успешно загружен, строк: 242
2025-08-17 14:56:45 [INFO] [IDS_IPS_Logger] [ConstructorView] Загружено строк: 242
2025-08-17 14:56:47 [INFO] [IDS_IPS_Logger] [ConstructorView] Запуск парсинга: тип=Wordpress
2025-08-17 14:56:47 [INFO] [IDS_IPS_Logger] [LogParser] Парсинг WordPress логов, строк=242
2025-08-17 14:56:47 [INFO] [IDS_IPS_Logger] [LogParser] Получено 0 записей WordPress
2025-08-17 14:56:47 [INFO] [IDS_IPS_Logger] [LogParserThread] Парсинг завершён, записей: 0.
2025-08-17 14:56:47 [INFO] [IDS_IPS_Logger] [ConstructorView] Таблица логов сформирована: 0 записей
2025-08-17 14:56:51 [INFO] [IDS_IPS_Logger] === Завершение работы приложения ===
2025-08-17 14:57:48 [INFO] [IDS_IPS_Logger] Логгер инициализирован. Логи пишутся в /home/ubuntupc/my-proj/progr/utils_app/../logs/app_2025-08-17.log
2025-08-17 14:57:49 [INFO] [IDS_IPS_Logger] === Запуск Программа Х ===
2025-08-17 14:57:49 [INFO] [IDS_IPS_Logger] [RulesFetcherThread] Получение правил через контроллер: offset=0, limit=20
2025-08-17 14:57:49 [INFO] [IDS_IPS_Logger] [EditorController] Загрузка правил: offset=0, limit=20
2025-08-17 14:57:49 [INFO] [IDS_IPS_Logger] [RuleModel] Получено 17 правил (offset=0, limit=20)
2025-08-17 14:57:49 [INFO] [IDS_IPS_Logger] [EditorController] Загружено правил: 17
2025-08-17 14:57:49 [INFO] [IDS_IPS_Logger] [RulesFetcherThread] Загрузка завершена, поток завершается.
2025-08-17 14:57:53 [INFO] [IDS_IPS_Logger] [ConstructorView] Выбран файл: /home/ubuntupc/file_tab.txt
2025-08-17 14:57:53 [INFO] [IDS_IPS_Logger] [FileLoaderThread] Загрузка файла: /home/ubuntupc/file_tab.txt
2025-08-17 14:57:53 [INFO] [IDS_IPS_Logger] [FileLoaderThread] Файл успешно загружен, строк: 242
2025-08-17 14:58:17 [INFO] [IDS_IPS_Logger] [ConstructorView] Загружено строк: 242
2025-08-17 14:58:28 [INFO] [IDS_IPS_Logger] [ConstructorView] Запуск парсинга: тип=Apache
2025-08-17 14:58:28 [INFO] [IDS_IPS_Logger] [LogParser] Парсинг Apache/Nginx логов, строк=242
2025-08-17 14:58:28 [INFO] [IDS_IPS_Logger] [LogParser] Получено 0 записей Apache/Nginx
2025-08-17 14:58:28 [INFO] [IDS_IPS_Logger] [LogParserThread] Парсинг завершён, записей: 0.
2025-08-17 14:58:28 [INFO] [IDS_IPS_Logger] [ConstructorController] Запуск создания таблицы логов
2025-08-17 14:58:28 [INFO] [IDS_IPS_Logger] [ConstructorView] Таблица логов сформирована: 0 записей
2025-08-17 14:58:52 [INFO] [IDS_IPS_Logger] === Завершение работы приложения ===
2025-08-17 15:07:31 [INFO] [IDS_IPS_Logger] Логгер инициализирован. Логи пишутся в /home/ubuntupc/my-proj/progr/utils_app/../logs/app_2025-08-17.log
2025-08-17 15:07:32 [INFO] [IDS_IPS_Logger] === Запуск Программа Х ===
2025-08-17 15:07:32 [INFO] [IDS_IPS_Logger] [RulesFetcherThread] Получение правил через контроллер: offset=0, limit=20
2025-08-17 15:07:32 [INFO] [IDS_IPS_Logger] [EditorController] Загрузка правил: offset=0, limit=20
2025-08-17 15:07:32 [INFO] [IDS_IPS_Logger] [RuleModel] Получено 17 правил (offset=0, limit=20)
2025-08-17 15:07:32 [INFO] [IDS_IPS_Logger] [EditorController] Загружено правил: 17
2025-08-17 15:07:32 [INFO] [IDS_IPS_Logger] [RulesFetcherThread] Загрузка завершена, поток завершается.
2025-08-17 15:07:49 [INFO] [IDS_IPS_Logger] [ExportView] Запрошен экспорт правил: system_type=IDS, file=/home/ubuntupc/Загрузки/рои
2025-08-17 15:07:49 [INFO] [IDS_IPS_Logger] [ExportRulesThread] Экспорт правил: system_type=ids, file=/home/ubuntupc/Загрузки/рои
2025-08-17 15:07:49 [INFO] [IDS_IPS_Logger] [ExportModel] Получение правил для ids (actions=('alert', 'log', 'pass', 'activate', 'dynamic'))
2025-08-17 15:07:49 [INFO] [IDS_IPS_Logger] [ExportModel] Получено 11 правил для ids
2025-08-17 15:07:49 [INFO] [IDS_IPS_Logger] [ExportRulesThread] Экспортировано 11 правил в /home/ubuntupc/Загрузки/рои
2025-08-17 15:08:23 [INFO] [IDS_IPS_Logger] === Завершение работы приложения ===
2025-08-17 15:11:21 [INFO] [Programm_X_Logger] Логгер инициализирован. Логи пишутся в /home/ubuntupc/my-proj/progr/utils_app/../logs/app_2025-08-17.log
2025-08-17 15:11:42 [INFO] [Programm_X_Logger] Логгер инициализирован. Логи пишутся в /home/ubuntupc/my-proj/progr/utils_app/../logs/app_2025-08-17.log
2025-08-17 15:11:43 [INFO] [Programm_X_Logger] === Запуск Программа Х ===
2025-08-17 15:11:43 [INFO] [Programm_X_Logger] [RulesFetcherThread] Получение правил через контроллер: offset=0, limit=20
2025-08-17 15:11:43 [INFO] [Programm_X_Logger] [EditorController] Загрузка правил: offset=0, limit=20
2025-08-17 15:11:43 [INFO] [Programm_X_Logger] [RuleModel] Получено 17 правил (offset=0, limit=20)
2025-08-17 15:11:43 [INFO] [Programm_X_Logger] [EditorController] Загружено правил: 17
2025-08-17 15:11:43 [INFO] [Programm_X_Logger] [RulesFetcherThread] Загрузка завершена, поток завершается.
2025-08-17 15:12:27 [INFO] [Programm_X_Logger] [ConstructorController] Попытка создания правила: {'rules_action': 'alert', 'rules_protocol': 'tcp', 'rules_ip_s': 'any', 'rules_port_s': 'any', 'rules_route': '<->', 'rules_ip_d': 'any', 'rules_port_d': 'any', 'rules_msg': 'any test', 'rules_content': 'any test', 'rules_sid': '1234', 'rules_rev': '2'}
2025-08-17 15:12:27 [INFO] [Programm_X_Logger] [RuleModel] Новое правило добавлено ID=19
2025-08-17 15:12:27 [INFO] [Programm_X_Logger] [ConstructorController] Новое правило создано: ID=19
2025-08-17 15:13:07 [INFO] [Programm_X_Logger] [MainWindow] Обновление данных во вкладке 'Редактор'
2025-08-17 15:13:07 [INFO] [Programm_X_Logger] [RulesFetcherThread] Получение правил через контроллер: offset=0, limit=20
2025-08-17 15:13:07 [INFO] [Programm_X_Logger] [EditorController] Загрузка правил: offset=0, limit=20
2025-08-17 15:13:07 [INFO] [Programm_X_Logger] [RuleModel] Получено 18 правил (offset=0, limit=20)
2025-08-17 15:13:07 [INFO] [Programm_X_Logger] [EditorController] Загружено правил: 18
2025-08-17 15:13:07 [INFO] [Programm_X_Logger] [RulesFetcherThread] Загрузка завершена, поток завершается.
2025-08-17 15:13:11 [INFO] [Programm_X_Logger] [EditorController] Получение данных правила ID=19
2025-08-17 15:13:11 [INFO] [Programm_X_Logger] [RuleModel] Получено правило ID=19
2025-08-17 15:13:19 [INFO] [Programm_X_Logger] === Завершение работы приложения ===
2025-08-17 15:23:59 [INFO] [Programm_X_Logger] Логгер инициализирован. Логи пишутся в /home/ubuntupc/my-proj/progr/utils_app/../logs/app_2025-08-17.log
2025-08-17 15:24:19 [INFO] [Programm_X_Logger] Логгер инициализирован. Логи пишутся в /home/ubuntupc/my-proj/progr/utils_app/../logs/app_2025-08-17.log
2025-08-17 15:25:20 [INFO] [Programm_X_Logger] Логгер инициализирован. Логи пишутся в /home/ubuntupc/my-proj/progr/utils_app/../logs/app_2025-08-17.log
2025-08-17 15:25:20 [INFO] [Programm_X_Logger] === Запуск Программа Х ===
2025-08-17 15:25:20 [INFO] [Programm_X_Logger] [RulesFetcherThread] Получение правил через контроллер: offset=0, limit=20
2025-08-17 15:25:20 [INFO] [Programm_X_Logger] [EditorController] Загрузка правил: offset=0, limit=20
2025-08-17 15:25:20 [INFO] [Programm_X_Logger] [RuleModel] Получено 18 правил (offset=0, limit=20)
2025-08-17 15:25:20 [INFO] [Programm_X_Logger] [EditorController] Загружено правил: 18
2025-08-17 15:25:20 [INFO] [Programm_X_Logger] [RulesFetcherThread] Загрузка завершена, поток завершается.
2025-08-17 15:25:49 [INFO] [Programm_X_Logger] [ExportView] Запрошен экспорт правил: system_type=IPS, file=/home/ubuntupc/Загрузки/jinoi
2025-08-17 15:25:49 [INFO] [Programm_X_Logger] [ExportRulesThread] Экспорт правил: system_type=ips, file=/home/ubuntupc/Загрузки/jinoi
2025-08-17 15:25:49 [INFO] [Programm_X_Logger] [ExportModel] Получение правил для ips (actions=('drop', 'reject', 'sdrop'))
2025-08-17 15:25:49 [INFO] [Programm_X_Logger] [ExportModel] Получено 6 правил для ips
2025-08-17 15:25:49 [INFO] [Programm_X_Logger] [ExportRulesThread] Экспортировано 6 правил в /home/ubuntupc/Загрузки/jinoi
2025-08-17 15:26:38 [INFO] [Programm_X_Logger] [ConstructorView] Выбран файл: /home/ubuntupc/file_constr.txt
2025-08-17 15:26:38 [INFO] [Programm_X_Logger] [FileLoaderThread] Загрузка файла: /home/ubuntupc/file_constr.txt
2025-08-17 15:26:38 [INFO] [Programm_X_Logger] [FileLoaderThread] Файл успешно загружен, строк: 172
2025-08-17 15:26:52 [INFO] [Programm_X_Logger] [ConstructorView] Загружено строк: 172
2025-08-17 15:26:54 [INFO] [Programm_X_Logger] [ConstructorView] Запуск парсинга: тип=Apache
2025-08-17 15:26:54 [INFO] [Programm_X_Logger] [LogParser] Парсинг Apache/Nginx логов, строк=172
2025-08-17 15:26:54 [INFO] [Programm_X_Logger] [LogParser] Получено 0 записей Apache/Nginx
2025-08-17 15:26:54 [INFO] [Programm_X_Logger] [LogParserThread] Парсинг завершён, записей: 0.
2025-08-17 15:26:54 [INFO] [Programm_X_Logger] [ConstructorController] Запуск создания таблицы логов
2025-08-17 15:26:54 [INFO] [Programm_X_Logger] [ConstructorView] Таблица логов сформирована: 0 записей
2025-08-17 15:29:55 [INFO] [Programm_X_Logger] Логгер инициализирован. Логи пишутся в /home/ubuntupc/my-proj/progr/utils_app/../logs/app_2025-08-17.log
2025-08-17 15:29:55 [INFO] [Programm_X_Logger] === Запуск Программа Х ===
2025-08-17 15:29:55 [INFO] [Programm_X_Logger] [RulesFetcherThread] Получение правил через контроллер: offset=0, limit=20
2025-08-17 15:29:55 [INFO] [Programm_X_Logger] [EditorController] Загрузка правил: offset=0, limit=20
2025-08-17 15:29:55 [INFO] [Programm_X_Logger] [RuleModel] Получено 18 правил (offset=0, limit=20)
2025-08-17 15:29:55 [INFO] [Programm_X_Logger] [EditorController] Загружено правил: 18
2025-08-17 15:29:55 [INFO] [Programm_X_Logger] [RulesFetcherThread] Загрузка завершена, поток завершается.
2025-08-17 15:30:04 [INFO] [Programm_X_Logger] [ConstructorView] Выбран файл: /home/ubuntupc/file_constr.txt
2025-08-17 15:30:04 [INFO] [Programm_X_Logger] [FileLoaderThread] Загрузка файла: /home/ubuntupc/file_constr.txt
2025-08-17 15:30:04 [INFO] [Programm_X_Logger] [FileLoaderThread] Файл успешно загружен, строк: 172
2025-08-17 15:30:05 [INFO] [Programm_X_Logger] [ConstructorView] Загружено строк: 172
2025-08-17 15:30:11 [INFO] [Programm_X_Logger] [ConstructorView] Запуск парсинга: тип=Bitrix
2025-08-17 15:30:11 [INFO] [Programm_X_Logger] [LogParserThread]  Запущен.
2025-08-17 15:30:11 [INFO] [Programm_X_Logger] [LogParser] Парсинг Bitrix логов, строк=172
2025-08-17 15:30:11 [INFO] [Programm_X_Logger] [LogParser] Получено 0 записей Bitrix
2025-08-17 15:30:11 [INFO] [Programm_X_Logger] [LogParserThread] Парсинг завершён, записей: 0.
2025-08-17 15:30:11 [INFO] [Programm_X_Logger] [ConstructorController] Запуск создания таблицы логов
2025-08-17 15:30:11 [INFO] [Programm_X_Logger] [ConstructorView] Таблица логов сформирована: 0 записей
2025-08-17 15:30:45 [INFO] [Programm_X_Logger] === Завершение работы приложения ===
2025-08-17 16:55:08 [INFO] [Programm_X_Logger] Логгер инициализирован. Логи пишутся в /home/ubuntupc/my-proj/progr/utils_app/../logs/app_2025-08-17.log
2025-08-17 16:55:09 [INFO] [Programm_X_Logger] === Запуск Программа Х ===
2025-08-17 16:55:10 [INFO] [Programm_X_Logger] [RulesFetcherThread] Получение правил через контроллер: offset=0, limit=20
2025-08-17 16:55:10 [INFO] [Programm_X_Logger] [EditorController] Загрузка правил: offset=0, limit=20
2025-08-17 16:55:10 [INFO] [Programm_X_Logger] [RuleModel] Получено 18 правил (offset=0, limit=20)
2025-08-17 16:55:10 [INFO] [Programm_X_Logger] [EditorController] Загружено правил: 18
2025-08-17 16:55:10 [INFO] [Programm_X_Logger] [RulesFetcherThread] Загрузка завершена, поток завершается.
2025-08-17 16:55:26 [INFO] [Programm_X_Logger] [ExportView] Запрошен экспорт правил: system_type=IDS, file=/home/ubuntupc/Загрузки/nkvjadf
2025-08-17 16:55:26 [INFO] [Programm_X_Logger] [ExportRulesThread] Экспорт правил: system_type=ids, file=/home/ubuntupc/Загрузки/nkvjadf
2025-08-17 16:55:26 [INFO] [Programm_X_Logger] [ExportModel] Получение правил для ids (actions=('alert', 'log', 'pass', 'activate', 'dynamic'))
2025-08-17 16:55:26 [INFO] [Programm_X_Logger] [ExportModel] Получено 12 правил для ids
2025-08-17 16:55:26 [INFO] [Programm_X_Logger] [ExportRulesThread] Экспортировано 12 правил в /home/ubuntupc/Загрузки/nkvjadf
2025-08-17 16:56:44 [INFO] [Programm_X_Logger] === Завершение работы приложения ===
2025-08-17 16:57:36 [INFO] [Programm_X_Logger] Логгер инициализирован. Логи пишутся в /home/ubuntupc/my-proj/progr/utils_app/../logs/app_2025-08-17.log
2025-08-17 16:57:37 [INFO] [Programm_X_Logger] === Запуск Программа Х ===
2025-08-17 16:57:37 [INFO] [Programm_X_Logger] [RulesFetcherThread] Получение правил через контроллер: offset=0, limit=20
2025-08-17 16:57:37 [INFO] [Programm_X_Logger] [EditorController] Загрузка правил: offset=0, limit=20
2025-08-17 16:57:37 [INFO] [Programm_X_Logger] [RuleModel] Получено 18 правил (offset=0, limit=20)
2025-08-17 16:57:37 [INFO] [Programm_X_Logger] [EditorController] Загружено правил: 18
2025-08-17 16:57:37 [INFO] [Programm_X_Logger] [RulesFetcherThread] Загрузка завершена, поток завершается.
2025-08-17 16:57:40 [INFO] [Programm_X_Logger] [EditorController] Получение данных правила ID=1
2025-08-17 16:57:40 [INFO] [Programm_X_Logger] [RuleModel] Получено правило ID=1
2025-08-17 16:57:56 [INFO] [Programm_X_Logger] [EditorController] Изменение правила ID=1: {'rules_action': 'alert', 'rules_protocol': 'tcp', 'rules_ip_s': '192.168.1.1', 'rules_port_s': '12', 'rules_route': '->', 'rules_ip_d': '123.12.12.2', 'rules_port_d': '45', 'rules_msg': 'new test 1', 'rules_content': 'test, wen', 'rules_sid': '44', 'rules_rev': '55'}
2025-08-17 16:57:58 [INFO] [Programm_X_Logger] [BatchSaverThread] Сохранение 1 правил...
2025-08-17 16:57:58 [DEBUG] [Programm_X_Logger] [BatchSaverThread] Сохранение правила ID=1: {'rules_action': 'alert', 'rules_protocol': 'tcp', 'rules_ip_s': '192.168.1.1', 'rules_port_s': '12', 'rules_route': '->', 'rules_ip_d': '123.12.12.2', 'rules_port_d': '45', 'rules_msg': 'new test 1', 'rules_content': 'test, wen', 'rules_sid': '44', 'rules_rev': '55'}
2025-08-17 16:57:58 [INFO] [Programm_X_Logger] [RuleModel] Правило ID=1 обновлено
2025-08-17 16:57:58 [INFO] [Programm_X_Logger] [BatchSaverThread] Сохранение завершено успешно.
2025-08-17 16:58:00 [INFO] [Programm_X_Logger] [RulesFetcherThread] Получение правил через контроллер: offset=0, limit=20
2025-08-17 16:58:00 [INFO] [Programm_X_Logger] [EditorController] Загрузка правил: offset=0, limit=20
2025-08-17 16:58:00 [INFO] [Programm_X_Logger] [RuleModel] Получено 18 правил (offset=0, limit=20)
2025-08-17 16:58:00 [INFO] [Programm_X_Logger] [EditorController] Загружено правил: 18
2025-08-17 16:58:00 [INFO] [Programm_X_Logger] [RulesFetcherThread] Загрузка завершена, поток завершается.
2025-08-17 16:58:03 [INFO] [Programm_X_Logger] [MainWindow] Обновление данных во вкладке 'Редактор'
2025-08-17 16:58:03 [INFO] [Programm_X_Logger] [RulesFetcherThread] Получение правил через контроллер: offset=0, limit=20
2025-08-17 16:58:03 [INFO] [Programm_X_Logger] [EditorController] Загрузка правил: offset=0, limit=20
2025-08-17 16:58:04 [INFO] [Programm_X_Logger] [RuleModel] Получено 18 правил (offset=0, limit=20)
2025-08-17 16:58:04 [INFO] [Programm_X_Logger] [EditorController] Загружено правил: 18
2025-08-17 16:58:04 [INFO] [Programm_X_Logger] [RulesFetcherThread] Загрузка завершена, поток завершается.
2025-08-17 16:58:12 [INFO] [Programm_X_Logger] [ExportView] Запрошен экспорт правил: system_type=IDS, file=/home/ubuntupc/Загрузки/ghj
2025-08-17 16:58:12 [INFO] [Programm_X_Logger] [ExportRulesThread] Экспорт правил: system_type=ids, file=/home/ubuntupc/Загрузки/ghj
2025-08-17 16:58:12 [INFO] [Programm_X_Logger] [ExportModel] Получение правил для ids (actions=('alert', 'log', 'pass', 'activate', 'dynamic'))
2025-08-17 16:58:12 [INFO] [Programm_X_Logger] [ExportModel] Получено 12 правил для ids
2025-08-17 16:58:12 [INFO] [Programm_X_Logger] [ExportRulesThread] Экспортировано 12 правил в /home/ubuntupc/Загрузки/ghj
2025-08-17 16:58:17 [INFO] [Programm_X_Logger] === Завершение работы приложения ===
2025-08-17 16:59:15 [INFO] [Programm_X_Logger] Логгер инициализирован. Логи пишутся в /home/ubuntupc/my-proj/progr/utils_app/../logs/app_2025-08-17.log
2025-08-17 17:00:17 [INFO] [Programm_X_Logger] Логгер инициализирован. Логи пишутся в /home/ubuntupc/my-proj/progr/utils_app/../logs/app_2025-08-17.log
2025-08-17 17:01:37 [INFO] [Programm_X_Logger] Логгер инициализирован. Логи пишутся в /home/ubuntupc/my-proj/progr/utils_app/../logs/app_2025-08-17.log
2025-08-17 17:04:31 [INFO] [Programm_X_Logger] Логгер инициализирован. Логи пишутся в /home/ubuntupc/my-proj/progr/utils_app/../logs/app_2025-08-17.log
2025-08-17 17:04:32 [INFO] [Programm_X_Logger] === Запуск Программа Х ===
2025-08-17 17:04:32 [INFO] [Programm_X_Logger] [RulesFetcherThread] Получение правил через контроллер: offset=0, limit=20
2025-08-17 17:04:32 [INFO] [Programm_X_Logger] [EditorController] Загрузка правил: offset=0, limit=20
2025-08-17 17:04:32 [INFO] [Programm_X_Logger] [RuleModel] Получено 18 правил (offset=0, limit=20)
2025-08-17 17:04:32 [INFO] [Programm_X_Logger] [EditorController] Загружено правил: 18
2025-08-17 17:04:32 [INFO] [Programm_X_Logger] [RulesFetcherThread] Загрузка завершена, поток завершается.
2025-08-17 17:04:46 [INFO] [Programm_X_Logger] [ExportView] Запрошен экспорт правил: system_type=IDS, file=/home/ubuntupc/Загрузки/vfgh
2025-08-17 17:04:46 [INFO] [Programm_X_Logger] [ExportRulesThread] Экспорт правил: system_type=ids, file=/home/ubuntupc/Загрузки/vfgh
2025-08-17 17:04:46 [INFO] [Programm_X_Logger] [ExportModel] Получение правил для ids (actions=('alert', 'log', 'pass', 'activate', 'dynamic'))
2025-08-17 17:04:46 [INFO] [Programm_X_Logger] [ExportModel] Получено 12 правил для ids
2025-08-17 17:04:46 [INFO] [Programm_X_Logger] [ExportRulesThread] Экспортировано 12 правил в /home/ubuntupc/Загрузки/vfgh
2025-08-17 17:04:52 [INFO] [Programm_X_Logger] === Завершение работы приложения ===
2025-08-17 18:01:25 [INFO] [Programm_X_Logger] Логгер инициализирован. Логи пишутся в /home/ubuntupc/my-proj/progr/utils_app/../logs/app_2025-08-17.log
2025-08-17 18:01:26 [INFO] [Programm_X_Logger] === Запуск Программа Х ===
2025-08-17 18:01:26 [INFO] [Programm_X_Logger] [RulesFetcherThread] Получение правил через контроллер: offset=0, limit=20
2025-08-17 18:01:26 [INFO] [Programm_X_Logger] [EditorController] Загрузка правил: offset=0, limit=20
2025-08-17 18:01:26 [INFO] [Programm_X_Logger] [RuleModel] Получено 18 правил (offset=0, limit=20)
2025-08-17 18:01:26 [INFO] [Programm_X_Logger] [EditorController] Загружено правил: 18
2025-08-17 18:01:26 [INFO] [Programm_X_Logger] [RulesFetcherThread] Загрузка завершена, поток завершается.
2025-08-17 18:01:40 [INFO] [Programm_X_Logger] [EditorController] Получение данных правила ID=2
2025-08-17 18:01:40 [INFO] [Programm_X_Logger] [RuleModel] Получено правило ID=2
2025-08-17 18:01:45 [INFO] [Programm_X_Logger] [EditorController] Получение данных правила ID=3
2025-08-17 18:01:45 [INFO] [Programm_X_Logger] [RuleModel] Получено правило ID=3
2025-08-17 18:01:49 [INFO] [Programm_X_Logger] [EditorController] Получение данных правила ID=4
2025-08-17 18:01:49 [INFO] [Programm_X_Logger] [RuleModel] Получено правило ID=4
2025-08-17 18:01:54 [INFO] [Programm_X_Logger] [EditorController] Получение данных правила ID=5
2025-08-17 18:01:54 [INFO] [Programm_X_Logger] [RuleModel] Получено правило ID=5
2025-08-17 18:01:59 [INFO] [Programm_X_Logger] [EditorController] Получение данных правила ID=6
2025-08-17 18:01:59 [INFO] [Programm_X_Logger] [RuleModel] Получено правило ID=6
2025-08-17 18:02:12 [INFO] [Programm_X_Logger] [EditorController] Изменение правила ID=6: {'rules_action': 'drop', 'rules_protocol': 'udp', 'rules_ip_s': '192.168.0.0', 'rules_port_s': '53', 'rules_route': '->', 'rules_ip_d': '8.8.8.8', 'rules_port_d': '53', 'rules_msg': 'Dns test', 'rules_content': 'dns, test', 'rules_sid': '789', 'rules_rev': '5'}
2025-08-17 18:02:15 [INFO] [Programm_X_Logger] [EditorController] Получение данных правила ID=7
2025-08-17 18:02:15 [INFO] [Programm_X_Logger] [RuleModel] Получено правило ID=7
2025-08-17 18:02:24 [INFO] [Programm_X_Logger] [EditorController] Изменение правила ID=7: {'rules_action': 'drop', 'rules_protocol': 'tcp', 'rules_ip_s': '15.15.15.15', 'rules_port_s': '15', 'rules_route': '->', 'rules_ip_d': '192.16.2.2', 'rules_port_d': '12', 'rules_msg': 'output test', 'rules_content': 'test', 'rules_sid': '12', 'rules_rev': '1'}
2025-08-17 18:02:27 [INFO] [Programm_X_Logger] [EditorController] Получение данных правила ID=8
2025-08-17 18:02:27 [INFO] [Programm_X_Logger] [RuleModel] Получено правило ID=8
2025-08-17 18:02:41 [INFO] [Programm_X_Logger] [EditorController] Изменение правила ID=8: {'rules_action': 'alert', 'rules_protocol': 'tcp', 'rules_ip_s': 'any', 'rules_port_s': '53', 'rules_route': '<-', 'rules_ip_d': '7.7.7.7', 'rules_port_d': '53', 'rules_msg': 'Test DNS req, req', 'rules_content': 'TEST, request', 'rules_sid': '4004', 'rules_rev': '1'}
2025-08-17 18:02:43 [INFO] [Programm_X_Logger] [EditorController] Получение данных правила ID=10
2025-08-17 18:02:43 [INFO] [Programm_X_Logger] [RuleModel] Получено правило ID=10
2025-08-17 18:02:48 [INFO] [Programm_X_Logger] [EditorController] Получение данных правила ID=11
2025-08-17 18:02:48 [INFO] [Programm_X_Logger] [RuleModel] Получено правило ID=11
2025-08-17 18:03:00 [INFO] [Programm_X_Logger] [EditorController] Изменение правила ID=11: {'rules_action': 'alert', 'rules_protocol': 'udp', 'rules_ip_s': '54.64.46.54', 'rules_port_s': '5616', 'rules_route': '<->', 'rules_ip_d': '45.44.45.4', 'rules_port_d': '561', 'rules_msg': 'mn dkjfdk', 'rules_content': 'dnf, qd, test', 'rules_sid': '77', 'rules_rev': '88'}
2025-08-17 18:03:02 [INFO] [Programm_X_Logger] [EditorController] Получение данных правила ID=12
2025-08-17 18:03:02 [INFO] [Programm_X_Logger] [RuleModel] Получено правило ID=12
2025-08-17 18:03:08 [INFO] [Programm_X_Logger] [EditorController] Изменение правила ID=12: {'rules_action': 'alert', 'rules_protocol': 'tcp', 'rules_ip_s': '192.168.0.0', 'rules_port_s': '53', 'rules_route': '->', 'rules_ip_d': '7.7.7.7', 'rules_port_d': '53', 'rules_msg': 'New dns req test rule', 'rules_content': 'dns. req', 'rules_sid': '1202', 'rules_rev': '1'}
2025-08-17 18:03:10 [INFO] [Programm_X_Logger] [EditorController] Получение данных правила ID=13
2025-08-17 18:03:10 [INFO] [Programm_X_Logger] [RuleModel] Получено правило ID=13
2025-08-17 18:03:14 [INFO] [Programm_X_Logger] [EditorController] Получение данных правила ID=14
2025-08-17 18:03:14 [INFO] [Programm_X_Logger] [RuleModel] Получено правило ID=14
2025-08-17 18:03:18 [INFO] [Programm_X_Logger] [EditorController] Получение данных правила ID=15
2025-08-17 18:03:18 [INFO] [Programm_X_Logger] [RuleModel] Получено правило ID=15
2025-08-17 18:03:26 [INFO] [Programm_X_Logger] [EditorController] Изменение правила ID=15: {'rules_action': 'drop', 'rules_protocol': 'tcp', 'rules_ip_s': 'any', 'rules_port_s': 'any', 'rules_route': '->', 'rules_ip_d': 'any', 'rules_port_d': 'any', 'rules_msg': 'Tets reu with any', 'rules_content': 'test, rule, any', 'rules_sid': '1001', 'rules_rev': '1'}
2025-08-17 18:03:29 [INFO] [Programm_X_Logger] [EditorController] Получение данных правила ID=16
2025-08-17 18:03:29 [INFO] [Programm_X_Logger] [RuleModel] Получено правило ID=16
2025-08-17 18:03:32 [INFO] [Programm_X_Logger] [EditorController] Получение данных правила ID=17
2025-08-17 18:03:32 [INFO] [Programm_X_Logger] [RuleModel] Получено правило ID=17
2025-08-17 18:03:42 [INFO] [Programm_X_Logger] [EditorController] Изменение правила ID=17: {'rules_action': 'alert', 'rules_protocol': 'tcp', 'rules_ip_s': 'any', 'rules_port_s': 'any', 'rules_route': '->', 'rules_ip_d': '192.168.1.1', 'rules_port_d': 'any', 'rules_msg': 'New dis', 'rules_content': 'new, rule, dis, test', 'rules_sid': '123', 'rules_rev': '1'}
2025-08-17 18:03:44 [INFO] [Programm_X_Logger] [EditorController] Получение данных правила ID=18
2025-08-17 18:03:44 [INFO] [Programm_X_Logger] [RuleModel] Получено правило ID=18
2025-08-17 18:03:53 [INFO] [Programm_X_Logger] [EditorController] Изменение правила ID=18: {'rules_action': 'drop', 'rules_protocol': 'udp', 'rules_ip_s': 'any', 'rules_port_s': 'any', 'rules_route': '<->', 'rules_ip_d': 'any', 'rules_port_d': 'any', 'rules_msg': 'test test test tes test tset st ts st stts', 'rules_content': 'vvvvvvvvvvvvvvv, vvvvvvvvvvvvvvvvvvv, gggggggggggggg', 'rules_sid': '12', 'rules_rev': '1'}
2025-08-17 18:03:56 [INFO] [Programm_X_Logger] [EditorController] Получение данных правила ID=19
2025-08-17 18:03:56 [INFO] [Programm_X_Logger] [RuleModel] Получено правило ID=19
2025-08-17 18:04:02 [INFO] [Programm_X_Logger] [EditorController] Изменение правила ID=19: {'rules_action': 'alert', 'rules_protocol': 'tcp', 'rules_ip_s': 'any', 'rules_port_s': 'any', 'rules_route': '<->', 'rules_ip_d': 'any', 'rules_port_d': 'any', 'rules_msg': 'any test', 'rules_content': 'any, test', 'rules_sid': '1234', 'rules_rev': '2'}
2025-08-17 18:04:05 [INFO] [Programm_X_Logger] [BatchSaverThread] Сохранение 9 правил...
2025-08-17 18:04:05 [DEBUG] [Programm_X_Logger] [BatchSaverThread] Сохранение правила ID=6: {'rules_action': 'drop', 'rules_protocol': 'udp', 'rules_ip_s': '192.168.0.0', 'rules_port_s': '53', 'rules_route': '->', 'rules_ip_d': '8.8.8.8', 'rules_port_d': '53', 'rules_msg': 'Dns test', 'rules_content': 'dns, test', 'rules_sid': '789', 'rules_rev': '5'}
2025-08-17 18:04:05 [INFO] [Programm_X_Logger] [RuleModel] Правило ID=6 обновлено
2025-08-17 18:04:05 [DEBUG] [Programm_X_Logger] [BatchSaverThread] Сохранение правила ID=7: {'rules_action': 'drop', 'rules_protocol': 'tcp', 'rules_ip_s': '15.15.15.15', 'rules_port_s': '15', 'rules_route': '->', 'rules_ip_d': '192.16.2.2', 'rules_port_d': '12', 'rules_msg': 'output test', 'rules_content': 'test', 'rules_sid': '12', 'rules_rev': '1'}
2025-08-17 18:04:05 [INFO] [Programm_X_Logger] [RuleModel] Правило ID=7 обновлено
2025-08-17 18:04:05 [DEBUG] [Programm_X_Logger] [BatchSaverThread] Сохранение правила ID=8: {'rules_action': 'alert', 'rules_protocol': 'tcp', 'rules_ip_s': 'any', 'rules_port_s': '53', 'rules_route': '<-', 'rules_ip_d': '7.7.7.7', 'rules_port_d': '53', 'rules_msg': 'Test DNS req, req', 'rules_content': 'TEST, request', 'rules_sid': '4004', 'rules_rev': '1'}
2025-08-17 18:04:05 [INFO] [Programm_X_Logger] [RuleModel] Правило ID=8 обновлено
2025-08-17 18:04:05 [DEBUG] [Programm_X_Logger] [BatchSaverThread] Сохранение правила ID=11: {'rules_action': 'alert', 'rules_protocol': 'udp', 'rules_ip_s': '54.64.46.54', 'rules_port_s': '5616', 'rules_route': '<->', 'rules_ip_d': '45.44.45.4', 'rules_port_d': '561', 'rules_msg': 'mn dkjfdk', 'rules_content': 'dnf, qd, test', 'rules_sid': '77', 'rules_rev': '88'}
2025-08-17 18:04:05 [INFO] [Programm_X_Logger] [RuleModel] Правило ID=11 обновлено
2025-08-17 18:04:05 [DEBUG] [Programm_X_Logger] [BatchSaverThread] Сохранение правила ID=12: {'rules_action': 'alert', 'rules_protocol': 'tcp', 'rules_ip_s': '192.168.0.0', 'rules_port_s': '53', 'rules_route': '->', 'rules_ip_d': '7.7.7.7', 'rules_port_d': '53', 'rules_msg': 'New dns req test rule', 'rules_content': 'dns. req', 'rules_sid': '1202', 'rules_rev': '1'}
2025-08-17 18:04:05 [INFO] [Programm_X_Logger] [RuleModel] Правило ID=12 обновлено
2025-08-17 18:04:05 [DEBUG] [Programm_X_Logger] [BatchSaverThread] Сохранение правила ID=15: {'rules_action': 'drop', 'rules_protocol': 'tcp', 'rules_ip_s': 'any', 'rules_port_s': 'any', 'rules_route': '->', 'rules_ip_d': 'any', 'rules_port_d': 'any', 'rules_msg': 'Tets reu with any', 'rules_content': 'test, rule, any', 'rules_sid': '1001', 'rules_rev': '1'}
2025-08-17 18:04:05 [INFO] [Programm_X_Logger] [RuleModel] Правило ID=15 обновлено
2025-08-17 18:04:05 [DEBUG] [Programm_X_Logger] [BatchSaverThread] Сохранение правила ID=17: {'rules_action': 'alert', 'rules_protocol': 'tcp', 'rules_ip_s': 'any', 'rules_port_s': 'any', 'rules_route': '->', 'rules_ip_d': '192.168.1.1', 'rules_port_d': 'any', 'rules_msg': 'New dis', 'rules_content': 'new, rule, dis, test', 'rules_sid': '123', 'rules_rev': '1'}
2025-08-17 18:04:05 [INFO] [Programm_X_Logger] [RuleModel] Правило ID=17 обновлено
2025-08-17 18:04:05 [DEBUG] [Programm_X_Logger] [BatchSaverThread] Сохранение правила ID=18: {'rules_action': 'drop', 'rules_protocol': 'udp', 'rules_ip_s': 'any', 'rules_port_s': 'any', 'rules_route': '<->', 'rules_ip_d': 'any', 'rules_port_d': 'any', 'rules_msg': 'test test test tes test tset st ts st stts', 'rules_content': 'vvvvvvvvvvvvvvv, vvvvvvvvvvvvvvvvvvv, gggggggggggggg', 'rules_sid': '12', 'rules_rev': '1'}
2025-08-17 18:04:06 [INFO] [Programm_X_Logger] [RuleModel] Правило ID=18 обновлено
2025-08-17 18:04:06 [DEBUG] [Programm_X_Logger] [BatchSaverThread] Сохранение правила ID=19: {'rules_action': 'alert', 'rules_protocol': 'tcp', 'rules_ip_s': 'any', 'rules_port_s': 'any', 'rules_route': '<->', 'rules_ip_d': 'any', 'rules_port_d': 'any', 'rules_msg': 'any test', 'rules_content': 'any, test', 'rules_sid': '1234', 'rules_rev': '2'}
2025-08-17 18:04:06 [INFO] [Programm_X_Logger] [RuleModel] Правило ID=19 обновлено
2025-08-17 18:04:06 [INFO] [Programm_X_Logger] [BatchSaverThread] Сохранение завершено успешно.
2025-08-17 18:04:09 [INFO] [Programm_X_Logger] [RulesFetcherThread] Получение правил через контроллер: offset=0, limit=20
2025-08-17 18:04:09 [INFO] [Programm_X_Logger] [EditorController] Загрузка правил: offset=0, limit=20
2025-08-17 18:04:09 [INFO] [Programm_X_Logger] [RuleModel] Получено 18 правил (offset=0, limit=20)
2025-08-17 18:04:09 [INFO] [Programm_X_Logger] [EditorController] Загружено правил: 18
2025-08-17 18:04:09 [INFO] [Programm_X_Logger] [RulesFetcherThread] Загрузка завершена, поток завершается.
2025-08-17 18:04:11 [INFO] [Programm_X_Logger] [MainWindow] Обновление данных во вкладке 'Редактор'
2025-08-17 18:04:11 [INFO] [Programm_X_Logger] [RulesFetcherThread] Получение правил через контроллер: offset=0, limit=20
2025-08-17 18:04:11 [INFO] [Programm_X_Logger] [EditorController] Загрузка правил: offset=0, limit=20
2025-08-17 18:04:11 [INFO] [Programm_X_Logger] [RuleModel] Получено 18 правил (offset=0, limit=20)
2025-08-17 18:04:11 [INFO] [Programm_X_Logger] [EditorController] Загружено правил: 18
2025-08-17 18:04:11 [INFO] [Programm_X_Logger] [RulesFetcherThread] Загрузка завершена, поток завершается.
2025-08-17 18:04:21 [INFO] [Programm_X_Logger] [ExportView] Запрошен экспорт: system=IPS, path=/home/ubuntupc/Загрузки/gh
2025-08-17 18:04:21 [INFO] [Programm_X_Logger] [ExportController] export_rules_async: type=IPS, path=/home/ubuntupc/Загрузки/gh
2025-08-17 18:04:22 [INFO] [Programm_X_Logger] [ExportRulesThread] Экспорт правил: system_type=ips, file=/home/ubuntupc/Загрузки/gh
2025-08-17 18:04:22 [INFO] [Programm_X_Logger] [ExportModel] Получение правил для ips (actions=('drop', 'reject', 'sdrop'))
2025-08-17 18:04:22 [INFO] [Programm_X_Logger] [ExportModel] Получено 6 правил для ips
2025-08-17 18:04:22 [INFO] [Programm_X_Logger] [ExportRulesThread] Экспортировано 6 правил в /home/ubuntupc/Загрузки/gh
2025-08-17 18:04:22 [INFO] [Programm_X_Logger] [ExportController] Экспорт завершён: Экспортировано 6 правил в /home/ubuntupc/Загрузки/gh
2025-08-17 18:04:43 [INFO] [Programm_X_Logger] === Завершение работы приложения ===
2025-08-17 18:09:30 [INFO] [Programm_X_Logger] Логгер инициализирован. Логи пишутся в /home/ubuntupc/my-proj/progr/utils_app/../logs/app_2025-08-17.log
2025-08-17 18:23:03 [INFO] [Programm_X_Logger] Логгер инициализирован. Логи пишутся в /home/ubuntupc/my-proj/progr/utils_app/../logs/app_2025-08-17.log
2025-08-17 18:23:03 [INFO] [Programm_X_Logger] === Запуск Программа Х ===
2025-08-17 18:23:03 [INFO] [Programm_X_Logger] [RulesFetcherThread] Получение правил через контроллер: offset=0, limit=20
2025-08-17 18:23:03 [INFO] [Programm_X_Logger] [EditorController] Загрузка правил: offset=0, limit=20
2025-08-17 18:23:03 [INFO] [Programm_X_Logger] [RuleModel] Получено 18 правил (offset=0, limit=20)
2025-08-17 18:23:03 [INFO] [Programm_X_Logger] [EditorController] Загружено правил: 18
2025-08-17 18:23:03 [INFO] [Programm_X_Logger] [RulesFetcherThread] Загрузка завершена, поток завершается.
2025-08-17 18:24:47 [INFO] [Programm_X_Logger] [ConstructorController] Попытка создания правила: {'rules_action': 'pass', 'rules_protocol': 'tcp', 'rules_ip_s': 'any', 'rules_port_s': 'any', 'rules_route': '->', 'rules_ip_d': 'any', 'rules_port_d': 'any', 'rules_msg': 'pass rule', 'rules_content': 're, je, ct, ru, le', 'rules_sid': '12', 'rules_rev': '1'}
2025-08-17 18:24:47 [INFO] [Programm_X_Logger] [RuleModel] Новое правило добавлено ID=20
2025-08-17 18:24:47 [INFO] [Programm_X_Logger] [ConstructorController] Новое правило создано: ID=20
2025-08-17 18:24:59 [INFO] [Programm_X_Logger] [ConstructorView] Правило успешно создано (ID: 20)
2025-08-17 18:29:56 [INFO] [Programm_X_Logger] === Завершение работы приложения ===
2025-08-17 20:30:56 [INFO] [Programm_X_Logger] Логгер инициализирован. Логи пишутся в /home/ubuntupc/my-proj/progr/utils_app/../logs/app_2025-08-17.log
2025-08-17 20:32:06 [INFO] [Programm_X_Logger] Логгер инициализирован. Логи пишутся в /home/ubuntupc/my-proj/progr/utils_app/../logs/app_2025-08-17.log
2025-08-17 20:32:06 [INFO] [Programm_X_Logger] === Запуск Программа Х ===
2025-08-17 20:32:07 [INFO] [Programm_X_Logger] [RulesFetcherThread] Получение правил через контроллер: offset=0, limit=20
2025-08-17 20:32:07 [INFO] [Programm_X_Logger] [EditorController] Загрузка правил: offset=0, limit=20
2025-08-17 20:32:07 [INFO] [Programm_X_Logger] [RuleModel] Получено 19 правил (offset=0, limit=20)
2025-08-17 20:32:07 [INFO] [Programm_X_Logger] [EditorController] Загружено правил: 19
2025-08-17 20:32:07 [INFO] [Programm_X_Logger] [RulesFetcherThread] Загрузка завершена, поток завершается.
2025-08-17 20:32:23 [INFO] [Programm_X_Logger] [ConstructorController] start_file_load: /home/ubuntupc/file_constr.txt
2025-08-17 20:32:23 [INFO] [Programm_X_Logger] [FileLoaderThread] Загрузка файла: /home/ubuntupc/file_constr.txt
2025-08-17 20:32:23 [INFO] [Programm_X_Logger] [FileLoaderThread] Файл успешно загружен, строк: 172
2025-08-17 20:32:23 [INFO] [Programm_X_Logger] [ConstructorController] Файл загружен, строк: 172
2025-08-17 20:32:53 [INFO] [Programm_X_Logger] [ConstructorController] start_log_parse: type=apache, lines=172
2025-08-17 20:32:53 [INFO] [Programm_X_Logger] [LogParserThread]  Запущен.
2025-08-17 20:32:53 [INFO] [Programm_X_Logger] [LogParser] Парсинг Apache/Nginx логов, строк=172
2025-08-17 20:32:53 [INFO] [Programm_X_Logger] [LogParser] Получено 0 записей Apache/Nginx
2025-08-17 20:32:53 [INFO] [Programm_X_Logger] [LogParserThread] Парсинг завершён, записей: 0.
2025-08-17 20:32:53 [INFO] [Programm_X_Logger] [ConstructorController] Парсинг закончен, записей: 0
2025-08-17 20:34:26 [INFO] [Programm_X_Logger] Логгер инициализирован. Логи пишутся в /home/ubuntupc/my-proj/progr/utils_app/../logs/app_2025-08-17.log
2025-08-17 20:34:27 [INFO] [Programm_X_Logger] === Запуск Программа Х ===
2025-08-17 20:34:27 [INFO] [Programm_X_Logger] [RulesFetcherThread] Получение правил через контроллер: offset=0, limit=20
2025-08-17 20:34:27 [INFO] [Programm_X_Logger] [EditorController] Загрузка правил: offset=0, limit=20
2025-08-17 20:34:27 [INFO] [Programm_X_Logger] [RuleModel] Получено 19 правил (offset=0, limit=20)
2025-08-17 20:34:27 [INFO] [Programm_X_Logger] [EditorController] Загружено правил: 19
2025-08-17 20:34:27 [INFO] [Programm_X_Logger] [RulesFetcherThread] Загрузка завершена, поток завершается.
2025-08-17 20:35:13 [INFO] [Programm_X_Logger] === Завершение работы приложения ===
