2025-10-16 23:13:38 [INFO] [Programm_X_Logger] Логгер инициализирован. Логи пишутся в /home/ubuntupc/my-proj/progr/utils_app/../logs/app_2025-10-16.log
2025-10-16 23:13:39 [INFO] [Programm_X_Logger] === Запуск Программа Х ===
2025-10-16 23:13:39 [INFO] [Programm_X_Logger] [RulesFetcherThread] Получение правил через контроллер: offset=0, limit=20
2025-10-16 23:13:39 [INFO] [Programm_X_Logger] [EditorController] Загрузка правил: offset=0, limit=20
2025-10-16 23:13:39 [INFO] [Programm_X_Logger] [RuleModel] Получено 20 правил (offset=0, limit=20)
2025-10-16 23:13:39 [INFO] [Programm_X_Logger] [EditorController] Загружено правил: 20
2025-10-16 23:13:39 [INFO] [Programm_X_Logger] [RulesFetcherThread] Загрузка завершена, поток завершается.
2025-10-16 23:13:46 [INFO] [Programm_X_Logger] [ConstructorView] Выбран файл: /home/ubuntupc/my-proj/nginx.txt
2025-10-16 23:13:46 [INFO] [Programm_X_Logger] [FileLoaderThread] Загрузка файла: /home/ubuntupc/my-proj/nginx.txt
2025-10-16 23:13:46 [INFO] [Programm_X_Logger] [FileLoaderThread] Файл успешно загружен, строк: 60
2025-10-16 23:13:47 [INFO] [Programm_X_Logger] [ConstructorView] Загружено строк: 60
2025-10-16 23:13:50 [INFO] [Programm_X_Logger] [ConstructorController] start_log_parse: type=Nginx, lines=60
2025-10-16 23:13:50 [INFO] [Programm_X_Logger] [LogParserThread] Запуск парсинга: type=Nginx, lines=60
2025-10-16 23:13:50 [INFO] [Programm_X_Logger] [LogParser] Парсинг Apache/Nginx логов, строк=60
2025-10-16 23:13:50 [INFO] [Programm_X_Logger] [LogParser] Получено 58 записей Apache/Nginx
2025-10-16 23:13:50 [INFO] [Programm_X_Logger] [LogParserThread] Парсинг завершён, поток завершается.
2025-10-16 23:13:50 [INFO] [Programm_X_Logger] [ConstructorController] Парсинг завершён, записей: 58
2025-10-16 23:13:50 [INFO] [Programm_X_Logger] [ConstructorController] Создана LogsTableModel: rows=58, cols=13
2025-10-16 23:14:22 [INFO] [Programm_X_Logger] [ConstructorView] Выбран файл: /home/ubuntupc/my-proj/bitrix.txt
2025-10-16 23:14:22 [INFO] [Programm_X_Logger] [FileLoaderThread] Загрузка файла: /home/ubuntupc/my-proj/bitrix.txt
2025-10-16 23:14:22 [INFO] [Programm_X_Logger] [FileLoaderThread] Файл успешно загружен, строк: 64
2025-10-16 23:14:23 [INFO] [Programm_X_Logger] [ConstructorView] Загружено строк: 64
2025-10-16 23:14:24 [INFO] [Programm_X_Logger] [ConstructorController] start_log_parse: type=Nginx, lines=64
2025-10-16 23:14:24 [INFO] [Programm_X_Logger] [LogParserThread] Запуск парсинга: type=Nginx, lines=64
2025-10-16 23:14:24 [INFO] [Programm_X_Logger] [LogParser] Парсинг Apache/Nginx логов, строк=64
2025-10-16 23:14:24 [INFO] [Programm_X_Logger] [LogParser] Получено 0 записей Apache/Nginx
2025-10-16 23:14:24 [INFO] [Programm_X_Logger] [LogParserThread] Парсинг завершён, поток завершается.
2025-10-16 23:14:24 [INFO] [Programm_X_Logger] [ConstructorController] Парсинг завершён, записей: 0
2025-10-16 23:14:24 [INFO] [Programm_X_Logger] [ConstructorController] Создана LogsTableModel: rows=58, cols=13
2025-10-16 23:14:34 [INFO] [Programm_X_Logger] [ConstructorController] start_log_parse: type=Nginx, lines=64
2025-10-16 23:14:34 [INFO] [Programm_X_Logger] [LogParserThread] Запуск парсинга: type=Nginx, lines=64
2025-10-16 23:14:34 [INFO] [Programm_X_Logger] [LogParser] Парсинг Apache/Nginx логов, строк=64
2025-10-16 23:14:34 [INFO] [Programm_X_Logger] [LogParser] Получено 0 записей Apache/Nginx
2025-10-16 23:14:34 [INFO] [Programm_X_Logger] [LogParserThread] Парсинг завершён, поток завершается.
2025-10-16 23:14:34 [INFO] [Programm_X_Logger] [ConstructorController] Парсинг завершён, записей: 0
2025-10-16 23:14:34 [INFO] [Programm_X_Logger] [ConstructorController] Создана LogsTableModel: rows=0, cols=13
2025-10-16 23:14:56 [INFO] [Programm_X_Logger] [ConstructorView] Выбран файл: /home/ubuntupc/my-proj/bitrix.txt
2025-10-16 23:14:56 [INFO] [Programm_X_Logger] [FileLoaderThread] Загрузка файла: /home/ubuntupc/my-proj/bitrix.txt
2025-10-16 23:14:56 [INFO] [Programm_X_Logger] [FileLoaderThread] Файл успешно загружен, строк: 64
2025-10-16 23:14:57 [INFO] [Programm_X_Logger] [ConstructorView] Загружено строк: 64
2025-10-16 23:15:21 [INFO] [Programm_X_Logger] [ConstructorController] start_log_parse: type=Bitrix, lines=64
2025-10-16 23:15:21 [INFO] [Programm_X_Logger] [LogParserThread] Запуск парсинга: type=Bitrix, lines=64
2025-10-16 23:15:21 [ERROR] [Programm_X_Logger] [LogParserThread] Ошибка парсинга: 'LogParser' object has no attribute 'parse_bitrix'
Traceback (most recent call last):
  File "/home/ubuntupc/my-proj/progr/threads/log_parser_thread.py", line 36, in run
    df = parser.parse_bitrix(self.log_lines)
         ^^^^^^^^^^^^^^^^^^^
AttributeError: 'LogParser' object has no attribute 'parse_bitrix'
2025-10-16 23:15:21 [ERROR] [Programm_X_Logger] [ConstructorController] Ошибка парсинга: Ошибка парсинга: 'LogParser' object has no attribute 'parse_bitrix'
2025-10-16 23:15:40 [INFO] [Programm_X_Logger] === Завершение работы приложения ===
2025-10-16 23:16:49 [INFO] [Programm_X_Logger] Логгер инициализирован. Логи пишутся в /home/ubuntupc/my-proj/progr/utils_app/../logs/app_2025-10-16.log
2025-10-16 23:16:50 [INFO] [Programm_X_Logger] === Запуск Программа Х ===
2025-10-16 23:16:50 [INFO] [Programm_X_Logger] [RulesFetcherThread] Получение правил через контроллер: offset=0, limit=20
2025-10-16 23:16:50 [INFO] [Programm_X_Logger] [EditorController] Загрузка правил: offset=0, limit=20
2025-10-16 23:16:50 [INFO] [Programm_X_Logger] [RuleModel] Получено 20 правил (offset=0, limit=20)
2025-10-16 23:16:50 [INFO] [Programm_X_Logger] [EditorController] Загружено правил: 20
2025-10-16 23:16:50 [INFO] [Programm_X_Logger] [RulesFetcherThread] Загрузка завершена, поток завершается.
2025-10-16 23:16:53 [INFO] [Programm_X_Logger] [ConstructorView] Выбран файл: /home/ubuntupc/my-proj/bitrix.txt
2025-10-16 23:16:53 [INFO] [Programm_X_Logger] [FileLoaderThread] Загрузка файла: /home/ubuntupc/my-proj/bitrix.txt
2025-10-16 23:16:53 [INFO] [Programm_X_Logger] [FileLoaderThread] Файл успешно загружен, строк: 64
2025-10-16 23:16:54 [INFO] [Programm_X_Logger] [ConstructorView] Загружено строк: 64
2025-10-16 23:16:57 [INFO] [Programm_X_Logger] [ConstructorController] start_log_parse: type=Bitrix, lines=64
2025-10-16 23:16:57 [INFO] [Programm_X_Logger] [LogParserThread] Запуск парсинга: type=Bitrix, lines=64
2025-10-16 23:16:57 [INFO] [Programm_X_Logger] [LogParserThread] Парсинг завершён, поток завершается.
2025-10-16 23:16:57 [INFO] [Programm_X_Logger] [ConstructorController] Парсинг завершён, записей: 0
2025-10-16 23:16:57 [INFO] [Programm_X_Logger] [ConstructorController] Создана LogsTableModel: rows=0, cols=13
2025-10-16 23:17:09 [INFO] [Programm_X_Logger] === Завершение работы приложения ===
2025-10-16 23:49:43 [INFO] [Programm_X_Logger] Логгер инициализирован. Логи пишутся в /home/ubuntupc/my-proj/progr/utils_app/../logs/app_2025-10-16.log
2025-10-16 23:50:08 [INFO] [Programm_X_Logger] Логгер инициализирован. Логи пишутся в /home/ubuntupc/my-proj/progr/utils_app/../logs/app_2025-10-16.log
2025-10-16 23:50:33 [INFO] [Programm_X_Logger] Логгер инициализирован. Логи пишутся в /home/ubuntupc/my-proj/progr/utils_app/../logs/app_2025-10-16.log
2025-10-16 23:51:37 [INFO] [Programm_X_Logger] Логгер инициализирован. Логи пишутся в /home/ubuntupc/my-proj/progr/utils_app/../logs/app_2025-10-16.log
2025-10-16 23:51:38 [INFO] [Programm_X_Logger] === Запуск Программа Х ===
2025-10-16 23:51:38 [INFO] [Programm_X_Logger] [RulesFetcherThread] Получение правил через контроллер: offset=0, limit=20
2025-10-16 23:51:38 [INFO] [Programm_X_Logger] [EditorController] Загрузка правил: offset=0, limit=20
2025-10-16 23:51:38 [INFO] [Programm_X_Logger] [RuleModel] Получено 20 правил (offset=0, limit=20)
2025-10-16 23:51:38 [INFO] [Programm_X_Logger] [EditorController] Загружено правил: 20
2025-10-16 23:51:38 [INFO] [Programm_X_Logger] [RulesFetcherThread] Загрузка завершена, поток завершается.
2025-10-16 23:51:43 [INFO] [Programm_X_Logger] [ConstructorView] Выбран файл: /home/ubuntupc/my-proj/bitrix.txt
2025-10-16 23:51:43 [INFO] [Programm_X_Logger] [FileLoaderThread] Загрузка файла: /home/ubuntupc/my-proj/bitrix.txt
2025-10-16 23:51:43 [INFO] [Programm_X_Logger] [FileLoaderThread] Файл успешно загружен, строк: 64
2025-10-16 23:51:44 [INFO] [Programm_X_Logger] [ConstructorView] Загружено строк: 64
2025-10-16 23:51:46 [INFO] [Programm_X_Logger] [ConstructorController] start_log_parse: type=Bitrix, lines=64
2025-10-16 23:51:46 [INFO] [Programm_X_Logger] [LogParserThread] Запуск парсинга: type=Bitrix, lines=64
2025-10-16 23:51:46 [INFO] [Programm_X_Logger] [LogParserThread] Парсинг завершён, поток завершается.
2025-10-16 23:51:46 [INFO] [Programm_X_Logger] [ConstructorController] Парсинг завершён, записей: 26
2025-10-16 23:51:46 [INFO] [Programm_X_Logger] [ConstructorController] Создана LogsTableModel: rows=26, cols=13
2025-10-16 23:52:32 [INFO] [Programm_X_Logger] [ConstructorController] Prefill из отмеченных ячеек: {'rules_ip_s': '192.168.232.131', 'rules_content': '/login/?login=yes'}
2025-10-16 23:52:57 [INFO] [Programm_X_Logger] === Завершение работы приложения ===
2025-10-16 23:53:36 [INFO] [Programm_X_Logger] Логгер инициализирован. Логи пишутся в /home/ubuntupc/my-proj/progr/utils_app/../logs/app_2025-10-16.log
2025-10-16 23:53:37 [INFO] [Programm_X_Logger] === Запуск Программа Х ===
2025-10-16 23:53:37 [INFO] [Programm_X_Logger] [RulesFetcherThread] Получение правил через контроллер: offset=0, limit=20
2025-10-16 23:53:37 [INFO] [Programm_X_Logger] [EditorController] Загрузка правил: offset=0, limit=20
2025-10-16 23:53:37 [INFO] [Programm_X_Logger] [RuleModel] Получено 20 правил (offset=0, limit=20)
2025-10-16 23:53:37 [INFO] [Programm_X_Logger] [EditorController] Загружено правил: 20
2025-10-16 23:53:37 [INFO] [Programm_X_Logger] [RulesFetcherThread] Загрузка завершена, поток завершается.
2025-10-16 23:53:41 [INFO] [Programm_X_Logger] [ConstructorView] Выбран файл: /home/ubuntupc/my-proj/bitrix.txt
2025-10-16 23:53:41 [INFO] [Programm_X_Logger] [FileLoaderThread] Загрузка файла: /home/ubuntupc/my-proj/bitrix.txt
2025-10-16 23:53:41 [INFO] [Programm_X_Logger] [FileLoaderThread] Файл успешно загружен, строк: 2
2025-10-16 23:53:42 [INFO] [Programm_X_Logger] [ConstructorView] Загружено строк: 2
2025-10-16 23:53:45 [INFO] [Programm_X_Logger] [ConstructorController] start_log_parse: type=Bitrix, lines=2
2025-10-16 23:53:45 [INFO] [Programm_X_Logger] [LogParserThread] Запуск парсинга: type=Bitrix, lines=2
2025-10-16 23:53:45 [INFO] [Programm_X_Logger] [LogParserThread] Парсинг завершён, поток завершается.
2025-10-16 23:53:45 [INFO] [Programm_X_Logger] [ConstructorController] Парсинг завершён, записей: 24
2025-10-16 23:53:45 [INFO] [Programm_X_Logger] [ConstructorController] Создана LogsTableModel: rows=24, cols=13
2025-10-16 23:53:52 [INFO] [Programm_X_Logger] [ConstructorView] Выбран файл: /home/ubuntupc/my-proj/nginx.txt
2025-10-16 23:53:52 [INFO] [Programm_X_Logger] [FileLoaderThread] Загрузка файла: /home/ubuntupc/my-proj/nginx.txt
2025-10-16 23:53:52 [INFO] [Programm_X_Logger] [FileLoaderThread] Файл успешно загружен, строк: 60
2025-10-16 23:53:53 [INFO] [Programm_X_Logger] [ConstructorView] Загружено строк: 60
2025-10-16 23:53:55 [INFO] [Programm_X_Logger] [ConstructorController] start_log_parse: type=Nginx, lines=60
2025-10-16 23:53:55 [INFO] [Programm_X_Logger] [LogParserThread] Запуск парсинга: type=Nginx, lines=60
2025-10-16 23:53:55 [INFO] [Programm_X_Logger] [LogParser] Парсинг Apache/Nginx логов, строк=60
2025-10-16 23:53:55 [INFO] [Programm_X_Logger] [LogParser] Получено 58 записей Apache/Nginx
2025-10-16 23:53:55 [INFO] [Programm_X_Logger] [LogParserThread] Парсинг завершён, поток завершается.
2025-10-16 23:53:55 [INFO] [Programm_X_Logger] [ConstructorController] Парсинг завершён, записей: 58
2025-10-16 23:53:55 [INFO] [Programm_X_Logger] [ConstructorController] Создана LogsTableModel: rows=82, cols=13
2025-10-16 23:57:15 [INFO] [Programm_X_Logger] [ConstructorController] Prefill из отмеченных ячеек: {'rules_ip_s': '192.168.232.131', 'rules_content': '/login/?login=yes, /login/'}
2025-10-16 23:57:37 [INFO] [Programm_X_Logger] [ConstructorController] Prefill из отмеченных ячеек: {'rules_ip_s': '192.168.232.131', 'rules_content': '/login/?login=yes, /login/, /bitrix/cache/css/s1/.default/page_e913f14e3fe4011ae13240b348177f8e/page_e913f14e3fe4011ae13240b348177f8e_v1.css?17605260141191'}
2025-10-16 23:58:00 [INFO] [Programm_X_Logger] [ConstructorController] Prefill из отмеченных ячеек: {'rules_ip_s': '192.168.232.131', 'rules_content': '/login/?login=yes, *, /login/, /bitrix/cache/css/s1/.default/page_e913f14e3fe4011ae13240b348177f8e/page_e913f14e3fe4011ae13240b348177f8e_v1.css?17605260141191'}
2025-10-16 23:58:19 [INFO] [Programm_X_Logger] [ConstructorController] start_log_parse: type=Nginx, lines=60
2025-10-16 23:58:19 [INFO] [Programm_X_Logger] [LogParserThread] Запуск парсинга: type=Nginx, lines=60
2025-10-16 23:58:19 [INFO] [Programm_X_Logger] [LogParser] Парсинг Apache/Nginx логов, строк=60
2025-10-16 23:58:19 [INFO] [Programm_X_Logger] [LogParser] Получено 58 записей Apache/Nginx
2025-10-16 23:58:19 [INFO] [Programm_X_Logger] [LogParserThread] Парсинг завершён, поток завершается.
2025-10-16 23:58:19 [INFO] [Programm_X_Logger] [ConstructorController] Парсинг завершён, записей: 58
2025-10-16 23:58:19 [INFO] [Programm_X_Logger] [ConstructorController] Создана LogsTableModel: rows=58, cols=13
2025-10-16 23:58:25 [INFO] [Programm_X_Logger] [ConstructorController] Prefill из отмеченных ячеек: {'rules_ip_s': '192.168.232.131', 'rules_content': 'POST'}
2025-10-16 23:58:30 [INFO] [Programm_X_Logger] [ConstructorController] Prefill из отмеченных ячеек: {'rules_ip_s': '192.168.232.131', 'rules_content': 'POST, GET'}
2025-10-16 23:58:34 [INFO] [Programm_X_Logger] [ConstructorController] Prefill из отмеченных ячеек: {'rules_ip_s': '192.168.232.131', 'rules_content': '/bitrix/panel/main/popup.min.css?176045359320774'}
2025-10-16 23:58:40 [INFO] [Programm_X_Logger] [ConstructorController] Prefill из отмеченных ячеек: {'rules_ip_s': '192.168.232.131', 'rules_content': '/bitrix/panel/main/popup.min.css?176045359320774'}
2025-10-16 23:58:51 [INFO] [Programm_X_Logger] [ConstructorController] Prefill из отмеченных ячеек: {'rules_ip_s': '192.168.232.131', 'rules_content': '/bitrix/js/ui/design-tokens/dist/ui.design-tokens.min.css?176045361423463, /bitrix/panel/main/popup.min.css?176045359320774'}
2025-10-16 23:59:05 [INFO] [Programm_X_Logger] [ConstructorController] Prefill из отмеченных ячеек: {'rules_ip_s': '192.168.232.131', 'rules_content': 'POST, OPTIONS, GET, GET, GET'}
2025-10-16 23:59:09 [INFO] [Programm_X_Logger] [ConstructorController] Prefill из отмеченных ячеек: {'rules_ip_s': '192.168.232.131', 'rules_content': '*'}
2025-10-16 23:59:41 [INFO] [Programm_X_Logger] === Завершение работы приложения ===
