2025-08-11 23:04:44 [INFO] [IDS_IPS_Logger] Логгер инициализирован. Логи пишутся в /home/ubuntupc/my-proj/progr/utils_app/../logs/app_2025-08-11.log
2025-08-11 23:05:16 [INFO] [IDS_IPS_Logger] Логгер инициализирован. Логи пишутся в /home/ubuntupc/my-proj/progr/utils_app/../logs/app_2025-08-11.log
2025-08-11 23:05:17 [INFO] [IDS_IPS_Logger] === Запуск Программа Х ===
2025-08-11 23:05:17 [INFO] [IDS_IPS_Logger] [EditorController] Загрузка правил: offset=0, limit=10
2025-08-11 23:05:17 [INFO] [IDS_IPS_Logger] [RuleModel] Получено 10 правил (offset=0, limit=10)
2025-08-11 23:05:17 [INFO] [IDS_IPS_Logger] [EditorController] Загружено правил: 10
2025-08-11 23:05:25 [INFO] [IDS_IPS_Logger] [MainWindow] Обновление данных во вкладке 'Конструктор'
2025-08-11 23:05:30 [INFO] [IDS_IPS_Logger] [MainWindow] Обновление данных во вкладке 'Редактор'
2025-08-11 23:05:30 [INFO] [IDS_IPS_Logger] [EditorController] Загрузка правил: offset=0, limit=10
2025-08-11 23:05:30 [INFO] [IDS_IPS_Logger] [RuleModel] Получено 10 правил (offset=0, limit=10)
2025-08-11 23:05:30 [INFO] [IDS_IPS_Logger] [EditorController] Загружено правил: 10
2025-08-11 23:05:45 [INFO] [IDS_IPS_Logger] === Завершение работы приложения ===
2025-08-11 23:06:48 [INFO] [IDS_IPS_Logger] Логгер инициализирован. Логи пишутся в /home/ubuntupc/my-proj/progr/utils_app/../logs/app_2025-08-11.log
2025-08-11 23:06:49 [INFO] [IDS_IPS_Logger] === Запуск Программа Х ===
2025-08-11 23:07:13 [INFO] [IDS_IPS_Logger] Логгер инициализирован. Логи пишутся в /home/ubuntupc/my-proj/progr/utils_app/../logs/app_2025-08-11.log
2025-08-11 23:07:13 [INFO] [IDS_IPS_Logger] === Запуск Программа Х ===
2025-08-11 23:07:13 [INFO] [IDS_IPS_Logger] [EditorController] Загрузка правил: offset=0, limit=10
2025-08-11 23:07:14 [INFO] [IDS_IPS_Logger] [RuleModel] Получено 10 правил (offset=0, limit=10)
2025-08-11 23:07:14 [INFO] [IDS_IPS_Logger] [EditorController] Загружено правил: 10
2025-08-11 23:07:39 [INFO] [IDS_IPS_Logger] === Завершение работы приложения ===
2025-08-11 23:08:16 [INFO] [IDS_IPS_Logger] Логгер инициализирован. Логи пишутся в /home/ubuntupc/my-proj/progr/utils_app/../logs/app_2025-08-11.log
2025-08-11 23:08:17 [INFO] [IDS_IPS_Logger] === Запуск Программа Х ===
2025-08-11 23:08:17 [INFO] [IDS_IPS_Logger] [EditorController] Загрузка правил: offset=0, limit=10
2025-08-11 23:08:17 [INFO] [IDS_IPS_Logger] [RuleModel] Получено 10 правил (offset=0, limit=10)
2025-08-11 23:08:17 [INFO] [IDS_IPS_Logger] [EditorController] Загружено правил: 10
2025-08-11 23:08:37 [INFO] [IDS_IPS_Logger] [MainWindow] Обновление данных во вкладке 'Конструктор'
2025-08-11 23:08:43 [INFO] [IDS_IPS_Logger] [MainWindow] Обновление данных во вкладке 'Редактор'
2025-08-11 23:08:43 [INFO] [IDS_IPS_Logger] [EditorController] Загрузка правил: offset=0, limit=10
2025-08-11 23:08:43 [INFO] [IDS_IPS_Logger] [RuleModel] Получено 10 правил (offset=0, limit=10)
2025-08-11 23:08:43 [INFO] [IDS_IPS_Logger] [EditorController] Загружено правил: 10
2025-08-11 23:08:59 [INFO] [IDS_IPS_Logger] === Завершение работы приложения ===
2025-08-11 23:18:01 [INFO] [IDS_IPS_Logger] Логгер инициализирован. Логи пишутся в /home/ubuntupc/my-proj/progr/utils_app/../logs/app_2025-08-11.log
2025-08-11 23:18:02 [INFO] [IDS_IPS_Logger] === Запуск Программа Х ===
2025-08-11 23:18:02 [INFO] [IDS_IPS_Logger] [EditorController] Загрузка правил: offset=0, limit=10
2025-08-11 23:18:02 [INFO] [IDS_IPS_Logger] [RuleModel] Получено 10 правил (offset=0, limit=10)
2025-08-11 23:18:02 [INFO] [IDS_IPS_Logger] [EditorController] Загружено правил: 10
2025-08-11 23:18:24 [INFO] [IDS_IPS_Logger] [ExportView] Запрошен экспорт правил: system_type=IPS, file=/home/ubuntupc/Загрузки/тест экспорт айпс
2025-08-11 23:18:24 [INFO] [IDS_IPS_Logger] [ExportRulesThread] Экспорт правил: system_type=ips, file=/home/ubuntupc/Загрузки/тест экспорт айпс
2025-08-11 23:18:24 [INFO] [IDS_IPS_Logger] [ExportModel] Получение правил для ips (actions=('drop', 'reject', 'sdrop'))
2025-08-11 23:18:24 [INFO] [IDS_IPS_Logger] [ExportModel] Получено 6 правил для ips
2025-08-11 23:18:24 [INFO] [IDS_IPS_Logger] [ExportRulesThread] Экспортировано 6 правил в /home/ubuntupc/Загрузки/тест экспорт айпс
2025-08-11 23:48:15 [INFO] [IDS_IPS_Logger] === Завершение работы приложения ===
