2025-08-19 22:54:35 [INFO] [Programm_X_Logger] Логгер инициализирован. Логи пишутся в /home/ubuntupc/my-proj/progr/utils_app/../logs/app_2025-08-19.log
2025-08-19 22:54:36 [INFO] [Programm_X_Logger] === Запуск Программа Х ===
2025-08-19 22:54:36 [INFO] [Programm_X_Logger] [RulesFetcherThread] Получение правил через контроллер: offset=0, limit=20
2025-08-19 22:54:36 [INFO] [Programm_X_Logger] [EditorController] Загрузка правил: offset=0, limit=20
2025-08-19 22:54:36 [INFO] [Programm_X_Logger] [RuleModel] Получено 19 правил (offset=0, limit=20)
2025-08-19 22:54:36 [INFO] [Programm_X_Logger] [EditorController] Загружено правил: 19
2025-08-19 22:54:36 [INFO] [Programm_X_Logger] [RulesFetcherThread] Загрузка завершена, поток завершается.
2025-08-19 22:54:45 [INFO] [Programm_X_Logger] [ConstructorView] Выбран файл: /home/ubuntupc/file_constr.txt
2025-08-19 22:54:45 [INFO] [Programm_X_Logger] [FileLoaderThread] Загрузка файла: /home/ubuntupc/file_constr.txt
2025-08-19 22:54:45 [INFO] [Programm_X_Logger] [FileLoaderThread] Файл успешно загружен, строк: 172
2025-08-19 22:54:48 [INFO] [Programm_X_Logger] [ConstructorView] Загружено строк: 172
2025-08-19 22:54:50 [INFO] [Programm_X_Logger] [ConstructorView] Запуск парсинга: тип=Apache
2025-08-19 22:54:50 [INFO] [Programm_X_Logger] [LogParserThread]  Запущен.
2025-08-19 22:54:50 [INFO] [Programm_X_Logger] [LogParser] Парсинг Apache/Nginx логов, строк=172
2025-08-19 22:54:50 [INFO] [Programm_X_Logger] [LogParser] Получено 0 записей Apache/Nginx
2025-08-19 22:54:50 [INFO] [Programm_X_Logger] [LogParserThread] Парсинг завершён, записей: 0.
2025-08-19 22:54:50 [INFO] [Programm_X_Logger] [ConstructorController] Запуск создания таблицы логов
2025-08-19 22:54:50 [INFO] [Programm_X_Logger] [ConstructorView] Таблица логов сформирована: 0 записей
2025-08-19 22:59:55 [INFO] [Programm_X_Logger] Логгер инициализирован. Логи пишутся в /home/ubuntupc/my-proj/progr/utils_app/../logs/app_2025-08-19.log
2025-08-19 22:59:55 [INFO] [Programm_X_Logger] === Запуск Программа Х ===
2025-08-19 22:59:55 [INFO] [Programm_X_Logger] [RulesFetcherThread] Получение правил через контроллер: offset=0, limit=20
2025-08-19 22:59:55 [INFO] [Programm_X_Logger] [EditorController] Загрузка правил: offset=0, limit=20
2025-08-19 22:59:55 [INFO] [Programm_X_Logger] [RuleModel] Получено 19 правил (offset=0, limit=20)
2025-08-19 22:59:55 [INFO] [Programm_X_Logger] [EditorController] Загружено правил: 19
2025-08-19 22:59:55 [INFO] [Programm_X_Logger] [RulesFetcherThread] Загрузка завершена, поток завершается.
2025-08-19 23:00:01 [INFO] [Programm_X_Logger] [ConstructorView] Выбран файл: /home/ubuntupc/file_constr.txt
2025-08-19 23:00:01 [INFO] [Programm_X_Logger] [FileLoaderThread] Загрузка файла: /home/ubuntupc/file_constr.txt
2025-08-19 23:00:01 [INFO] [Programm_X_Logger] [FileLoaderThread] Файл успешно загружен, строк: 172
2025-08-19 23:00:06 [INFO] [Programm_X_Logger] [ConstructorView] Загружено строк: 172
2025-08-19 23:00:13 [INFO] [Programm_X_Logger] [ConstructorView] Запуск парсинга: тип=Apache
2025-08-19 23:00:13 [INFO] [Programm_X_Logger] [LogParserThread]  Запущен.
2025-08-19 23:00:13 [INFO] [Programm_X_Logger] [LogParser] Парсинг Apache/Nginx логов, строк=172
2025-08-19 23:00:13 [INFO] [Programm_X_Logger] [LogParser] Получено 0 записей Apache/Nginx
2025-08-19 23:00:13 [INFO] [Programm_X_Logger] [LogParserThread] Парсинг завершён, записей: 0.
2025-08-19 23:00:13 [INFO] [Programm_X_Logger] [ConstructorController] Запуск создания таблицы логов
2025-08-19 23:00:13 [INFO] [Programm_X_Logger] [LogTableModel] Запущен
2025-08-19 23:00:13 [INFO] [Programm_X_Logger] [ConstructorView] Таблица логов сформирована: 0 записей
2025-08-19 23:00:32 [INFO] [Programm_X_Logger] [ConstructorView] Запуск парсинга: тип=Apache
2025-08-19 23:00:32 [INFO] [Programm_X_Logger] [LogParserThread]  Запущен.
2025-08-19 23:00:32 [INFO] [Programm_X_Logger] [LogParser] Парсинг Apache/Nginx логов, строк=172
2025-08-19 23:00:32 [INFO] [Programm_X_Logger] [LogParser] Получено 0 записей Apache/Nginx
2025-08-19 23:00:32 [INFO] [Programm_X_Logger] [LogParserThread] Парсинг завершён, записей: 0.
2025-08-19 23:00:32 [INFO] [Programm_X_Logger] [ConstructorController] Запуск создания таблицы логов
2025-08-19 23:00:32 [INFO] [Programm_X_Logger] [LogTableModel] Запущен
2025-08-19 23:00:32 [INFO] [Programm_X_Logger] [ConstructorView] Таблица логов сформирована: 0 записей
2025-08-19 23:00:33 [INFO] [Programm_X_Logger] [ConstructorView] Запуск парсинга: тип=Apache
2025-08-19 23:00:33 [INFO] [Programm_X_Logger] [LogParserThread]  Запущен.
2025-08-19 23:00:33 [INFO] [Programm_X_Logger] [LogParser] Парсинг Apache/Nginx логов, строк=172
2025-08-19 23:00:33 [INFO] [Programm_X_Logger] [LogParser] Получено 0 записей Apache/Nginx
2025-08-19 23:00:33 [INFO] [Programm_X_Logger] [LogParserThread] Парсинг завершён, записей: 0.
2025-08-19 23:00:33 [INFO] [Programm_X_Logger] [ConstructorController] Запуск создания таблицы логов
2025-08-19 23:00:33 [INFO] [Programm_X_Logger] [LogTableModel] Запущен
2025-08-19 23:00:33 [INFO] [Programm_X_Logger] [ConstructorView] Таблица логов сформирована: 0 записей
2025-08-19 23:00:44 [INFO] [Programm_X_Logger] === Завершение работы приложения ===
2025-08-19 23:01:43 [INFO] [Programm_X_Logger] Логгер инициализирован. Логи пишутся в /home/ubuntupc/my-proj/progr/utils_app/../logs/app_2025-08-19.log
2025-08-19 23:01:44 [INFO] [Programm_X_Logger] === Запуск Программа Х ===
2025-08-19 23:01:44 [INFO] [Programm_X_Logger] [RulesFetcherThread] Получение правил через контроллер: offset=0, limit=20
2025-08-19 23:01:44 [INFO] [Programm_X_Logger] [EditorController] Загрузка правил: offset=0, limit=20
2025-08-19 23:01:44 [INFO] [Programm_X_Logger] [RuleModel] Получено 19 правил (offset=0, limit=20)
2025-08-19 23:01:44 [INFO] [Programm_X_Logger] [EditorController] Загружено правил: 19
2025-08-19 23:01:44 [INFO] [Programm_X_Logger] [RulesFetcherThread] Загрузка завершена, поток завершается.
2025-08-19 23:01:59 [INFO] [Programm_X_Logger] [ConstructorView] Выбран файл: /home/ubuntupc/file_constr.txt
2025-08-19 23:01:59 [INFO] [Programm_X_Logger] [FileLoaderThread] Загрузка файла: /home/ubuntupc/file_constr.txt
2025-08-19 23:01:59 [INFO] [Programm_X_Logger] [FileLoaderThread] Файл успешно загружен, строк: 172
2025-08-19 23:02:00 [INFO] [Programm_X_Logger] [ConstructorView] Загружено строк: 172
2025-08-19 23:02:03 [INFO] [Programm_X_Logger] [ConstructorView] Запуск парсинга: тип=Apache
2025-08-19 23:02:03 [INFO] [Programm_X_Logger] [LogParserThread]  Запущен.
2025-08-19 23:02:03 [INFO] [Programm_X_Logger] [LogParser] Парсинг Apache/Nginx логов, строк=172
2025-08-19 23:02:03 [INFO] [Programm_X_Logger] [LogParser] Получено 0 записей Apache/Nginx
2025-08-19 23:02:03 [INFO] [Programm_X_Logger] [LogParserThread] Парсинг завершён, записей: 0.
2025-08-19 23:02:03 [INFO] [Programm_X_Logger] [ConstructorController] Запуск создания таблицы логов
2025-08-19 23:02:03 [INFO] [Programm_X_Logger] [LogTableModel] Запущен
2025-08-19 23:02:03 [INFO] [Programm_X_Logger] [ConstructorController]  Создание таблицы логов закончено
2025-08-19 23:02:03 [INFO] [Programm_X_Logger] [ConstructorView] Таблица логов сформирована: 0 записей
2025-08-19 23:18:27 [INFO] [Programm_X_Logger] === Завершение работы приложения ===
2025-08-19 23:21:55 [INFO] [Programm_X_Logger] Логгер инициализирован. Логи пишутся в /home/ubuntupc/my-proj/progr/utils_app/../logs/app_2025-08-19.log
2025-08-19 23:21:55 [INFO] [Programm_X_Logger] === Запуск Программа Х ===
2025-08-19 23:21:55 [INFO] [Programm_X_Logger] [RulesFetcherThread] Получение правил через контроллер: offset=0, limit=20
2025-08-19 23:21:55 [INFO] [Programm_X_Logger] [EditorController] Загрузка правил: offset=0, limit=20
2025-08-19 23:21:55 [INFO] [Programm_X_Logger] [RuleModel] Получено 19 правил (offset=0, limit=20)
2025-08-19 23:21:55 [INFO] [Programm_X_Logger] [EditorController] Загружено правил: 19
2025-08-19 23:21:55 [INFO] [Programm_X_Logger] [RulesFetcherThread] Загрузка завершена, поток завершается.
2025-08-19 23:21:59 [INFO] [Programm_X_Logger] [EditorController] Получение данных правила ID=1
2025-08-19 23:21:59 [INFO] [Programm_X_Logger] [RuleModel] Получено правило ID=1
2025-08-19 23:22:04 [INFO] [Programm_X_Logger] [RulesFetcherThread] Получение правил через контроллер: offset=0, limit=20
2025-08-19 23:22:04 [INFO] [Programm_X_Logger] [EditorController] Загрузка правил: offset=0, limit=20
2025-08-19 23:22:04 [INFO] [Programm_X_Logger] [RuleModel] Получено 19 правил (offset=0, limit=20)
2025-08-19 23:22:04 [INFO] [Programm_X_Logger] [EditorController] Загружено правил: 19
2025-08-19 23:22:04 [INFO] [Programm_X_Logger] [RulesFetcherThread] Загрузка завершена, поток завершается.
2025-08-19 23:22:19 [INFO] [Programm_X_Logger] [RulesFetcherThread] Получение правил через контроллер: offset=0, limit=20
2025-08-19 23:22:19 [INFO] [Programm_X_Logger] [EditorController] Загрузка правил: offset=0, limit=20
2025-08-19 23:22:19 [INFO] [Programm_X_Logger] [RuleModel] Получено 19 правил (offset=0, limit=20)
2025-08-19 23:22:19 [INFO] [Programm_X_Logger] [EditorController] Загружено правил: 19
2025-08-19 23:22:19 [INFO] [Programm_X_Logger] [RulesFetcherThread] Загрузка завершена, поток завершается.
2025-08-19 23:22:21 [INFO] [Programm_X_Logger] [RulesFetcherThread] Получение правил через контроллер: offset=20, limit=20
2025-08-19 23:22:21 [INFO] [Programm_X_Logger] [EditorController] Загрузка правил: offset=20, limit=20
2025-08-19 23:22:21 [INFO] [Programm_X_Logger] [RuleModel] Получено 0 правил (offset=20, limit=20)
2025-08-19 23:22:21 [INFO] [Programm_X_Logger] [EditorController] Загружено правил: 0
2025-08-19 23:22:21 [INFO] [Programm_X_Logger] [RulesFetcherThread] Загрузка завершена, поток завершается.
2025-08-19 23:22:27 [INFO] [Programm_X_Logger] [RulesFetcherThread] Получение правил через контроллер: offset=0, limit=20
2025-08-19 23:22:27 [INFO] [Programm_X_Logger] [EditorController] Загрузка правил: offset=0, limit=20
2025-08-19 23:22:27 [INFO] [Programm_X_Logger] [RuleModel] Получено 19 правил (offset=0, limit=20)
2025-08-19 23:22:27 [INFO] [Programm_X_Logger] [EditorController] Загружено правил: 19
2025-08-19 23:22:27 [INFO] [Programm_X_Logger] [RulesFetcherThread] Загрузка завершена, поток завершается.
2025-08-19 23:22:34 [INFO] [Programm_X_Logger] [MainWindow] Обновление данных во вкладке 'Конструктор'
2025-08-19 23:22:43 [INFO] [Programm_X_Logger] [EditorController] Запущен для оценки
2025-08-19 23:22:43 [INFO] [Programm_X_Logger] [RuleModel] Голос добавлен для правила ID=4, positive=True
2025-08-19 23:22:43 [INFO] [Programm_X_Logger] [RulesFetcherThread] Получение правил через контроллер: offset=0, limit=20
2025-08-19 23:22:43 [INFO] [Programm_X_Logger] [EditorController] Загрузка правил: offset=0, limit=20
2025-08-19 23:22:43 [INFO] [Programm_X_Logger] [RuleModel] Получено 19 правил (offset=0, limit=20)
2025-08-19 23:22:43 [INFO] [Programm_X_Logger] [EditorController] Загружено правил: 19
2025-08-19 23:22:43 [INFO] [Programm_X_Logger] [RulesFetcherThread] Загрузка завершена, поток завершается.
2025-08-19 23:22:49 [INFO] [Programm_X_Logger] === Завершение работы приложения ===
2025-08-19 23:24:51 [INFO] [Programm_X_Logger] Логгер инициализирован. Логи пишутся в /home/ubuntupc/my-proj/progr/utils_app/../logs/app_2025-08-19.log
2025-08-19 23:24:51 [INFO] [Programm_X_Logger] === Запуск Программа Х ===
2025-08-19 23:24:51 [INFO] [Programm_X_Logger] [RulesFetcherThread] Получение правил через контроллер: offset=0, limit=20
2025-08-19 23:24:51 [INFO] [Programm_X_Logger] [EditorController] Загрузка правил: offset=0, limit=20
2025-08-19 23:24:51 [INFO] [Programm_X_Logger] [RuleModel] Получено 19 правил (offset=0, limit=20)
2025-08-19 23:24:51 [INFO] [Programm_X_Logger] [EditorController] Загружено правил: 19
2025-08-19 23:24:51 [INFO] [Programm_X_Logger] [RulesFetcherThread] Загрузка завершена, поток завершается.
2025-08-19 23:25:02 [INFO] [Programm_X_Logger] [EditorController] Получение данных правила ID=1
2025-08-19 23:25:02 [INFO] [Programm_X_Logger] [RuleModel] Получено правило ID=1
2025-08-19 23:25:10 [INFO] [Programm_X_Logger] [EditorController] Изменение правила ID=1: {'rules_action': 'alert', 'rules_protocol': 'tcp', 'rules_ip_s': '192.168.1.1', 'rules_port_s': '12', 'rules_route': '->', 'rules_ip_d': '123.12.12.2', 'rules_port_d': '45', 'rules_msg': 'new test 123654', 'rules_content': 'test, wen', 'rules_sid': '44', 'rules_rev': '55'}
2025-08-19 23:25:12 [INFO] [Programm_X_Logger] [BatchSaverThread] Сохранение 1 правил...
2025-08-19 23:25:12 [DEBUG] [Programm_X_Logger] [BatchSaverThread] Сохранение правила ID=1: {'rules_action': 'alert', 'rules_protocol': 'tcp', 'rules_ip_s': '192.168.1.1', 'rules_port_s': '12', 'rules_route': '->', 'rules_ip_d': '123.12.12.2', 'rules_port_d': '45', 'rules_msg': 'new test 123654', 'rules_content': 'test, wen', 'rules_sid': '44', 'rules_rev': '55'}
2025-08-19 23:25:12 [INFO] [Programm_X_Logger] [RuleModel] Правило ID=1 обновлено
2025-08-19 23:25:12 [INFO] [Programm_X_Logger] [BatchSaverThread] Сохранение завершено успешно.
2025-08-19 23:25:14 [INFO] [Programm_X_Logger] [RulesFetcherThread] Получение правил через контроллер: offset=0, limit=20
2025-08-19 23:25:14 [INFO] [Programm_X_Logger] [EditorController] Загрузка правил: offset=0, limit=20
2025-08-19 23:25:14 [INFO] [Programm_X_Logger] [RuleModel] Получено 19 правил (offset=0, limit=20)
2025-08-19 23:25:14 [INFO] [Programm_X_Logger] [EditorController] Загружено правил: 19
2025-08-19 23:25:14 [INFO] [Programm_X_Logger] [RulesFetcherThread] Загрузка завершена, поток завершается.
2025-08-19 23:25:19 [INFO] [Programm_X_Logger] === Завершение работы приложения ===
2025-08-19 23:26:54 [INFO] [Programm_X_Logger] Логгер инициализирован. Логи пишутся в /home/ubuntupc/my-proj/progr/utils_app/../logs/app_2025-08-19.log
2025-08-19 23:26:55 [INFO] [Programm_X_Logger] === Запуск Программа Х ===
2025-08-19 23:26:55 [INFO] [Programm_X_Logger] [RulesFetcherThread] Получение правил через контроллер: offset=0, limit=20
2025-08-19 23:26:55 [INFO] [Programm_X_Logger] [EditorController] Загрузка правил: offset=0, limit=20
2025-08-19 23:26:55 [INFO] [Programm_X_Logger] [RuleModel] Получено 19 правил (offset=0, limit=20)
2025-08-19 23:26:55 [INFO] [Programm_X_Logger] [EditorController] Загружено правил: 19
2025-08-19 23:26:55 [INFO] [Programm_X_Logger] [RulesFetcherThread] Загрузка завершена, поток завершается.
2025-08-19 23:27:01 [INFO] [Programm_X_Logger] === Завершение работы приложения ===
2025-08-19 23:27:56 [INFO] [Programm_X_Logger] Логгер инициализирован. Логи пишутся в /home/ubuntupc/my-proj/progr/utils_app/../logs/app_2025-08-19.log
2025-08-19 23:28:24 [INFO] [Programm_X_Logger] Логгер инициализирован. Логи пишутся в /home/ubuntupc/my-proj/progr/utils_app/../logs/app_2025-08-19.log
2025-08-19 23:28:25 [INFO] [Programm_X_Logger] === Запуск Программа Х ===
2025-08-19 23:28:25 [INFO] [Programm_X_Logger] [RulesFetcherThread] Получение правил через контроллер: offset=0, limit=20
2025-08-19 23:28:25 [INFO] [Programm_X_Logger] [EditorController] Загрузка правил: offset=0, limit=20
2025-08-19 23:28:25 [INFO] [Programm_X_Logger] [RuleModel] Получено 19 правил (offset=0, limit=20)
2025-08-19 23:28:25 [INFO] [Programm_X_Logger] [EditorController] Загружено правил: 19
2025-08-19 23:28:25 [INFO] [Programm_X_Logger] [RulesFetcherThread] Загрузка завершена, поток завершается.
2025-08-19 23:28:46 [INFO] [Programm_X_Logger] === Завершение работы приложения ===
2025-08-19 23:34:11 [INFO] [Programm_X_Logger] Логгер инициализирован. Логи пишутся в /home/ubuntupc/my-proj/progr/utils_app/../logs/app_2025-08-19.log
2025-08-19 23:34:11 [INFO] [Programm_X_Logger] === Запуск Программа Х ===
2025-08-19 23:34:11 [INFO] [Programm_X_Logger] [RulesFetcherThread] Получение правил через контроллер: offset=0, limit=20
2025-08-19 23:34:11 [INFO] [Programm_X_Logger] [EditorController] Загрузка правил: offset=0, limit=20
2025-08-19 23:34:11 [INFO] [Programm_X_Logger] [RuleModel] Получено 19 правил (offset=0, limit=20)
2025-08-19 23:34:11 [INFO] [Programm_X_Logger] [EditorController] Загружено правил: 19
2025-08-19 23:34:11 [INFO] [Programm_X_Logger] [RulesFetcherThread] Загрузка завершена, поток завершается.
2025-08-19 23:34:16 [ERROR] [Programm_X_Logger] [EditorView] Не найден thread-starter у главного окна.
2025-08-19 23:34:19 [INFO] [Programm_X_Logger] === Завершение работы приложения ===
2025-08-19 23:35:02 [INFO] [Programm_X_Logger] Логгер инициализирован. Логи пишутся в /home/ubuntupc/my-proj/progr/utils_app/../logs/app_2025-08-19.log
2025-08-19 23:35:02 [INFO] [Programm_X_Logger] === Запуск Программа Х ===
2025-08-19 23:35:03 [INFO] [Programm_X_Logger] [RulesFetcherThread] Получение правил через контроллер: offset=0, limit=20
2025-08-19 23:35:03 [INFO] [Programm_X_Logger] [EditorController] Загрузка правил: offset=0, limit=20
2025-08-19 23:35:03 [INFO] [Programm_X_Logger] [RuleModel] Получено 19 правил (offset=0, limit=20)
2025-08-19 23:35:03 [INFO] [Programm_X_Logger] [EditorController] Загружено правил: 19
2025-08-19 23:35:03 [INFO] [Programm_X_Logger] [RulesFetcherThread] Загрузка завершена, поток завершается.
2025-08-19 23:35:06 [ERROR] [Programm_X_Logger] [EditorView] Не найден thread-starter у главного окна.
2025-08-19 23:35:09 [INFO] [Programm_X_Logger] === Завершение работы приложения ===
2025-08-19 23:35:19 [INFO] [Programm_X_Logger] Логгер инициализирован. Логи пишутся в /home/ubuntupc/my-proj/progr/utils_app/../logs/app_2025-08-19.log
2025-08-19 23:35:20 [INFO] [Programm_X_Logger] === Запуск Программа Х ===
2025-08-19 23:35:27 [INFO] [Programm_X_Logger] === Завершение работы приложения ===
2025-08-19 23:36:00 [INFO] [Programm_X_Logger] Логгер инициализирован. Логи пишутся в /home/ubuntupc/my-proj/progr/utils_app/../logs/app_2025-08-19.log
2025-08-19 23:36:00 [INFO] [Programm_X_Logger] === Запуск Программа Х ===
2025-08-19 23:36:02 [ERROR] [Programm_X_Logger] [EditorView] Не найден thread-starter у главного окна.
2025-08-19 23:36:04 [ERROR] [Programm_X_Logger] [EditorView] Не найден thread-starter у главного окна.
2025-08-19 23:36:09 [INFO] [Programm_X_Logger] === Завершение работы приложения ===
2025-08-19 23:36:34 [INFO] [Programm_X_Logger] Логгер инициализирован. Логи пишутся в /home/ubuntupc/my-proj/progr/utils_app/../logs/app_2025-08-19.log
2025-08-19 23:36:35 [INFO] [Programm_X_Logger] === Запуск Программа Х ===
2025-08-19 23:36:35 [INFO] [Programm_X_Logger] [RulesFetcherThread] Получение правил через контроллер: offset=0, limit=20
2025-08-19 23:36:35 [INFO] [Programm_X_Logger] [EditorController] Загрузка правил: offset=0, limit=20
2025-08-19 23:36:35 [INFO] [Programm_X_Logger] [RuleModel] Получено 19 правил (offset=0, limit=20)
2025-08-19 23:36:35 [INFO] [Programm_X_Logger] [EditorController] Загружено правил: 19
2025-08-19 23:36:35 [INFO] [Programm_X_Logger] [RulesFetcherThread] Загрузка завершена, поток завершается.
2025-08-19 23:36:37 [ERROR] [Programm_X_Logger] [EditorView] Не найден thread-starter у главного окна.
2025-08-19 23:36:58 [INFO] [Programm_X_Logger] === Завершение работы приложения ===
2025-08-19 23:37:11 [INFO] [Programm_X_Logger] Логгер инициализирован. Логи пишутся в /home/ubuntupc/my-proj/progr/utils_app/../logs/app_2025-08-19.log
2025-08-19 23:37:12 [INFO] [Programm_X_Logger] === Запуск Программа Х ===
2025-08-19 23:37:12 [INFO] [Programm_X_Logger] [RulesFetcherThread] Получение правил через контроллер: offset=0, limit=20
2025-08-19 23:37:12 [INFO] [Programm_X_Logger] [EditorController] Загрузка правил: offset=0, limit=20
2025-08-19 23:37:12 [INFO] [Programm_X_Logger] [RuleModel] Получено 19 правил (offset=0, limit=20)
2025-08-19 23:37:12 [INFO] [Programm_X_Logger] [EditorController] Загружено правил: 19
2025-08-19 23:37:12 [INFO] [Programm_X_Logger] [RulesFetcherThread] Загрузка завершена, поток завершается.
2025-08-19 23:37:13 [ERROR] [Programm_X_Logger] [EditorView] Не найден thread-starter у главного окна.
2025-08-19 23:37:17 [INFO] [Programm_X_Logger] [EditorController] Запущен для оценки
2025-08-19 23:37:17 [INFO] [Programm_X_Logger] [RuleModel] Голос добавлен для правила ID=2, positive=True
2025-08-19 23:37:17 [INFO] [Programm_X_Logger] [RulesFetcherThread] Получение правил через контроллер: offset=0, limit=20
2025-08-19 23:37:17 [INFO] [Programm_X_Logger] [EditorController] Загрузка правил: offset=0, limit=20
2025-08-19 23:37:17 [INFO] [Programm_X_Logger] [RuleModel] Получено 19 правил (offset=0, limit=20)
2025-08-19 23:37:17 [INFO] [Programm_X_Logger] [EditorController] Загружено правил: 19
2025-08-19 23:37:17 [INFO] [Programm_X_Logger] [RulesFetcherThread] Загрузка завершена, поток завершается.
2025-08-19 23:37:21 [INFO] [Programm_X_Logger] [RulesFetcherThread] Получение правил через контроллер: offset=0, limit=20
2025-08-19 23:37:21 [INFO] [Programm_X_Logger] [EditorController] Загрузка правил: offset=0, limit=20
2025-08-19 23:37:21 [INFO] [Programm_X_Logger] [RuleModel] Получено 19 правил (offset=0, limit=20)
2025-08-19 23:37:21 [INFO] [Programm_X_Logger] [EditorController] Загружено правил: 19
2025-08-19 23:37:21 [INFO] [Programm_X_Logger] [RulesFetcherThread] Загрузка завершена, поток завершается.
2025-08-19 23:37:24 [INFO] [Programm_X_Logger] === Завершение работы приложения ===
2025-08-19 23:40:07 [INFO] [Programm_X_Logger] Логгер инициализирован. Логи пишутся в /home/ubuntupc/my-proj/progr/utils_app/../logs/app_2025-08-19.log
2025-08-19 23:40:08 [INFO] [Programm_X_Logger] === Запуск Программа Х ===
2025-08-19 23:40:08 [INFO] [Programm_X_Logger] [RulesFetcherThread] Получение правил через контроллер: offset=0, limit=20
2025-08-19 23:40:08 [INFO] [Programm_X_Logger] [EditorController] Загрузка правил: offset=0, limit=20
2025-08-19 23:40:08 [INFO] [Programm_X_Logger] [RuleModel] Получено 19 правил (offset=0, limit=20)
2025-08-19 23:40:08 [INFO] [Programm_X_Logger] [EditorController] Загружено правил: 19
2025-08-19 23:40:08 [INFO] [Programm_X_Logger] [RulesFetcherThread] Загрузка завершена, поток завершается.
2025-08-19 23:40:10 [ERROR] [Programm_X_Logger] [EditorView] Не найден thread-starter у главного окна.
2025-08-19 23:40:13 [INFO] [Programm_X_Logger] [RulesFetcherThread] Получение правил через контроллер: offset=20, limit=20
2025-08-19 23:40:13 [INFO] [Programm_X_Logger] [EditorController] Загрузка правил: offset=20, limit=20
2025-08-19 23:40:13 [INFO] [Programm_X_Logger] [RuleModel] Получено 0 правил (offset=20, limit=20)
2025-08-19 23:40:13 [INFO] [Programm_X_Logger] [EditorController] Загружено правил: 0
2025-08-19 23:40:13 [INFO] [Programm_X_Logger] [RulesFetcherThread] Загрузка завершена, поток завершается.
2025-08-19 23:40:46 [INFO] [Programm_X_Logger] Логгер инициализирован. Логи пишутся в /home/ubuntupc/my-proj/progr/utils_app/../logs/app_2025-08-19.log
2025-08-19 23:40:46 [INFO] [Programm_X_Logger] === Запуск Программа Х ===
2025-08-19 23:40:47 [INFO] [Programm_X_Logger] [RulesFetcherThread] Получение правил через контроллер: offset=0, limit=20
2025-08-19 23:40:47 [INFO] [Programm_X_Logger] [EditorController] Загрузка правил: offset=0, limit=20
2025-08-19 23:40:47 [INFO] [Programm_X_Logger] [RuleModel] Получено 19 правил (offset=0, limit=20)
2025-08-19 23:40:47 [INFO] [Programm_X_Logger] [EditorController] Загружено правил: 19
2025-08-19 23:40:47 [INFO] [Programm_X_Logger] [RulesFetcherThread] Загрузка завершена, поток завершается.
2025-08-19 23:40:48 [ERROR] [Programm_X_Logger] [EditorView] Не найден thread-starter у главного окна.
2025-08-19 23:40:51 [INFO] [Programm_X_Logger] [RulesFetcherThread] Получение правил через контроллер: offset=20, limit=20
2025-08-19 23:40:51 [INFO] [Programm_X_Logger] [EditorController] Загрузка правил: offset=20, limit=20
2025-08-19 23:40:51 [INFO] [Programm_X_Logger] [RuleModel] Получено 0 правил (offset=20, limit=20)
2025-08-19 23:40:51 [INFO] [Programm_X_Logger] [EditorController] Загружено правил: 0
2025-08-19 23:40:51 [INFO] [Programm_X_Logger] [RulesFetcherThread] Загрузка завершена, поток завершается.
2025-08-19 23:40:52 [INFO] [Programm_X_Logger] [RulesFetcherThread] Получение правил через контроллер: offset=0, limit=20
2025-08-19 23:40:52 [INFO] [Programm_X_Logger] [EditorController] Загрузка правил: offset=0, limit=20
2025-08-19 23:40:52 [INFO] [Programm_X_Logger] [RuleModel] Получено 19 правил (offset=0, limit=20)
2025-08-19 23:40:52 [INFO] [Programm_X_Logger] [EditorController] Загружено правил: 19
2025-08-19 23:40:52 [INFO] [Programm_X_Logger] [RulesFetcherThread] Загрузка завершена, поток завершается.
2025-08-19 23:41:00 [INFO] [Programm_X_Logger] [RulesFetcherThread] Получение правил через контроллер: offset=0, limit=20
2025-08-19 23:41:00 [INFO] [Programm_X_Logger] [EditorController] Загрузка правил: offset=0, limit=20
2025-08-19 23:41:00 [INFO] [Programm_X_Logger] [RuleModel] Получено 19 правил (offset=0, limit=20)
2025-08-19 23:41:00 [INFO] [Programm_X_Logger] [EditorController] Загружено правил: 19
2025-08-19 23:41:00 [INFO] [Programm_X_Logger] [RulesFetcherThread] Загрузка завершена, поток завершается.
2025-08-19 23:41:02 [INFO] [Programm_X_Logger] [EditorController] Получение данных правила ID=5
2025-08-19 23:41:02 [INFO] [Programm_X_Logger] [RuleModel] Получено правило ID=5
2025-08-19 23:41:13 [INFO] [Programm_X_Logger] [EditorController] Изменение правила ID=5: {'rules_action': 'alert', 'rules_protocol': 'tcp', 'rules_ip_s': '18.18.18.1', 'rules_port_s': '123', 'rules_route': '->', 'rules_ip_d': '192.168.0.0', 'rules_port_d': '7895', 'rules_msg': 'Test create 13254', 'rules_content': 'create', 'rules_sid': '7987', 'rules_rev': '45'}
2025-08-19 23:41:27 [INFO] [Programm_X_Logger] [EditorController] Запущен для оценки
2025-08-19 23:41:27 [INFO] [Programm_X_Logger] [RuleModel] Голос добавлен для правила ID=20, positive=True
2025-08-19 23:41:27 [INFO] [Programm_X_Logger] [RulesFetcherThread] Получение правил через контроллер: offset=0, limit=20
2025-08-19 23:41:27 [INFO] [Programm_X_Logger] [EditorController] Загрузка правил: offset=0, limit=20
2025-08-19 23:41:27 [INFO] [Programm_X_Logger] [RuleModel] Получено 19 правил (offset=0, limit=20)
2025-08-19 23:41:27 [INFO] [Programm_X_Logger] [EditorController] Загружено правил: 19
2025-08-19 23:41:27 [INFO] [Programm_X_Logger] [RulesFetcherThread] Загрузка завершена, поток завершается.
2025-08-19 23:41:31 [INFO] [Programm_X_Logger] [BatchSaverThread] Сохранение 1 правил...
2025-08-19 23:41:31 [DEBUG] [Programm_X_Logger] [BatchSaverThread] Сохранение правила ID=5: {'rules_action': 'alert', 'rules_protocol': 'tcp', 'rules_ip_s': '18.18.18.1', 'rules_port_s': '123', 'rules_route': '->', 'rules_ip_d': '192.168.0.0', 'rules_port_d': '7895', 'rules_msg': 'Test create 13254', 'rules_content': 'create', 'rules_sid': '7987', 'rules_rev': '45'}
2025-08-19 23:41:31 [INFO] [Programm_X_Logger] [RuleModel] Правило ID=5 обновлено
2025-08-19 23:41:31 [INFO] [Programm_X_Logger] [BatchSaverThread] Сохранение завершено успешно.
2025-08-19 23:41:31 [INFO] [Programm_X_Logger] [RulesFetcherThread] Получение правил через контроллер: offset=0, limit=20
2025-08-19 23:41:31 [INFO] [Programm_X_Logger] [EditorController] Загрузка правил: offset=0, limit=20
2025-08-19 23:41:31 [INFO] [Programm_X_Logger] [RuleModel] Получено 19 правил (offset=0, limit=20)
2025-08-19 23:41:31 [INFO] [Programm_X_Logger] [EditorController] Загружено правил: 19
2025-08-19 23:41:31 [INFO] [Programm_X_Logger] [RulesFetcherThread] Загрузка завершена, поток завершается.
2025-08-19 23:41:49 [INFO] [Programm_X_Logger] [RulesFetcherThread] Получение правил через контроллер: offset=0, limit=20
2025-08-19 23:41:49 [INFO] [Programm_X_Logger] [EditorController] Загрузка правил: offset=0, limit=20
2025-08-19 23:41:49 [INFO] [Programm_X_Logger] [RuleModel] Получено 19 правил (offset=0, limit=20)
2025-08-19 23:41:49 [INFO] [Programm_X_Logger] [EditorController] Загружено правил: 19
2025-08-19 23:41:49 [INFO] [Programm_X_Logger] [RulesFetcherThread] Загрузка завершена, поток завершается.
2025-08-19 23:41:50 [INFO] [Programm_X_Logger] [RulesFetcherThread] Получение правил через контроллер: offset=20, limit=20
2025-08-19 23:41:50 [INFO] [Programm_X_Logger] [EditorController] Загрузка правил: offset=20, limit=20
2025-08-19 23:41:50 [INFO] [Programm_X_Logger] [RuleModel] Получено 0 правил (offset=20, limit=20)
2025-08-19 23:41:50 [INFO] [Programm_X_Logger] [EditorController] Загружено правил: 0
2025-08-19 23:41:50 [INFO] [Programm_X_Logger] [RulesFetcherThread] Загрузка завершена, поток завершается.
2025-08-19 23:47:10 [INFO] [Programm_X_Logger] Логгер инициализирован. Логи пишутся в /home/ubuntupc/my-proj/progr/utils_app/../logs/app_2025-08-19.log
2025-08-19 23:47:10 [INFO] [Programm_X_Logger] === Запуск Программа Х ===
2025-08-19 23:47:16 [INFO] [Programm_X_Logger] === Завершение работы приложения ===
2025-08-19 23:47:20 [INFO] [Programm_X_Logger] Логгер инициализирован. Логи пишутся в /home/ubuntupc/my-proj/progr/utils_app/../logs/app_2025-08-19.log
2025-08-19 23:47:20 [INFO] [Programm_X_Logger] === Запуск Программа Х ===
2025-08-19 23:47:25 [INFO] [Programm_X_Logger] === Завершение работы приложения ===
2025-08-19 23:49:52 [INFO] [Programm_X_Logger] Логгер инициализирован. Логи пишутся в /home/ubuntupc/my-proj/progr/utils_app/../logs/app_2025-08-19.log
2025-08-19 23:49:53 [INFO] [Programm_X_Logger] === Запуск Программа Х ===
2025-08-19 23:49:53 [INFO] [Programm_X_Logger] [RulesFetcherThread] Получение правил через контроллер: offset=0, limit=20
2025-08-19 23:49:53 [INFO] [Programm_X_Logger] [EditorController] Загрузка правил: offset=0, limit=20
2025-08-19 23:49:53 [INFO] [Programm_X_Logger] [RuleModel] Получено 19 правил (offset=0, limit=20)
2025-08-19 23:49:53 [INFO] [Programm_X_Logger] [EditorController] Загружено правил: 19
2025-08-19 23:49:53 [INFO] [Programm_X_Logger] [RulesFetcherThread] Загрузка завершена, поток завершается.
2025-08-19 23:50:00 [INFO] [Programm_X_Logger] === Завершение работы приложения ===
2025-08-19 23:50:32 [INFO] [Programm_X_Logger] Логгер инициализирован. Логи пишутся в /home/ubuntupc/my-proj/progr/utils_app/../logs/app_2025-08-19.log
2025-08-19 23:50:33 [INFO] [Programm_X_Logger] === Запуск Программа Х ===
2025-08-19 23:50:33 [INFO] [Programm_X_Logger] [RulesFetcherThread] Получение правил через контроллер: offset=0, limit=20
2025-08-19 23:50:33 [INFO] [Programm_X_Logger] [EditorController] Загрузка правил: offset=0, limit=20
2025-08-19 23:50:33 [INFO] [Programm_X_Logger] [RuleModel] Получено 19 правил (offset=0, limit=20)
2025-08-19 23:50:33 [INFO] [Programm_X_Logger] [EditorController] Загружено правил: 19
2025-08-19 23:50:33 [INFO] [Programm_X_Logger] [RulesFetcherThread] Загрузка завершена, поток завершается.
2025-08-19 23:50:39 [INFO] [Programm_X_Logger] === Завершение работы приложения ===
2025-08-19 23:52:04 [INFO] [Programm_X_Logger] Логгер инициализирован. Логи пишутся в /home/ubuntupc/my-proj/progr/utils_app/../logs/app_2025-08-19.log
2025-08-19 23:52:04 [INFO] [Programm_X_Logger] === Запуск Программа Х ===
2025-08-19 23:52:04 [INFO] [Programm_X_Logger] [RulesFetcherThread] Получение правил через контроллер: offset=0, limit=20
2025-08-19 23:52:04 [INFO] [Programm_X_Logger] [EditorController] Загрузка правил: offset=0, limit=20
2025-08-19 23:52:04 [INFO] [Programm_X_Logger] [RuleModel] Получено 19 правил (offset=0, limit=20)
2025-08-19 23:52:04 [INFO] [Programm_X_Logger] [EditorController] Загружено правил: 19
2025-08-19 23:52:04 [INFO] [Programm_X_Logger] [RulesFetcherThread] Загрузка завершена, поток завершается.
2025-08-19 23:52:09 [ERROR] [Programm_X_Logger] [EditorView] Старт load_rules_async упал: 'NoneType' object is not callable
Traceback (most recent call last):
  File "/home/ubuntupc/my-proj/progr/views/editor_view.py", line 63, in load_rules_async
    starter(thread)  # запускаем; по окончании run() поток завершится сам
    ^^^^^^^^^^^^^^^
TypeError: 'NoneType' object is not callable
2025-08-19 23:52:13 [INFO] [Programm_X_Logger] === Завершение работы приложения ===
2025-08-19 23:55:16 [INFO] [Programm_X_Logger] Логгер инициализирован. Логи пишутся в /home/ubuntupc/my-proj/progr/utils_app/../logs/app_2025-08-19.log
2025-08-19 23:55:17 [INFO] [Programm_X_Logger] === Запуск Программа Х ===
2025-08-19 23:55:17 [INFO] [Programm_X_Logger] [RulesFetcherThread] Получение правил через контроллер: offset=0, limit=20
2025-08-19 23:55:17 [INFO] [Programm_X_Logger] [EditorController] Загрузка правил: offset=0, limit=20
2025-08-19 23:55:17 [INFO] [Programm_X_Logger] [RuleModel] Получено 19 правил (offset=0, limit=20)
2025-08-19 23:55:17 [INFO] [Programm_X_Logger] [EditorController] Загружено правил: 19
2025-08-19 23:55:17 [INFO] [Programm_X_Logger] [RulesFetcherThread] Загрузка завершена, поток завершается.
2025-08-19 23:55:33 [INFO] [Programm_X_Logger] [RulesFetcherThread] Получение правил через контроллер: offset=0, limit=20
2025-08-19 23:55:33 [INFO] [Programm_X_Logger] [EditorController] Загрузка правил: offset=0, limit=20
2025-08-19 23:55:33 [INFO] [Programm_X_Logger] [RuleModel] Получено 19 правил (offset=0, limit=20)
2025-08-19 23:55:33 [INFO] [Programm_X_Logger] [EditorController] Загружено правил: 19
2025-08-19 23:55:33 [INFO] [Programm_X_Logger] [RulesFetcherThread] Загрузка завершена, поток завершается.
2025-08-19 23:55:36 [INFO] [Programm_X_Logger] [EditorController] Получение данных правила ID=1
2025-08-19 23:55:36 [INFO] [Programm_X_Logger] [RuleModel] Получено правило ID=1
2025-08-19 23:55:44 [INFO] [Programm_X_Logger] [EditorController] Изменение правила ID=1: {'rules_action': 'alert', 'rules_protocol': 'tcp', 'rules_ip_s': '192.168.1.1', 'rules_port_s': '12', 'rules_route': '->', 'rules_ip_d': '123.12.12.2', 'rules_port_d': '45', 'rules_msg': 'new test 1', 'rules_content': 'test, wen', 'rules_sid': '44', 'rules_rev': '55'}
2025-08-19 23:55:47 [INFO] [Programm_X_Logger] [BatchSaverThread] Сохранение 1 правил...
2025-08-19 23:55:47 [DEBUG] [Programm_X_Logger] [BatchSaverThread] Сохранение правила ID=1: {'rules_action': 'alert', 'rules_protocol': 'tcp', 'rules_ip_s': '192.168.1.1', 'rules_port_s': '12', 'rules_route': '->', 'rules_ip_d': '123.12.12.2', 'rules_port_d': '45', 'rules_msg': 'new test 1', 'rules_content': 'test, wen', 'rules_sid': '44', 'rules_rev': '55'}
2025-08-19 23:55:47 [INFO] [Programm_X_Logger] [RuleModel] Правило ID=1 обновлено
2025-08-19 23:55:47 [INFO] [Programm_X_Logger] [BatchSaverThread] Сохранение завершено успешно.
2025-08-19 23:55:48 [INFO] [Programm_X_Logger] [RulesFetcherThread] Получение правил через контроллер: offset=0, limit=20
2025-08-19 23:55:48 [INFO] [Programm_X_Logger] [EditorController] Загрузка правил: offset=0, limit=20
2025-08-19 23:55:48 [INFO] [Programm_X_Logger] [RuleModel] Получено 19 правил (offset=0, limit=20)
2025-08-19 23:55:48 [INFO] [Programm_X_Logger] [EditorController] Загружено правил: 19
2025-08-19 23:55:48 [INFO] [Programm_X_Logger] [RulesFetcherThread] Загрузка завершена, поток завершается.
2025-08-19 23:55:52 [INFO] [Programm_X_Logger] === Завершение работы приложения ===
2025-08-19 23:56:21 [INFO] [Programm_X_Logger] Логгер инициализирован. Логи пишутся в /home/ubuntupc/my-proj/progr/utils_app/../logs/app_2025-08-19.log
2025-08-19 23:56:22 [INFO] [Programm_X_Logger] === Запуск Программа Х ===
2025-08-19 23:56:32 [INFO] [Programm_X_Logger] [RulesFetcherThread] Получение правил через контроллер: offset=0, limit=20
2025-08-19 23:56:32 [INFO] [Programm_X_Logger] [EditorController] Загрузка правил: offset=0, limit=20
2025-08-19 23:56:32 [INFO] [Programm_X_Logger] [RuleModel] Получено 19 правил (offset=0, limit=20)
2025-08-19 23:56:32 [INFO] [Programm_X_Logger] [EditorController] Загружено правил: 19
2025-08-19 23:56:32 [INFO] [Programm_X_Logger] [RulesFetcherThread] Загрузка завершена, поток завершается.
2025-08-19 23:56:41 [INFO] [Programm_X_Logger] === Завершение работы приложения ===
