2025-08-12 00:02:40 [INFO] [IDS_IPS_Logger] Логгер инициализирован. Логи пишутся в /home/ubuntupc/my-proj/progr/utils_app/../logs/app_2025-08-12.log
2025-08-12 00:02:41 [INFO] [IDS_IPS_Logger] === Запуск Программа Х ===
2025-08-12 00:02:41 [INFO] [IDS_IPS_Logger] [EditorController] Загрузка правил: offset=0, limit=10
2025-08-12 00:02:41 [INFO] [IDS_IPS_Logger] [RuleModel] Получено 10 правил (offset=0, limit=10)
2025-08-12 00:02:41 [INFO] [IDS_IPS_Logger] [EditorController] Загружено правил: 10
2025-08-12 00:02:54 [INFO] [IDS_IPS_Logger] [EditorController] Получение данных правила ID=4
2025-08-12 00:02:54 [INFO] [IDS_IPS_Logger] [RuleModel] Получено правило ID=4
2025-08-12 00:03:15 [INFO] [IDS_IPS_Logger] [EditorController] Изменение правила ID=4: {'rules_action': 'drop', 'rules_protocol': 'udp', 'rules_ip_s': '7.7.7.7', 'rules_port_s': '789', 'rules_route': '<-', 'rules_ip_d': '8.8.8.8', 'rules_port_d': '456', 'rules_msg': 'TEST 12', 'rules_content': 'TEST', 'rules_sid': '12', 'rules_rev': '5'}
2025-08-12 00:03:24 [INFO] [IDS_IPS_Logger] [EditorController] Получение данных правила ID=10
2025-08-12 00:03:24 [INFO] [IDS_IPS_Logger] [RuleModel] Получено правило ID=10
2025-08-12 00:03:52 [INFO] [IDS_IPS_Logger] [EditorController] Изменение правила ID=10: {'rules_action': 'alert', 'rules_protocol': 'tcp', 'rules_ip_s': '12.12.12.12', 'rules_port_s': '156', 'rules_route': '<->', 'rules_ip_d': '131.123.123.11', 'rules_port_d': '165', 'rules_msg': 'test123', 'rules_content': 'jhvbfqjhd', 'rules_sid': '12', 'rules_rev': '515'}
2025-08-12 00:03:56 [INFO] [IDS_IPS_Logger] [EditorController] Сохранение 2 правил...
2025-08-12 00:03:56 [INFO] [IDS_IPS_Logger] [RuleModel] Правило ID=4 обновлено
2025-08-12 00:03:56 [INFO] [IDS_IPS_Logger] [RuleModel] Правило ID=10 обновлено
2025-08-12 00:03:56 [INFO] [IDS_IPS_Logger] [EditorController] Все изменения успешно сохранены
2025-08-12 00:03:58 [INFO] [IDS_IPS_Logger] [EditorController] Загрузка правил: offset=0, limit=10
2025-08-12 00:03:58 [INFO] [IDS_IPS_Logger] [RuleModel] Получено 10 правил (offset=0, limit=10)
2025-08-12 00:03:58 [INFO] [IDS_IPS_Logger] [EditorController] Загружено правил: 10
2025-08-12 00:04:01 [INFO] [IDS_IPS_Logger] [MainWindow] Обновление данных во вкладке 'Редактор'
2025-08-12 00:04:01 [INFO] [IDS_IPS_Logger] [EditorController] Загрузка правил: offset=0, limit=10
2025-08-12 00:04:01 [INFO] [IDS_IPS_Logger] [RuleModel] Получено 10 правил (offset=0, limit=10)
2025-08-12 00:04:01 [INFO] [IDS_IPS_Logger] [EditorController] Загружено правил: 10
2025-08-12 00:04:09 [INFO] [IDS_IPS_Logger] [EditorController] Загрузка правил: offset=10, limit=10
2025-08-12 00:04:09 [INFO] [IDS_IPS_Logger] [RuleModel] Получено 7 правил (offset=10, limit=10)
2025-08-12 00:04:09 [INFO] [IDS_IPS_Logger] [EditorController] Загружено правил: 7
2025-08-12 00:04:13 [INFO] [IDS_IPS_Logger] [RuleModel] Голос добавлен для правила ID=16, positive=True
2025-08-12 00:04:13 [INFO] [IDS_IPS_Logger] [EditorController] Загрузка правил: offset=10, limit=10
2025-08-12 00:04:13 [INFO] [IDS_IPS_Logger] [RuleModel] Получено 7 правил (offset=10, limit=10)
2025-08-12 00:04:13 [INFO] [IDS_IPS_Logger] [EditorController] Загружено правил: 7
2025-08-12 00:04:15 [INFO] [IDS_IPS_Logger] [RuleModel] Голос добавлен для правила ID=16, positive=False
2025-08-12 00:04:15 [INFO] [IDS_IPS_Logger] [EditorController] Загрузка правил: offset=10, limit=10
2025-08-12 00:04:15 [INFO] [IDS_IPS_Logger] [RuleModel] Получено 7 правил (offset=10, limit=10)
2025-08-12 00:04:15 [INFO] [IDS_IPS_Logger] [EditorController] Загружено правил: 7
2025-08-12 00:04:18 [INFO] [IDS_IPS_Logger] [MainWindow] Обновление данных во вкладке 'Редактор'
2025-08-12 00:04:18 [INFO] [IDS_IPS_Logger] [EditorController] Загрузка правил: offset=10, limit=10
2025-08-12 00:04:18 [INFO] [IDS_IPS_Logger] [RuleModel] Получено 7 правил (offset=10, limit=10)
2025-08-12 00:04:18 [INFO] [IDS_IPS_Logger] [EditorController] Загружено правил: 7
2025-08-12 00:05:07 [INFO] [IDS_IPS_Logger] [ConstructorView] Выбран файл: /home/ubuntupc/Загрузки/edit/Переделанный код/config-conf_ui.txt
2025-08-12 00:05:07 [INFO] [IDS_IPS_Logger] [FileLoaderThread] Загрузка файла: /home/ubuntupc/Загрузки/edit/Переделанный код/config-conf_ui.txt
2025-08-12 00:05:07 [INFO] [IDS_IPS_Logger] [FileLoaderThread] Файл успешно загружен, строк: 34
2025-08-12 00:05:10 [INFO] [IDS_IPS_Logger] [ConstructorView] Загружено строк: 34
2025-08-12 00:05:12 [INFO] [IDS_IPS_Logger] [ConstructorView] Запуск парсинга: тип=Apache
2025-08-12 00:05:12 [INFO] [IDS_IPS_Logger] [LogParser] Парсинг Apache/Nginx логов, строк=34
2025-08-12 00:05:12 [INFO] [IDS_IPS_Logger] [LogParser] Получено 0 записей Apache/Nginx
2025-08-12 00:05:12 [INFO] [IDS_IPS_Logger] [LogParserThread] Парсинг завершён, записей: 0.
2025-08-12 00:05:12 [INFO] [IDS_IPS_Logger] [ConstructorView] Таблица логов сформирована: 0 записей
2025-08-12 00:05:31 [INFO] [IDS_IPS_Logger] === Завершение работы приложения ===
2025-08-12 00:05:49 [INFO] [IDS_IPS_Logger] Логгер инициализирован. Логи пишутся в /home/ubuntupc/my-proj/progr/utils_app/../logs/app_2025-08-12.log
2025-08-12 00:05:50 [INFO] [IDS_IPS_Logger] === Запуск Программа Х ===
2025-08-12 00:05:50 [INFO] [IDS_IPS_Logger] [EditorController] Загрузка правил: offset=0, limit=10
2025-08-12 00:05:50 [INFO] [IDS_IPS_Logger] [RuleModel] Получено 10 правил (offset=0, limit=10)
2025-08-12 00:05:50 [INFO] [IDS_IPS_Logger] [EditorController] Загружено правил: 10
2025-08-12 00:05:53 [INFO] [IDS_IPS_Logger] [EditorController] Получение данных правила ID=1
2025-08-12 00:05:53 [INFO] [IDS_IPS_Logger] [RuleModel] Получено правило ID=1
2025-08-12 00:06:01 [INFO] [IDS_IPS_Logger] === Завершение работы приложения ===
2025-08-12 00:59:55 [INFO] [IDS_IPS_Logger] Логгер инициализирован. Логи пишутся в /home/ubuntupc/my-proj/progr/utils_app/../logs/app_2025-08-12.log
2025-08-12 00:59:55 [INFO] [IDS_IPS_Logger] === Запуск Программа Х ===
2025-08-12 00:59:55 [INFO] [IDS_IPS_Logger] [EditorController] Загрузка правил: offset=0, limit=10
2025-08-12 00:59:55 [INFO] [IDS_IPS_Logger] [RuleModel] Получено 10 правил (offset=0, limit=10)
2025-08-12 00:59:55 [INFO] [IDS_IPS_Logger] [EditorController] Загружено правил: 10
2025-08-12 01:00:29 [INFO] [IDS_IPS_Logger] [ConstructorView] Выбран файл: /home/ubuntupc/Загрузки/edit/Переделанный код/config-conf_ui.txt
2025-08-12 01:00:29 [INFO] [IDS_IPS_Logger] [FileLoaderThread] Загрузка файла: /home/ubuntupc/Загрузки/edit/Переделанный код/config-conf_ui.txt
2025-08-12 01:00:29 [INFO] [IDS_IPS_Logger] [FileLoaderThread] Файл успешно загружен, строк: 34
2025-08-12 01:13:50 [INFO] [IDS_IPS_Logger] [ConstructorView] Загружено строк: 34
2025-08-12 01:13:56 [INFO] [IDS_IPS_Logger] === Завершение работы приложения ===
2025-08-12 01:14:04 [INFO] [IDS_IPS_Logger] Логгер инициализирован. Логи пишутся в /home/ubuntupc/my-proj/progr/utils_app/../logs/app_2025-08-12.log
2025-08-12 01:14:05 [INFO] [IDS_IPS_Logger] === Запуск Программа Х ===
2025-08-12 01:14:05 [INFO] [IDS_IPS_Logger] [EditorController] Загрузка правил: offset=0, limit=10
2025-08-12 01:14:05 [INFO] [IDS_IPS_Logger] [RuleModel] Получено 10 правил (offset=0, limit=10)
2025-08-12 01:14:05 [INFO] [IDS_IPS_Logger] [EditorController] Загружено правил: 10
2025-08-12 01:14:13 [INFO] [IDS_IPS_Logger] [ConstructorView] Выбран файл: /home/ubuntupc/Загрузки/edit/Переделанный код/config-conf_ui.txt
2025-08-12 01:14:13 [INFO] [IDS_IPS_Logger] [FileLoaderThread] Загрузка файла: /home/ubuntupc/Загрузки/edit/Переделанный код/config-conf_ui.txt
2025-08-12 01:14:13 [INFO] [IDS_IPS_Logger] [FileLoaderThread] Файл успешно загружен, строк: 34
2025-08-12 01:14:16 [INFO] [IDS_IPS_Logger] [ConstructorView] Загружено строк: 34
2025-08-12 01:14:18 [INFO] [IDS_IPS_Logger] [ConstructorView] Запуск парсинга: тип=Apache
2025-08-12 01:14:18 [INFO] [IDS_IPS_Logger] [LogParser] Парсинг Apache/Nginx логов, строк=34
2025-08-12 01:14:18 [INFO] [IDS_IPS_Logger] [LogParser] Получено 0 записей Apache/Nginx
2025-08-12 01:14:18 [INFO] [IDS_IPS_Logger] [LogParserThread] Парсинг завершён, записей: 0.
2025-08-12 01:14:18 [INFO] [IDS_IPS_Logger] [ConstructorView] Таблица логов сформирована: 0 записей
2025-08-12 01:14:29 [INFO] [IDS_IPS_Logger] === Завершение работы приложения ===
