2025-10-14 00:02:51 [INFO] [Programm_X_Logger] Логгер инициализирован. Логи пишутся в /home/ubuntupc/my-proj/progr/utils_app/../logs/app_2025-10-14.log
2025-10-14 00:02:51 [INFO] [Programm_X_Logger] === Запуск Программа Х ===
2025-10-14 00:03:31 [INFO] [Programm_X_Logger] Логгер инициализирован. Логи пишутся в /home/ubuntupc/my-proj/progr/utils_app/../logs/app_2025-10-14.log
2025-10-14 00:03:31 [INFO] [Programm_X_Logger] === Запуск Программа Х ===
2025-10-14 00:08:16 [INFO] [Programm_X_Logger] Логгер инициализирован. Логи пишутся в /home/ubuntupc/my-proj/progr/utils_app/../logs/app_2025-10-14.log
2025-10-14 00:08:16 [INFO] [Programm_X_Logger] === Запуск Программа Х ===
2025-10-14 00:08:16 [INFO] [Programm_X_Logger] [RulesFetcherThread] Получение правил через контроллер: offset=0, limit=20
2025-10-14 00:08:16 [INFO] [Programm_X_Logger] [EditorController] Загрузка правил: offset=0, limit=20
2025-10-14 00:08:16 [INFO] [Programm_X_Logger] [RuleModel] Получено 20 правил (offset=0, limit=20)
2025-10-14 00:08:16 [INFO] [Programm_X_Logger] [EditorController] Загружено правил: 20
2025-10-14 00:08:16 [INFO] [Programm_X_Logger] [RulesFetcherThread] Загрузка завершена, поток завершается.
2025-10-14 00:08:25 [INFO] [Programm_X_Logger] === Завершение работы приложения ===
2025-10-14 00:09:14 [INFO] [Programm_X_Logger] Логгер инициализирован. Логи пишутся в /home/ubuntupc/my-proj/progr/utils_app/../logs/app_2025-10-14.log
2025-10-14 00:09:15 [INFO] [Programm_X_Logger] === Запуск Программа Х ===
2025-10-14 00:09:15 [INFO] [Programm_X_Logger] [RulesFetcherThread] Получение правил через контроллер: offset=0, limit=20
2025-10-14 00:09:15 [INFO] [Programm_X_Logger] [EditorController] Загрузка правил: offset=0, limit=20
2025-10-14 00:09:15 [INFO] [Programm_X_Logger] [RuleModel] Получено 20 правил (offset=0, limit=20)
2025-10-14 00:09:15 [INFO] [Programm_X_Logger] [EditorController] Загружено правил: 20
2025-10-14 00:09:15 [INFO] [Programm_X_Logger] [RulesFetcherThread] Загрузка завершена, поток завершается.
2025-10-14 00:09:18 [INFO] [Programm_X_Logger] === Завершение работы приложения ===
2025-10-14 00:10:06 [INFO] [Programm_X_Logger] Логгер инициализирован. Логи пишутся в /home/ubuntupc/my-proj/progr/utils_app/../logs/app_2025-10-14.log
2025-10-14 00:10:07 [INFO] [Programm_X_Logger] === Запуск Программа Х ===
2025-10-14 00:10:39 [INFO] [Programm_X_Logger] Логгер инициализирован. Логи пишутся в /home/ubuntupc/my-proj/progr/utils_app/../logs/app_2025-10-14.log
2025-10-14 00:10:40 [INFO] [Programm_X_Logger] === Запуск Программа Х ===
2025-10-14 00:11:19 [INFO] [Programm_X_Logger] Логгер инициализирован. Логи пишутся в /home/ubuntupc/my-proj/progr/utils_app/../logs/app_2025-10-14.log
2025-10-14 00:11:19 [INFO] [Programm_X_Logger] === Запуск Программа Х ===
2025-10-14 00:11:19 [INFO] [Programm_X_Logger] [RulesFetcherThread] Получение правил через контроллер: offset=0, limit=20
2025-10-14 00:11:19 [INFO] [Programm_X_Logger] [EditorController] Загрузка правил: offset=0, limit=20
2025-10-14 00:11:19 [INFO] [Programm_X_Logger] [RuleModel] Получено 20 правил (offset=0, limit=20)
2025-10-14 00:11:19 [INFO] [Programm_X_Logger] [EditorController] Загружено правил: 20
2025-10-14 00:11:19 [INFO] [Programm_X_Logger] [RulesFetcherThread] Загрузка завершена, поток завершается.
2025-10-14 00:15:14 [INFO] [Programm_X_Logger] === Завершение работы приложения ===
