2025-08-23 16:42:47 [INFO] [Programm_X_Logger] Логгер инициализирован. Логи пишутся в /home/ubuntupc/my-proj/progr/utils_app/../logs/app_2025-08-23.log
2025-08-23 16:42:48 [INFO] [Programm_X_Logger] === Запуск Программа Х ===
2025-08-23 16:42:49 [INFO] [Programm_X_Logger] [RulesFetcherThread] Получение правил через контроллер: offset=0, limit=20
2025-08-23 16:42:49 [INFO] [Programm_X_Logger] [EditorController] Загрузка правил: offset=0, limit=20
2025-08-23 16:42:49 [INFO] [Programm_X_Logger] [RuleModel] Получено 20 правил (offset=0, limit=20)
2025-08-23 16:42:49 [INFO] [Programm_X_Logger] [EditorController] Загружено правил: 20
2025-08-23 16:42:49 [INFO] [Programm_X_Logger] [RulesFetcherThread] Загрузка завершена, поток завершается.
2025-08-23 16:43:17 [INFO] [Programm_X_Logger] [RulesFetcherThread] Получение правил через контроллер: offset=20, limit=20
2025-08-23 16:43:17 [INFO] [Programm_X_Logger] [EditorController] Загрузка правил: offset=20, limit=20
2025-08-23 16:43:17 [INFO] [Programm_X_Logger] [RuleModel] Получено 0 правил (offset=20, limit=20)
2025-08-23 16:43:17 [INFO] [Programm_X_Logger] [EditorController] Загружено правил: 0
2025-08-23 16:43:17 [INFO] [Programm_X_Logger] [RulesFetcherThread] Загрузка завершена, поток завершается.
2025-08-23 16:43:18 [INFO] [Programm_X_Logger] [RulesFetcherThread] Получение правил через контроллер: offset=0, limit=20
2025-08-23 16:43:18 [INFO] [Programm_X_Logger] [EditorController] Загрузка правил: offset=0, limit=20
2025-08-23 16:43:18 [INFO] [Programm_X_Logger] [RuleModel] Получено 20 правил (offset=0, limit=20)
2025-08-23 16:43:18 [INFO] [Programm_X_Logger] [EditorController] Загружено правил: 20
2025-08-23 16:43:18 [INFO] [Programm_X_Logger] [RulesFetcherThread] Загрузка завершена, поток завершается.
2025-08-23 16:43:43 [INFO] [Programm_X_Logger] === Завершение работы приложения ===
2025-08-23 18:02:01 [INFO] [Programm_X_Logger] Логгер инициализирован. Логи пишутся в /home/ubuntupc/my-proj/progr/utils_app/../logs/app_2025-08-23.log
2025-08-23 18:02:02 [INFO] [Programm_X_Logger] === Запуск Программа Х ===
2025-08-23 18:02:02 [INFO] [Programm_X_Logger] [RulesFetcherThread] Получение правил через контроллер: offset=0, limit=20
2025-08-23 18:02:02 [INFO] [Programm_X_Logger] [EditorController] Загрузка правил: offset=0, limit=20
2025-08-23 18:02:03 [INFO] [Programm_X_Logger] [RuleModel] Получено 20 правил (offset=0, limit=20)
2025-08-23 18:02:03 [INFO] [Programm_X_Logger] [EditorController] Загружено правил: 20
2025-08-23 18:02:03 [INFO] [Programm_X_Logger] [RulesFetcherThread] Загрузка завершена, поток завершается.
2025-08-23 18:02:11 [INFO] [Programm_X_Logger] [EditorController] Получение данных правила ID=1
2025-08-23 18:02:11 [INFO] [Programm_X_Logger] [RuleModel] Получено правило ID=1
2025-08-23 18:02:30 [INFO] [Programm_X_Logger] [EditorController] Изменение правила ID=1: {'rules_action': 'alert', 'rules_protocol': 'tcp', 'rules_ip_s': '192.168.1.1', 'rules_port_s': '12', 'rules_route': '->', 'rules_ip_d': '123.12.12.2', 'rules_port_d': '45', 'rules_msg': 'new test 145652', 'rules_content': 'test, wen', 'rules_sid': '11', 'rules_rev': '55'}
2025-08-23 18:02:39 [INFO] [Programm_X_Logger] [EditorController] Запущен для оценки
2025-08-23 18:02:39 [INFO] [Programm_X_Logger] [RuleModel] Голос добавлен для правила ID=21, positive=True
2025-08-23 18:02:39 [INFO] [Programm_X_Logger] [RulesFetcherThread] Получение правил через контроллер: offset=0, limit=20
2025-08-23 18:02:39 [INFO] [Programm_X_Logger] [EditorController] Загрузка правил: offset=0, limit=20
2025-08-23 18:02:39 [INFO] [Programm_X_Logger] [RuleModel] Получено 20 правил (offset=0, limit=20)
2025-08-23 18:02:39 [INFO] [Programm_X_Logger] [EditorController] Загружено правил: 20
2025-08-23 18:02:39 [INFO] [Programm_X_Logger] [RulesFetcherThread] Загрузка завершена, поток завершается.
2025-08-23 18:02:57 [INFO] [Programm_X_Logger] [EditorController] Получение данных правила ID=4
2025-08-23 18:02:57 [INFO] [Programm_X_Logger] [RuleModel] Получено правило ID=4
2025-08-23 18:03:03 [INFO] [Programm_X_Logger] [EditorController] Изменение правила ID=4: {'rules_action': 'drop', 'rules_protocol': 'udp', 'rules_ip_s': '7.7.7.7', 'rules_port_s': '789', 'rules_route': '<-', 'rules_ip_d': '8.8.8.8', 'rules_port_d': '456', 'rules_msg': 'TEST 123', 'rules_content': 'TEST', 'rules_sid': '12', 'rules_rev': '5'}
2025-08-23 18:03:06 [INFO] [Programm_X_Logger] [EditorController] Получение данных правила ID=10
2025-08-23 18:03:06 [INFO] [Programm_X_Logger] [RuleModel] Получено правило ID=10
2025-08-23 18:03:12 [INFO] [Programm_X_Logger] [EditorController] Изменение правила ID=10: {'rules_action': 'alert', 'rules_protocol': 'tcp', 'rules_ip_s': '12.12.12.12', 'rules_port_s': '156', 'rules_route': '<->', 'rules_ip_d': '131.123.123.11', 'rules_port_d': '165', 'rules_msg': 'test1234', 'rules_content': 'jhvbfqjhd', 'rules_sid': '12', 'rules_rev': '515'}
2025-08-23 18:03:16 [INFO] [Programm_X_Logger] [BatchSaverThread] Сохранение 3 правил...
2025-08-23 18:03:16 [DEBUG] [Programm_X_Logger] [BatchSaverThread] Сохранение правила ID=1: {'rules_action': 'alert', 'rules_protocol': 'tcp', 'rules_ip_s': '192.168.1.1', 'rules_port_s': '12', 'rules_route': '->', 'rules_ip_d': '123.12.12.2', 'rules_port_d': '45', 'rules_msg': 'new test 145652', 'rules_content': 'test, wen', 'rules_sid': '11', 'rules_rev': '55'}
2025-08-23 18:03:16 [INFO] [Programm_X_Logger] [RuleModel] Правило ID=1 обновлено
2025-08-23 18:03:16 [DEBUG] [Programm_X_Logger] [BatchSaverThread] Сохранение правила ID=4: {'rules_action': 'drop', 'rules_protocol': 'udp', 'rules_ip_s': '7.7.7.7', 'rules_port_s': '789', 'rules_route': '<-', 'rules_ip_d': '8.8.8.8', 'rules_port_d': '456', 'rules_msg': 'TEST 123', 'rules_content': 'TEST', 'rules_sid': '12', 'rules_rev': '5'}
2025-08-23 18:03:16 [INFO] [Programm_X_Logger] [RuleModel] Правило ID=4 обновлено
2025-08-23 18:03:16 [DEBUG] [Programm_X_Logger] [BatchSaverThread] Сохранение правила ID=10: {'rules_action': 'alert', 'rules_protocol': 'tcp', 'rules_ip_s': '12.12.12.12', 'rules_port_s': '156', 'rules_route': '<->', 'rules_ip_d': '131.123.123.11', 'rules_port_d': '165', 'rules_msg': 'test1234', 'rules_content': 'jhvbfqjhd', 'rules_sid': '12', 'rules_rev': '515'}
2025-08-23 18:03:16 [INFO] [Programm_X_Logger] [RuleModel] Правило ID=10 обновлено
2025-08-23 18:03:16 [INFO] [Programm_X_Logger] [BatchSaverThread] Сохранение завершено успешно.
2025-08-23 18:03:21 [INFO] [Programm_X_Logger] [RulesFetcherThread] Получение правил через контроллер: offset=0, limit=20
2025-08-23 18:03:21 [INFO] [Programm_X_Logger] [EditorController] Загрузка правил: offset=0, limit=20
2025-08-23 18:03:22 [INFO] [Programm_X_Logger] [RuleModel] Получено 20 правил (offset=0, limit=20)
2025-08-23 18:03:22 [INFO] [Programm_X_Logger] [EditorController] Загружено правил: 20
2025-08-23 18:03:22 [INFO] [Programm_X_Logger] [RulesFetcherThread] Загрузка завершена, поток завершается.
2025-08-23 18:03:25 [INFO] [Programm_X_Logger] [MainWindow] Обновление данных во вкладке 'Редактор'
2025-08-23 18:03:25 [INFO] [Programm_X_Logger] [RulesFetcherThread] Получение правил через контроллер: offset=0, limit=20
2025-08-23 18:03:25 [INFO] [Programm_X_Logger] [EditorController] Загрузка правил: offset=0, limit=20
2025-08-23 18:03:25 [INFO] [Programm_X_Logger] [RuleModel] Получено 20 правил (offset=0, limit=20)
2025-08-23 18:03:25 [INFO] [Programm_X_Logger] [EditorController] Загружено правил: 20
2025-08-23 18:03:25 [INFO] [Programm_X_Logger] [RulesFetcherThread] Загрузка завершена, поток завершается.
2025-08-23 18:07:15 [INFO] [Programm_X_Logger] Логгер инициализирован. Логи пишутся в /home/ubuntupc/my-proj/progr/utils_app/../logs/app_2025-08-23.log
2025-08-23 18:07:16 [INFO] [Programm_X_Logger] === Запуск Программа Х ===
2025-08-23 18:07:16 [INFO] [Programm_X_Logger] [RulesFetcherThread] Получение правил через контроллер: offset=0, limit=20
2025-08-23 18:07:16 [INFO] [Programm_X_Logger] [EditorController] Загрузка правил: offset=0, limit=20
2025-08-23 18:07:16 [INFO] [Programm_X_Logger] [RuleModel] Получено 20 правил (offset=0, limit=20)
2025-08-23 18:07:16 [INFO] [Programm_X_Logger] [EditorController] Загружено правил: 20
2025-08-23 18:07:16 [INFO] [Programm_X_Logger] [RulesFetcherThread] Загрузка завершена, поток завершается.
2025-08-23 18:08:42 [CRITICAL] [Programm_X_Logger] [ConstructorView] Не удалось создать правило: 'ConstructorController' object has no attribute 'create_rule'
2025-08-23 18:08:49 [INFO] [Programm_X_Logger] === Завершение работы приложения ===
2025-08-23 18:14:33 [INFO] [Programm_X_Logger] Логгер инициализирован. Логи пишутся в /home/ubuntupc/my-proj/progr/utils_app/../logs/app_2025-08-23.log
2025-08-23 18:14:34 [INFO] [Programm_X_Logger] === Запуск Программа Х ===
2025-08-23 18:14:34 [INFO] [Programm_X_Logger] [RulesFetcherThread] Получение правил через контроллер: offset=0, limit=20
2025-08-23 18:14:34 [INFO] [Programm_X_Logger] [EditorController] Загрузка правил: offset=0, limit=20
2025-08-23 18:14:34 [INFO] [Programm_X_Logger] [RuleModel] Получено 20 правил (offset=0, limit=20)
2025-08-23 18:14:34 [INFO] [Programm_X_Logger] [EditorController] Загружено правил: 20
2025-08-23 18:14:34 [INFO] [Programm_X_Logger] [RulesFetcherThread] Загрузка завершена, поток завершается.
2025-08-23 18:15:39 [INFO] [Programm_X_Logger] [ConstructorController] Запуск создания нового правила
2025-08-23 18:15:40 [INFO] [Programm_X_Logger] [RuleModel] Новое правило добавлено ID=22
2025-08-23 18:16:14 [INFO] [Programm_X_Logger] [ConstructorView] Правило успешно создано (ID: None)
2025-08-23 18:16:30 [INFO] [Programm_X_Logger] [MainWindow] Обновление данных во вкладке 'Редактор'
2025-08-23 18:16:30 [INFO] [Programm_X_Logger] [RulesFetcherThread] Получение правил через контроллер: offset=0, limit=20
2025-08-23 18:16:30 [INFO] [Programm_X_Logger] [EditorController] Загрузка правил: offset=0, limit=20
2025-08-23 18:16:30 [INFO] [Programm_X_Logger] [RuleModel] Получено 20 правил (offset=0, limit=20)
2025-08-23 18:16:30 [INFO] [Programm_X_Logger] [EditorController] Загружено правил: 20
2025-08-23 18:16:30 [INFO] [Programm_X_Logger] [RulesFetcherThread] Загрузка завершена, поток завершается.
2025-08-23 18:16:31 [INFO] [Programm_X_Logger] [RulesFetcherThread] Получение правил через контроллер: offset=20, limit=20
2025-08-23 18:16:31 [INFO] [Programm_X_Logger] [EditorController] Загрузка правил: offset=20, limit=20
2025-08-23 18:16:31 [INFO] [Programm_X_Logger] [RuleModel] Получено 1 правил (offset=20, limit=20)
2025-08-23 18:16:31 [INFO] [Programm_X_Logger] [EditorController] Загружено правил: 1
2025-08-23 18:16:31 [INFO] [Programm_X_Logger] [RulesFetcherThread] Загрузка завершена, поток завершается.
2025-08-23 18:16:34 [INFO] [Programm_X_Logger] [RulesFetcherThread] Получение правил через контроллер: offset=0, limit=20
2025-08-23 18:16:34 [INFO] [Programm_X_Logger] [EditorController] Загрузка правил: offset=0, limit=20
2025-08-23 18:16:34 [INFO] [Programm_X_Logger] [RuleModel] Получено 20 правил (offset=0, limit=20)
2025-08-23 18:16:34 [INFO] [Programm_X_Logger] [EditorController] Загружено правил: 20
2025-08-23 18:16:34 [INFO] [Programm_X_Logger] [RulesFetcherThread] Загрузка завершена, поток завершается.
2025-08-23 18:16:36 [INFO] [Programm_X_Logger] === Завершение работы приложения ===
2025-08-23 18:19:22 [INFO] [Programm_X_Logger] Логгер инициализирован. Логи пишутся в /home/ubuntupc/my-proj/progr/utils_app/../logs/app_2025-08-23.log
2025-08-23 18:19:23 [INFO] [Programm_X_Logger] === Запуск Программа Х ===
2025-08-23 18:19:23 [INFO] [Programm_X_Logger] [RulesFetcherThread] Получение правил через контроллер: offset=0, limit=20
2025-08-23 18:19:23 [INFO] [Programm_X_Logger] [EditorController] Загрузка правил: offset=0, limit=20
2025-08-23 18:19:23 [INFO] [Programm_X_Logger] [RuleModel] Получено 20 правил (offset=0, limit=20)
2025-08-23 18:19:23 [INFO] [Programm_X_Logger] [EditorController] Загружено правил: 20
2025-08-23 18:19:23 [INFO] [Programm_X_Logger] [RulesFetcherThread] Загрузка завершена, поток завершается.
2025-08-23 18:20:02 [INFO] [Programm_X_Logger] [ConstructorController] Запуск создания нового правила
2025-08-23 18:20:02 [INFO] [Programm_X_Logger] [RuleModel] Новое правило добавлено ID=23
2025-08-23 18:20:10 [INFO] [Programm_X_Logger] [ConstructorView] Правило успешно создано
2025-08-23 18:20:29 [INFO] [Programm_X_Logger] === Завершение работы приложения ===
2025-08-23 18:24:42 [INFO] [Programm_X_Logger] Логгер инициализирован. Логи пишутся в /home/ubuntupc/my-proj/progr/utils_app/../logs/app_2025-08-23.log
2025-08-23 18:24:43 [INFO] [Programm_X_Logger] === Запуск Программа Х ===
2025-08-23 18:24:48 [ERROR] [Programm_X_Logger] [EditorView] Старт load_rules_async упал: RulesFetcherThread.__init__() got multiple values for argument 'offset'
Traceback (most recent call last):
  File "/home/ubuntupc/my-proj/progr/views/editor_view.py", line 59, in load_rules_async
    thread = RulesFetcherThread(self.controller, offset=self.current_offset, limit=self.limit)
             ^^^^^^^^^^^^^^^^^^^^^^^^^^^^^^^^^^^^^^^^^^^^^^^^^^^^^^^^^^^^^^^^^^^^^^^^^^^^^^^^^
TypeError: RulesFetcherThread.__init__() got multiple values for argument 'offset'
2025-08-23 18:24:50 [INFO] [Programm_X_Logger] === Завершение работы приложения ===
2025-08-23 18:25:03 [INFO] [Programm_X_Logger] Логгер инициализирован. Логи пишутся в /home/ubuntupc/my-proj/progr/utils_app/../logs/app_2025-08-23.log
2025-08-23 18:25:04 [INFO] [Programm_X_Logger] === Запуск Программа Х ===
2025-08-23 18:25:04 [INFO] [Programm_X_Logger] [RulesFetcherThread] Получение правил через контроллер: offset=0, limit=20
2025-08-23 18:25:04 [INFO] [Programm_X_Logger] [EditorController] Загрузка правил: offset=0, limit=20
2025-08-23 18:25:04 [INFO] [Programm_X_Logger] [RuleModel] Получено 20 правил (offset=0, limit=20)
2025-08-23 18:25:04 [INFO] [Programm_X_Logger] [EditorController] Загружено правил: 20
2025-08-23 18:25:04 [INFO] [Programm_X_Logger] [RulesFetcherThread] Загрузка завершена, поток завершается.
2025-08-23 18:25:08 [INFO] [Programm_X_Logger] === Завершение работы приложения ===
2025-08-23 18:33:28 [INFO] [Programm_X_Logger] Логгер инициализирован. Логи пишутся в /home/ubuntupc/my-proj/progr/utils_app/../logs/app_2025-08-23.log
2025-08-23 18:33:29 [INFO] [Programm_X_Logger] === Запуск Программа Х ===
2025-08-23 18:34:30 [INFO] [Programm_X_Logger] Логгер инициализирован. Логи пишутся в /home/ubuntupc/my-proj/progr/utils_app/../logs/app_2025-08-23.log
2025-08-23 18:34:31 [INFO] [Programm_X_Logger] === Запуск Программа Х ===
2025-08-23 18:34:31 [INFO] [Programm_X_Logger] [RulesFetcherThread] Получение правил через контроллер: offset=0, limit=20
2025-08-23 18:34:31 [INFO] [Programm_X_Logger] [EditorController] Загрузка правил: offset=0, limit=20
2025-08-23 18:34:31 [INFO] [Programm_X_Logger] [RuleModel] Получено 20 правил (offset=0, limit=20)
2025-08-23 18:34:31 [INFO] [Programm_X_Logger] [EditorController] Загружено правил: 20
2025-08-23 18:34:31 [INFO] [Programm_X_Logger] [RulesFetcherThread] Загрузка завершена, поток завершается.
2025-08-23 18:34:45 [INFO] [Programm_X_Logger] [ExportView] Запрошен экспорт: system=IPS, path=/home/ubuntupc/Загрузки/123ds
2025-08-23 18:34:45 [INFO] [Programm_X_Logger] [ExportController] export_rules_async: type=IPS, path=/home/ubuntupc/Загрузки/123ds
2025-08-23 18:34:45 [INFO] [Programm_X_Logger] [ExportRulesThread] Экспорт правил: system_type=ips, file=/home/ubuntupc/Загрузки/123ds
2025-08-23 18:34:45 [INFO] [Programm_X_Logger] [ExportModel] Получение правил для ips (actions=('drop', 'reject', 'sdrop'))
2025-08-23 18:34:45 [INFO] [Programm_X_Logger] [ExportModel] Получено 7 правил для ips
2025-08-23 18:34:45 [INFO] [Programm_X_Logger] [ExportRulesThread] Экспортировано 7 правил в /home/ubuntupc/Загрузки/123ds
2025-08-23 18:34:45 [INFO] [Programm_X_Logger] [ExportController] Экспорт завершён: Экспортировано 7 правил в /home/ubuntupc/Загрузки/123ds
2025-08-23 18:34:50 [INFO] [Programm_X_Logger] === Завершение работы приложения ===
2025-08-23 18:36:15 [INFO] [Programm_X_Logger] Логгер инициализирован. Логи пишутся в /home/ubuntupc/my-proj/progr/utils_app/../logs/app_2025-08-23.log
2025-08-23 18:36:16 [INFO] [Programm_X_Logger] === Запуск Программа Х ===
2025-08-23 18:36:16 [INFO] [Programm_X_Logger] [RulesFetcherThread] Получение правил через контроллер: offset=0, limit=20
2025-08-23 18:36:16 [INFO] [Programm_X_Logger] [EditorController] Загрузка правил: offset=0, limit=20
2025-08-23 18:36:16 [INFO] [Programm_X_Logger] [RuleModel] Получено 20 правил (offset=0, limit=20)
2025-08-23 18:36:16 [INFO] [Programm_X_Logger] [EditorController] Загружено правил: 20
2025-08-23 18:36:16 [INFO] [Programm_X_Logger] [RulesFetcherThread] Загрузка завершена, поток завершается.
2025-08-23 18:36:27 [INFO] [Programm_X_Logger] [ConstructorView] Выбран файл: /home/ubuntupc/file_constr.txt
2025-08-23 18:37:10 [INFO] [Programm_X_Logger] Логгер инициализирован. Логи пишутся в /home/ubuntupc/my-proj/progr/utils_app/../logs/app_2025-08-23.log
2025-08-23 18:37:11 [INFO] [Programm_X_Logger] === Запуск Программа Х ===
2025-08-23 18:37:11 [INFO] [Programm_X_Logger] [RulesFetcherThread] Получение правил через контроллер: offset=0, limit=20
2025-08-23 18:37:11 [INFO] [Programm_X_Logger] [EditorController] Загрузка правил: offset=0, limit=20
2025-08-23 18:37:11 [INFO] [Programm_X_Logger] [RuleModel] Получено 20 правил (offset=0, limit=20)
2025-08-23 18:37:11 [INFO] [Programm_X_Logger] [EditorController] Загружено правил: 20
2025-08-23 18:37:11 [INFO] [Programm_X_Logger] [RulesFetcherThread] Загрузка завершена, поток завершается.
2025-08-23 18:37:16 [INFO] [Programm_X_Logger] [ConstructorView] Выбран файл: /home/ubuntupc/file_constr.txt
2025-08-23 18:37:16 [INFO] [Programm_X_Logger] [FileLoaderThread] Загрузка файла: /home/ubuntupc/file_constr.txt
2025-08-23 18:37:16 [INFO] [Programm_X_Logger] [FileLoaderThread] Файл успешно загружен, строк: 172
2025-08-23 18:37:17 [INFO] [Programm_X_Logger] [ConstructorView] Загружено строк: 172
2025-08-23 18:37:19 [INFO] [Programm_X_Logger] === Завершение работы приложения ===
2025-08-23 18:40:46 [INFO] [Programm_X_Logger] Логгер инициализирован. Логи пишутся в /home/ubuntupc/my-proj/progr/utils_app/../logs/app_2025-08-23.log
2025-08-23 18:40:47 [INFO] [Programm_X_Logger] === Запуск Программа Х ===
2025-08-23 18:40:47 [INFO] [Programm_X_Logger] [RulesFetcherThread] Получение правил через контроллер: offset=0, limit=20
2025-08-23 18:40:47 [INFO] [Programm_X_Logger] [EditorController] Загрузка правил: offset=0, limit=20
2025-08-23 18:40:47 [INFO] [Programm_X_Logger] [RuleModel] Получено 20 правил (offset=0, limit=20)
2025-08-23 18:40:47 [INFO] [Programm_X_Logger] [EditorController] Загружено правил: 20
2025-08-23 18:40:47 [INFO] [Programm_X_Logger] [RulesFetcherThread] Загрузка завершена, поток завершается.
2025-08-23 18:40:53 [INFO] [Programm_X_Logger] [RulesFetcherThread] Получение правил через контроллер: offset=20, limit=20
2025-08-23 18:40:53 [INFO] [Programm_X_Logger] [EditorController] Загрузка правил: offset=20, limit=20
2025-08-23 18:40:53 [INFO] [Programm_X_Logger] [RuleModel] Получено 2 правил (offset=20, limit=20)
2025-08-23 18:40:53 [INFO] [Programm_X_Logger] [EditorController] Загружено правил: 2
2025-08-23 18:40:53 [INFO] [Programm_X_Logger] [RulesFetcherThread] Загрузка завершена, поток завершается.
2025-08-23 18:41:00 [INFO] [Programm_X_Logger] [RulesFetcherThread] Получение правил через контроллер: offset=0, limit=20
2025-08-23 18:41:00 [INFO] [Programm_X_Logger] [EditorController] Загрузка правил: offset=0, limit=20
2025-08-23 18:41:00 [INFO] [Programm_X_Logger] [RuleModel] Получено 20 правил (offset=0, limit=20)
2025-08-23 18:41:00 [INFO] [Programm_X_Logger] [EditorController] Загружено правил: 20
2025-08-23 18:41:00 [INFO] [Programm_X_Logger] [RulesFetcherThread] Загрузка завершена, поток завершается.
2025-08-23 18:41:02 [INFO] [Programm_X_Logger] [RulesFetcherThread] Получение правил через контроллер: offset=20, limit=20
2025-08-23 18:41:02 [INFO] [Programm_X_Logger] [EditorController] Загрузка правил: offset=20, limit=20
2025-08-23 18:41:02 [INFO] [Programm_X_Logger] [RuleModel] Получено 2 правил (offset=20, limit=20)
2025-08-23 18:41:02 [INFO] [Programm_X_Logger] [EditorController] Загружено правил: 2
2025-08-23 18:41:02 [INFO] [Programm_X_Logger] [RulesFetcherThread] Загрузка завершена, поток завершается.
2025-08-23 18:41:05 [INFO] [Programm_X_Logger] [EditorController] Запущен для оценки
2025-08-23 18:41:05 [INFO] [Programm_X_Logger] [RuleModel] Голос добавлен для правила ID=23, positive=True
2025-08-23 18:41:05 [INFO] [Programm_X_Logger] [RulesFetcherThread] Получение правил через контроллер: offset=20, limit=20
2025-08-23 18:41:05 [INFO] [Programm_X_Logger] [EditorController] Загрузка правил: offset=20, limit=20
2025-08-23 18:41:05 [INFO] [Programm_X_Logger] [RuleModel] Получено 2 правил (offset=20, limit=20)
2025-08-23 18:41:05 [INFO] [Programm_X_Logger] [EditorController] Загружено правил: 2
2025-08-23 18:41:05 [INFO] [Programm_X_Logger] [RulesFetcherThread] Загрузка завершена, поток завершается.
2025-08-23 18:41:08 [INFO] [Programm_X_Logger] [RulesFetcherThread] Получение правил через контроллер: offset=0, limit=20
2025-08-23 18:41:08 [INFO] [Programm_X_Logger] [EditorController] Загрузка правил: offset=0, limit=20
2025-08-23 18:41:08 [INFO] [Programm_X_Logger] [RuleModel] Получено 20 правил (offset=0, limit=20)
2025-08-23 18:41:08 [INFO] [Programm_X_Logger] [EditorController] Загружено правил: 20
2025-08-23 18:41:08 [INFO] [Programm_X_Logger] [RulesFetcherThread] Загрузка завершена, поток завершается.
2025-08-23 18:41:11 [INFO] [Programm_X_Logger] === Завершение работы приложения ===
2025-08-23 18:42:43 [INFO] [Programm_X_Logger] Логгер инициализирован. Логи пишутся в /home/ubuntupc/my-proj/progr/utils_app/../logs/app_2025-08-23.log
2025-08-23 18:42:43 [INFO] [Programm_X_Logger] === Запуск Программа Х ===
2025-08-23 18:42:44 [INFO] [Programm_X_Logger] [RulesFetcherThread] Получение правил через контроллер: offset=0, limit=20
2025-08-23 18:42:44 [INFO] [Programm_X_Logger] [EditorController] Загрузка правил: offset=0, limit=20
2025-08-23 18:42:44 [INFO] [Programm_X_Logger] [RuleModel] Получено 20 правил (offset=0, limit=20)
2025-08-23 18:42:44 [INFO] [Programm_X_Logger] [EditorController] Загружено правил: 20
2025-08-23 18:42:44 [INFO] [Programm_X_Logger] [RulesFetcherThread] Загрузка завершена, поток завершается.
2025-08-23 18:42:49 [INFO] [Programm_X_Logger] [ConstructorView] Выбран файл: /home/ubuntupc/file_constr.txt
2025-08-23 18:42:49 [INFO] [Programm_X_Logger] [FileLoaderThread] Загрузка файла: /home/ubuntupc/file_constr.txt
2025-08-23 18:42:49 [INFO] [Programm_X_Logger] [FileLoaderThread] Файл успешно загружен, строк: 172
2025-08-23 18:42:50 [INFO] [Programm_X_Logger] [ConstructorView] Загружено строк: 172
2025-08-23 18:42:59 [INFO] [Programm_X_Logger] [ConstructorController] start_log_parse: type=Apache, lines=172
2025-08-23 18:42:59 [INFO] [Programm_X_Logger] [LogParserThread] Запуск парсинга: type=Apache, lines=172
2025-08-23 18:42:59 [INFO] [Programm_X_Logger] [LogParser] Парсинг Apache/Nginx логов, строк=172
2025-08-23 18:42:59 [INFO] [Programm_X_Logger] [LogParser] Получено 0 записей Apache/Nginx
2025-08-23 18:42:59 [INFO] [Programm_X_Logger] [LogParserThread] Парсинг завершён, поток завершается.
2025-08-23 18:42:59 [INFO] [Programm_X_Logger] [ConstructorController] Парсинг завершён, записей: 0
2025-08-23 18:42:59 [INFO] [Programm_X_Logger] [ConstructorController] Запуск создания таблицы логов
2025-08-23 18:42:59 [INFO] [Programm_X_Logger] [LogTableModel] Запущен
2025-08-23 18:42:59 [INFO] [Programm_X_Logger] [ConstructorController]  Создание таблицы логов закончено
2025-08-23 18:42:59 [INFO] [Programm_X_Logger] [ConstructorView] Таблица логов сформирована: 0 записей
2025-08-23 18:43:35 [INFO] [Programm_X_Logger] [ConstructorController] Запуск создания нового правила
2025-08-23 18:43:35 [INFO] [Programm_X_Logger] [RuleModel] Новое правило добавлено ID=24
2025-08-23 18:43:36 [INFO] [Programm_X_Logger] [ConstructorView] Правило успешно создано
2025-08-23 18:43:39 [INFO] [Programm_X_Logger] [RulesFetcherThread] Получение правил через контроллер: offset=20, limit=20
2025-08-23 18:43:39 [INFO] [Programm_X_Logger] [EditorController] Загрузка правил: offset=20, limit=20
2025-08-23 18:43:39 [INFO] [Programm_X_Logger] [RuleModel] Получено 3 правил (offset=20, limit=20)
2025-08-23 18:43:39 [INFO] [Programm_X_Logger] [EditorController] Загружено правил: 3
2025-08-23 18:43:39 [INFO] [Programm_X_Logger] [RulesFetcherThread] Загрузка завершена, поток завершается.
2025-08-23 18:43:44 [INFO] [Programm_X_Logger] [EditorController] Получение данных правила ID=24
2025-08-23 18:43:44 [INFO] [Programm_X_Logger] [RuleModel] Получено правило ID=24
2025-08-23 18:43:47 [INFO] [Programm_X_Logger] [EditorController] Изменение правила ID=24: {'rules_action': 'alert', 'rules_protocol': 'udp', 'rules_ip_s': 'any', 'rules_port_s': 'any', 'rules_route': '<-', 'rules_ip_d': 'any', 'rules_port_d': 'any', 'rules_msg': 'any any test any', 'rules_content': 'any, any, any', 'rules_sid': '64', 'rules_rev': '8'}
2025-08-23 18:43:50 [INFO] [Programm_X_Logger] [EditorController] Получение данных правила ID=22
2025-08-23 18:43:50 [INFO] [Programm_X_Logger] [RuleModel] Получено правило ID=22
2025-08-23 18:43:52 [INFO] [Programm_X_Logger] [EditorController] Получение данных правила ID=23
2025-08-23 18:43:52 [INFO] [Programm_X_Logger] [RuleModel] Получено правило ID=23
2025-08-23 18:43:54 [INFO] [Programm_X_Logger] [BatchSaverThread] Сохранение 1 правил...
2025-08-23 18:43:54 [DEBUG] [Programm_X_Logger] [BatchSaverThread] Сохранение правила ID=24: {'rules_action': 'alert', 'rules_protocol': 'udp', 'rules_ip_s': 'any', 'rules_port_s': 'any', 'rules_route': '<-', 'rules_ip_d': 'any', 'rules_port_d': 'any', 'rules_msg': 'any any test any', 'rules_content': 'any, any, any', 'rules_sid': '64', 'rules_rev': '8'}
2025-08-23 18:43:54 [INFO] [Programm_X_Logger] [RuleModel] Правило ID=24 обновлено
2025-08-23 18:43:54 [INFO] [Programm_X_Logger] [BatchSaverThread] Сохранение завершено успешно.
2025-08-23 18:43:56 [INFO] [Programm_X_Logger] [RulesFetcherThread] Получение правил через контроллер: offset=20, limit=20
2025-08-23 18:43:56 [INFO] [Programm_X_Logger] [EditorController] Загрузка правил: offset=20, limit=20
2025-08-23 18:43:56 [INFO] [Programm_X_Logger] [RuleModel] Получено 3 правил (offset=20, limit=20)
2025-08-23 18:43:56 [INFO] [Programm_X_Logger] [EditorController] Загружено правил: 3
2025-08-23 18:43:56 [INFO] [Programm_X_Logger] [RulesFetcherThread] Загрузка завершена, поток завершается.
2025-08-23 18:43:57 [INFO] [Programm_X_Logger] [RulesFetcherThread] Получение правил через контроллер: offset=0, limit=20
2025-08-23 18:43:57 [INFO] [Programm_X_Logger] [EditorController] Загрузка правил: offset=0, limit=20
2025-08-23 18:43:57 [INFO] [Programm_X_Logger] [RuleModel] Получено 20 правил (offset=0, limit=20)
2025-08-23 18:43:57 [INFO] [Programm_X_Logger] [EditorController] Загружено правил: 20
2025-08-23 18:43:57 [INFO] [Programm_X_Logger] [RulesFetcherThread] Загрузка завершена, поток завершается.
2025-08-23 18:44:10 [INFO] [Programm_X_Logger] [ExportView] Запрошен экспорт: system=IDS, path=/home/ubuntupc/Загрузки/45678hdfa
2025-08-23 18:44:10 [INFO] [Programm_X_Logger] [ExportController] export_rules_async: type=IDS, path=/home/ubuntupc/Загрузки/45678hdfa
2025-08-23 18:44:10 [INFO] [Programm_X_Logger] [ExportRulesThread] Экспорт правил: system_type=ids, file=/home/ubuntupc/Загрузки/45678hdfa
2025-08-23 18:44:10 [INFO] [Programm_X_Logger] [ExportModel] Получение правил для ids (actions=('alert', 'log', 'pass', 'activate', 'dynamic'))
2025-08-23 18:44:10 [INFO] [Programm_X_Logger] [ExportModel] Получено 16 правил для ids
2025-08-23 18:44:10 [INFO] [Programm_X_Logger] [ExportRulesThread] Экспортировано 16 правил в /home/ubuntupc/Загрузки/45678hdfa
2025-08-23 18:44:10 [INFO] [Programm_X_Logger] [ExportController] Экспорт завершён: Экспортировано 16 правил в /home/ubuntupc/Загрузки/45678hdfa
2025-08-23 18:44:14 [INFO] [Programm_X_Logger] === Завершение работы приложения ===
2025-08-23 23:34:56 [INFO] [Programm_X_Logger] Логгер инициализирован. Логи пишутся в /home/ubuntupc/my-proj/progr/utils_app/../logs/app_2025-08-23.log
2025-08-23 23:34:57 [INFO] [Programm_X_Logger] === Запуск Программа Х ===
2025-08-23 23:34:57 [INFO] [Programm_X_Logger] [RulesFetcherThread] Получение правил через контроллер: offset=0, limit=20
2025-08-23 23:34:57 [INFO] [Programm_X_Logger] [EditorController] Загрузка правил: offset=0, limit=20
2025-08-23 23:34:57 [INFO] [Programm_X_Logger] [RuleModel] Получено 20 правил (offset=0, limit=20)
2025-08-23 23:34:57 [INFO] [Programm_X_Logger] [EditorController] Загружено правил: 20
2025-08-23 23:34:57 [INFO] [Programm_X_Logger] [RulesFetcherThread] Загрузка завершена, поток завершается.
2025-08-23 23:35:25 [INFO] [Programm_X_Logger] [RulesFetcherThread] Получение правил через контроллер: offset=20, limit=20
2025-08-23 23:35:25 [INFO] [Programm_X_Logger] [EditorController] Загрузка правил: offset=20, limit=20
2025-08-23 23:35:25 [INFO] [Programm_X_Logger] [RuleModel] Получено 3 правил (offset=20, limit=20)
2025-08-23 23:35:25 [INFO] [Programm_X_Logger] [EditorController] Загружено правил: 3
2025-08-23 23:35:25 [INFO] [Programm_X_Logger] [RulesFetcherThread] Загрузка завершена, поток завершается.
2025-08-23 23:35:28 [INFO] [Programm_X_Logger] === Завершение работы приложения ===
2025-08-23 23:35:53 [INFO] [Programm_X_Logger] Логгер инициализирован. Логи пишутся в /home/ubuntupc/my-proj/progr/utils_app/../logs/app_2025-08-23.log
2025-08-23 23:35:54 [INFO] [Programm_X_Logger] === Запуск Программа Х ===
2025-08-23 23:36:09 [INFO] [Programm_X_Logger] [MainWindow] Обновление данных во вкладке 'Редактор'
2025-08-23 23:36:09 [INFO] [Programm_X_Logger] [RulesFetcherThread] Получение правил через контроллер: offset=0, limit=20
2025-08-23 23:36:09 [INFO] [Programm_X_Logger] [EditorController] Загрузка правил: offset=0, limit=20
2025-08-23 23:36:09 [INFO] [Programm_X_Logger] [RuleModel] Получено 20 правил (offset=0, limit=20)
2025-08-23 23:36:09 [INFO] [Programm_X_Logger] [EditorController] Загружено правил: 20
2025-08-23 23:36:09 [INFO] [Programm_X_Logger] [RulesFetcherThread] Загрузка завершена, поток завершается.
2025-08-23 23:36:16 [INFO] [Programm_X_Logger] === Завершение работы приложения ===
2025-08-23 23:36:18 [INFO] [Programm_X_Logger] Логгер инициализирован. Логи пишутся в /home/ubuntupc/my-proj/progr/utils_app/../logs/app_2025-08-23.log
2025-08-23 23:36:19 [INFO] [Programm_X_Logger] === Запуск Программа Х ===
2025-08-23 23:36:24 [INFO] [Programm_X_Logger] === Завершение работы приложения ===
2025-08-23 23:36:26 [INFO] [Programm_X_Logger] Логгер инициализирован. Логи пишутся в /home/ubuntupc/my-proj/progr/utils_app/../logs/app_2025-08-23.log
2025-08-23 23:36:27 [INFO] [Programm_X_Logger] === Запуск Программа Х ===
2025-08-23 23:36:31 [INFO] [Programm_X_Logger] [MainWindow] Обновление данных во вкладке 'Редактор'
2025-08-23 23:36:31 [INFO] [Programm_X_Logger] [RulesFetcherThread] Получение правил через контроллер: offset=0, limit=20
2025-08-23 23:36:31 [INFO] [Programm_X_Logger] [EditorController] Загрузка правил: offset=0, limit=20
2025-08-23 23:36:31 [INFO] [Programm_X_Logger] [RuleModel] Получено 20 правил (offset=0, limit=20)
2025-08-23 23:36:31 [INFO] [Programm_X_Logger] [EditorController] Загружено правил: 20
2025-08-23 23:36:31 [INFO] [Programm_X_Logger] [RulesFetcherThread] Загрузка завершена, поток завершается.
2025-08-23 23:36:34 [INFO] [Programm_X_Logger] [RulesFetcherThread] Получение правил через контроллер: offset=20, limit=20
2025-08-23 23:36:34 [INFO] [Programm_X_Logger] [EditorController] Загрузка правил: offset=20, limit=20
2025-08-23 23:36:34 [INFO] [Programm_X_Logger] [RuleModel] Получено 3 правил (offset=20, limit=20)
2025-08-23 23:36:34 [INFO] [Programm_X_Logger] [EditorController] Загружено правил: 3
2025-08-23 23:36:34 [INFO] [Programm_X_Logger] [RulesFetcherThread] Загрузка завершена, поток завершается.
2025-08-23 23:36:36 [INFO] [Programm_X_Logger] === Завершение работы приложения ===
2025-08-23 23:37:19 [INFO] [Programm_X_Logger] Логгер инициализирован. Логи пишутся в /home/ubuntupc/my-proj/progr/utils_app/../logs/app_2025-08-23.log
2025-08-23 23:37:20 [INFO] [Programm_X_Logger] === Запуск Программа Х ===
2025-08-23 23:37:20 [INFO] [Programm_X_Logger] [RulesFetcherThread] Получение правил через контроллер: offset=0, limit=20
2025-08-23 23:37:20 [INFO] [Programm_X_Logger] [EditorController] Загрузка правил: offset=0, limit=20
2025-08-23 23:37:20 [INFO] [Programm_X_Logger] [RuleModel] Получено 20 правил (offset=0, limit=20)
2025-08-23 23:37:20 [INFO] [Programm_X_Logger] [EditorController] Загружено правил: 20
2025-08-23 23:37:20 [INFO] [Programm_X_Logger] [RulesFetcherThread] Загрузка завершена, поток завершается.
2025-08-23 23:37:23 [INFO] [Programm_X_Logger] [RulesFetcherThread] Получение правил через контроллер: offset=20, limit=20
2025-08-23 23:37:23 [INFO] [Programm_X_Logger] [EditorController] Загрузка правил: offset=20, limit=20
2025-08-23 23:37:24 [INFO] [Programm_X_Logger] [RuleModel] Получено 3 правил (offset=20, limit=20)
2025-08-23 23:37:24 [INFO] [Programm_X_Logger] [EditorController] Загружено правил: 3
2025-08-23 23:37:24 [INFO] [Programm_X_Logger] [RulesFetcherThread] Загрузка завершена, поток завершается.
2025-08-23 23:37:24 [INFO] [Programm_X_Logger] [RulesFetcherThread] Получение правил через контроллер: offset=0, limit=20
2025-08-23 23:37:24 [INFO] [Programm_X_Logger] [EditorController] Загрузка правил: offset=0, limit=20
2025-08-23 23:37:24 [INFO] [Programm_X_Logger] [RuleModel] Получено 20 правил (offset=0, limit=20)
2025-08-23 23:37:24 [INFO] [Programm_X_Logger] [EditorController] Загружено правил: 20
2025-08-23 23:37:24 [INFO] [Programm_X_Logger] [RulesFetcherThread] Загрузка завершена, поток завершается.
2025-08-23 23:37:30 [INFO] [Programm_X_Logger] === Завершение работы приложения ===
