2025-08-16 01:45:27 [INFO] [IDS_IPS_Logger] Логгер инициализирован. Логи пишутся в /home/ubuntupc/my-proj/progr/utils_app/../logs/app_2025-08-16.log
2025-08-16 01:45:28 [INFO] [IDS_IPS_Logger] === Запуск Программа Х ===
2025-08-16 01:45:28 [INFO] [IDS_IPS_Logger] [EditorController] Загрузка правил: offset=0, limit=10
2025-08-16 01:45:28 [INFO] [IDS_IPS_Logger] [RuleModel] Получено 10 правил (offset=0, limit=10)
2025-08-16 01:45:28 [INFO] [IDS_IPS_Logger] [EditorController] Загружено правил: 10
2025-08-16 01:45:31 [INFO] [IDS_IPS_Logger] === Завершение работы приложения ===
2025-08-16 01:45:48 [INFO] [IDS_IPS_Logger] Логгер инициализирован. Логи пишутся в /home/ubuntupc/my-proj/progr/utils_app/../logs/app_2025-08-16.log
2025-08-16 01:45:49 [INFO] [IDS_IPS_Logger] === Запуск Программа Х ===
2025-08-16 01:45:49 [INFO] [IDS_IPS_Logger] [EditorController] Загрузка правил: offset=10, limit=20
2025-08-16 01:45:49 [INFO] [IDS_IPS_Logger] [RuleModel] Получено 7 правил (offset=10, limit=20)
2025-08-16 01:45:49 [INFO] [IDS_IPS_Logger] [EditorController] Загружено правил: 7
2025-08-16 01:45:54 [INFO] [IDS_IPS_Logger] === Завершение работы приложения ===
2025-08-16 01:46:03 [INFO] [IDS_IPS_Logger] Логгер инициализирован. Логи пишутся в /home/ubuntupc/my-proj/progr/utils_app/../logs/app_2025-08-16.log
2025-08-16 01:46:04 [INFO] [IDS_IPS_Logger] === Запуск Программа Х ===
2025-08-16 01:46:04 [INFO] [IDS_IPS_Logger] [EditorController] Загрузка правил: offset=0, limit=20
2025-08-16 01:46:04 [INFO] [IDS_IPS_Logger] [RuleModel] Получено 17 правил (offset=0, limit=20)
2025-08-16 01:46:04 [INFO] [IDS_IPS_Logger] [EditorController] Загружено правил: 17
2025-08-16 01:46:19 [INFO] [IDS_IPS_Logger] [EditorController] Загрузка правил: offset=20, limit=20
2025-08-16 01:46:19 [INFO] [IDS_IPS_Logger] [RuleModel] Получено 0 правил (offset=20, limit=20)
2025-08-16 01:46:19 [INFO] [IDS_IPS_Logger] [EditorController] Загружено правил: 0
2025-08-16 01:46:22 [INFO] [IDS_IPS_Logger] [EditorController] Загрузка правил: offset=0, limit=20
2025-08-16 01:46:22 [INFO] [IDS_IPS_Logger] [RuleModel] Получено 17 правил (offset=0, limit=20)
2025-08-16 01:46:22 [INFO] [IDS_IPS_Logger] [EditorController] Загружено правил: 17
2025-08-16 01:46:24 [INFO] [IDS_IPS_Logger] [EditorController] Загрузка правил: offset=20, limit=20
2025-08-16 01:46:24 [INFO] [IDS_IPS_Logger] [RuleModel] Получено 0 правил (offset=20, limit=20)
2025-08-16 01:46:24 [INFO] [IDS_IPS_Logger] [EditorController] Загружено правил: 0
2025-08-16 01:46:27 [INFO] [IDS_IPS_Logger] [EditorController] Загрузка правил: offset=0, limit=20
2025-08-16 01:46:27 [INFO] [IDS_IPS_Logger] [RuleModel] Получено 17 правил (offset=0, limit=20)
2025-08-16 01:46:27 [INFO] [IDS_IPS_Logger] [EditorController] Загружено правил: 17
2025-08-16 01:46:29 [INFO] [IDS_IPS_Logger] [EditorController] Сохранение 0 правил...
2025-08-16 01:46:29 [INFO] [IDS_IPS_Logger] [EditorController] Все изменения успешно сохранены
2025-08-16 01:46:31 [INFO] [IDS_IPS_Logger] [EditorController] Загрузка правил: offset=0, limit=20
2025-08-16 01:46:31 [INFO] [IDS_IPS_Logger] [RuleModel] Получено 17 правил (offset=0, limit=20)
2025-08-16 01:46:31 [INFO] [IDS_IPS_Logger] [EditorController] Загружено правил: 17
2025-08-16 01:46:44 [INFO] [IDS_IPS_Logger] [ExportView] Запрошен экспорт правил: system_type=IDS, file=/home/ubuntupc/Загрузки/test
2025-08-16 01:46:44 [INFO] [IDS_IPS_Logger] [ExportRulesThread] Экспорт правил: system_type=ids, file=/home/ubuntupc/Загрузки/test
2025-08-16 01:46:44 [INFO] [IDS_IPS_Logger] [ExportModel] Получение правил для ids (actions=('alert', 'log', 'pass', 'activate', 'dynamic'))
2025-08-16 01:46:44 [INFO] [IDS_IPS_Logger] [ExportModel] Получено 11 правил для ids
2025-08-16 01:46:44 [INFO] [IDS_IPS_Logger] [ExportRulesThread] Экспортировано 11 правил в /home/ubuntupc/Загрузки/test
