2025-09-17 15:27:42 [INFO] [Programm_X_Logger] Логгер инициализирован. Логи пишутся в /home/ubuntupc/my-proj/progr/utils_app/../logs/app_2025-09-17.log
2025-09-17 15:27:43 [INFO] [Programm_X_Logger] === Запуск Программа Х ===
2025-09-17 15:27:43 [INFO] [Programm_X_Logger] [RulesFetcherThread] Получение правил через контроллер: offset=0, limit=20
2025-09-17 15:27:43 [INFO] [Programm_X_Logger] [EditorController] Загрузка правил: offset=0, limit=20
2025-09-17 15:27:44 [INFO] [Programm_X_Logger] [RuleModel] Получено 20 правил (offset=0, limit=20)
2025-09-17 15:27:44 [INFO] [Programm_X_Logger] [EditorController] Загружено правил: 20
2025-09-17 15:27:44 [INFO] [Programm_X_Logger] [RulesFetcherThread] Загрузка завершена, поток завершается.
2025-09-17 15:27:50 [INFO] [Programm_X_Logger] === Завершение работы приложения ===
2025-09-17 17:39:31 [INFO] [Programm_X_Logger] Логгер инициализирован. Логи пишутся в /home/ubuntupc/my-proj/progr/utils_app/../logs/app_2025-09-17.log
2025-09-17 17:39:32 [INFO] [Programm_X_Logger] === Запуск Программа Х ===
2025-09-17 17:39:32 [INFO] [Programm_X_Logger] [RulesFetcherThread] Получение правил через контроллер: offset=0, limit=20
2025-09-17 17:39:32 [INFO] [Programm_X_Logger] [EditorController] Загрузка правил: offset=0, limit=20
2025-09-17 17:39:32 [INFO] [Programm_X_Logger] [RuleModel] Получено 20 правил (offset=0, limit=20)
2025-09-17 17:39:32 [INFO] [Programm_X_Logger] [EditorController] Загружено правил: 20
2025-09-17 17:39:32 [INFO] [Programm_X_Logger] [RulesFetcherThread] Загрузка завершена, поток завершается.
2025-09-17 17:40:41 [INFO] [Programm_X_Logger] [EditorController] Получение данных правила ID=1
2025-09-17 17:40:41 [INFO] [Programm_X_Logger] [RuleModel] Получено правило ID=1
2025-09-17 17:41:39 [INFO] [Programm_X_Logger] [EditorController] Запущен для оценки
2025-09-17 17:41:39 [INFO] [Programm_X_Logger] [RuleModel] Голос добавлен для правила ID=6, positive=False
2025-09-17 17:41:39 [INFO] [Programm_X_Logger] [RulesFetcherThread] Получение правил через контроллер: offset=0, limit=20
2025-09-17 17:41:39 [INFO] [Programm_X_Logger] [EditorController] Загрузка правил: offset=0, limit=20
2025-09-17 17:41:39 [INFO] [Programm_X_Logger] [RuleModel] Получено 20 правил (offset=0, limit=20)
2025-09-17 17:41:39 [INFO] [Programm_X_Logger] [EditorController] Загружено правил: 20
2025-09-17 17:41:39 [INFO] [Programm_X_Logger] [RulesFetcherThread] Загрузка завершена, поток завершается.
2025-09-17 17:41:49 [INFO] [Programm_X_Logger] [EditorController] Получение данных правила ID=12
2025-09-17 17:41:49 [INFO] [Programm_X_Logger] [RuleModel] Получено правило ID=12
2025-09-17 17:41:58 [INFO] [Programm_X_Logger] [EditorController] Изменение правила ID=12: {'rules_action': 'alert', 'rules_protocol': 'tcp', 'rules_ip_s': '192.168.0.0', 'rules_port_s': '50', 'rules_route': '->', 'rules_ip_d': '7.7.7.7', 'rules_port_d': '53', 'rules_msg': 'New dns req test rule', 'rules_content': 'dns. req', 'rules_sid': '1202', 'rules_rev': '1'}
2025-09-17 17:42:09 [INFO] [Programm_X_Logger] [EditorController] Получение данных правила ID=16
2025-09-17 17:42:09 [INFO] [Programm_X_Logger] [RuleModel] Получено правило ID=16
2025-09-17 17:42:20 [INFO] [Programm_X_Logger] [EditorController] Изменение правила ID=16: {'rules_action': 'alert', 'rules_protocol': 'tcp', 'rules_ip_s': 'any', 'rules_port_s': 'any', 'rules_route': '->', 'rules_ip_d': '192.168.0.0', 'rules_port_d': 'any', 'rules_msg': 'Test rule', 'rules_content': 'test', 'rules_sid': '1001', 'rules_rev': '12'}
2025-09-17 17:42:23 [INFO] [Programm_X_Logger] [EditorController] Получение данных правила ID=20
2025-09-17 17:42:23 [INFO] [Programm_X_Logger] [RuleModel] Получено правило ID=20
2025-09-17 17:42:27 [INFO] [Programm_X_Logger] [EditorController] Изменение правила ID=20: {'rules_action': 'pass', 'rules_protocol': 'tcp', 'rules_ip_s': 'any', 'rules_port_s': 'any', 'rules_route': '->', 'rules_ip_d': 'any', 'rules_port_d': 'any', 'rules_msg': 'pass', 'rules_content': 're, je, ct, ru, le', 'rules_sid': '12', 'rules_rev': '1'}
2025-09-17 17:42:34 [INFO] [Programm_X_Logger] [BatchSaverThread] Сохранение 3 правил...
2025-09-17 17:42:34 [DEBUG] [Programm_X_Logger] [BatchSaverThread] Сохранение правила ID=12: {'rules_action': 'alert', 'rules_protocol': 'tcp', 'rules_ip_s': '192.168.0.0', 'rules_port_s': '50', 'rules_route': '->', 'rules_ip_d': '7.7.7.7', 'rules_port_d': '53', 'rules_msg': 'New dns req test rule', 'rules_content': 'dns. req', 'rules_sid': '1202', 'rules_rev': '1'}
2025-09-17 17:42:34 [INFO] [Programm_X_Logger] [RuleModel] Правило ID=12 обновлено
2025-09-17 17:42:34 [DEBUG] [Programm_X_Logger] [BatchSaverThread] Сохранение правила ID=16: {'rules_action': 'alert', 'rules_protocol': 'tcp', 'rules_ip_s': 'any', 'rules_port_s': 'any', 'rules_route': '->', 'rules_ip_d': '192.168.0.0', 'rules_port_d': 'any', 'rules_msg': 'Test rule', 'rules_content': 'test', 'rules_sid': '1001', 'rules_rev': '12'}
2025-09-17 17:42:34 [INFO] [Programm_X_Logger] [RuleModel] Правило ID=16 обновлено
2025-09-17 17:42:34 [DEBUG] [Programm_X_Logger] [BatchSaverThread] Сохранение правила ID=20: {'rules_action': 'pass', 'rules_protocol': 'tcp', 'rules_ip_s': 'any', 'rules_port_s': 'any', 'rules_route': '->', 'rules_ip_d': 'any', 'rules_port_d': 'any', 'rules_msg': 'pass', 'rules_content': 're, je, ct, ru, le', 'rules_sid': '12', 'rules_rev': '1'}
2025-09-17 17:42:34 [INFO] [Programm_X_Logger] [RuleModel] Правило ID=20 обновлено
2025-09-17 17:42:34 [INFO] [Programm_X_Logger] [BatchSaverThread] Сохранение завершено успешно.
2025-09-17 17:42:39 [INFO] [Programm_X_Logger] [RulesFetcherThread] Получение правил через контроллер: offset=0, limit=20
2025-09-17 17:42:39 [INFO] [Programm_X_Logger] [EditorController] Загрузка правил: offset=0, limit=20
2025-09-17 17:42:39 [INFO] [Programm_X_Logger] [RuleModel] Получено 20 правил (offset=0, limit=20)
2025-09-17 17:42:39 [INFO] [Programm_X_Logger] [EditorController] Загружено правил: 20
2025-09-17 17:42:39 [INFO] [Programm_X_Logger] [RulesFetcherThread] Загрузка завершена, поток завершается.
2025-09-17 17:42:53 [INFO] [Programm_X_Logger] [MainWindow] Обновление данных во вкладке 'Редактор'
2025-09-17 17:42:53 [INFO] [Programm_X_Logger] [RulesFetcherThread] Получение правил через контроллер: offset=0, limit=20
2025-09-17 17:42:53 [INFO] [Programm_X_Logger] [EditorController] Загрузка правил: offset=0, limit=20
2025-09-17 17:42:53 [INFO] [Programm_X_Logger] [RuleModel] Получено 20 правил (offset=0, limit=20)
2025-09-17 17:42:53 [INFO] [Programm_X_Logger] [EditorController] Загружено правил: 20
2025-09-17 17:42:53 [INFO] [Programm_X_Logger] [RulesFetcherThread] Загрузка завершена, поток завершается.
2025-09-17 17:43:00 [INFO] [Programm_X_Logger] [RulesFetcherThread] Получение правил через контроллер: offset=20, limit=20
2025-09-17 17:43:00 [INFO] [Programm_X_Logger] [EditorController] Загрузка правил: offset=20, limit=20
2025-09-17 17:43:00 [INFO] [Programm_X_Logger] [RuleModel] Получено 5 правил (offset=20, limit=20)
2025-09-17 17:43:00 [INFO] [Programm_X_Logger] [EditorController] Загружено правил: 5
2025-09-17 17:43:00 [INFO] [Programm_X_Logger] [RulesFetcherThread] Загрузка завершена, поток завершается.
2025-09-17 17:43:02 [INFO] [Programm_X_Logger] [RulesFetcherThread] Получение правил через контроллер: offset=0, limit=20
2025-09-17 17:43:02 [INFO] [Programm_X_Logger] [EditorController] Загрузка правил: offset=0, limit=20
2025-09-17 17:43:02 [INFO] [Programm_X_Logger] [RuleModel] Получено 20 правил (offset=0, limit=20)
2025-09-17 17:43:02 [INFO] [Programm_X_Logger] [EditorController] Загружено правил: 20
2025-09-17 17:43:02 [INFO] [Programm_X_Logger] [RulesFetcherThread] Загрузка завершена, поток завершается.
2025-09-17 17:43:11 [INFO] [Programm_X_Logger] [ConstructorView] Выбран файл: /home/ubuntupc/my-proj/access.log
2025-09-17 17:43:11 [INFO] [Programm_X_Logger] [FileLoaderThread] Загрузка файла: /home/ubuntupc/my-proj/access.log
2025-09-17 17:43:11 [INFO] [Programm_X_Logger] [FileLoaderThread] Файл успешно загружен, строк: 5
2025-09-17 17:43:13 [INFO] [Programm_X_Logger] [ConstructorView] Загружено строк: 5
2025-09-17 17:43:20 [INFO] [Programm_X_Logger] [ConstructorController] start_log_parse: type=Apache, lines=5
2025-09-17 17:43:20 [INFO] [Programm_X_Logger] [LogParserThread] Запуск парсинга: type=Apache, lines=5
2025-09-17 17:43:20 [INFO] [Programm_X_Logger] [LogParser] Парсинг Apache/Nginx логов, строк=5
2025-09-17 17:43:20 [INFO] [Programm_X_Logger] [LogParser] Получено 5 записей Apache/Nginx
2025-09-17 17:43:20 [INFO] [Programm_X_Logger] [LogParserThread] Парсинг завершён, поток завершается.
2025-09-17 17:43:20 [INFO] [Programm_X_Logger] [ConstructorController] Парсинг завершён, записей: 5
2025-09-17 17:43:20 [INFO] [Programm_X_Logger] [ConstructorController] Создана LogsTableModel: rows=5, cols=8
2025-09-17 17:45:23 [INFO] [Programm_X_Logger] [ConstructorController] Запуск создания нового правила
2025-09-17 17:45:23 [INFO] [Programm_X_Logger] [RuleModel] Новое правило добавлено ID=27
2025-09-17 17:45:26 [INFO] [Programm_X_Logger] [ConstructorView] Правило успешно создано
2025-09-17 17:45:32 [INFO] [Programm_X_Logger] [MainWindow] Обновление данных во вкладке 'Редактор'
2025-09-17 17:45:32 [INFO] [Programm_X_Logger] [RulesFetcherThread] Получение правил через контроллер: offset=0, limit=20
2025-09-17 17:45:32 [INFO] [Programm_X_Logger] [EditorController] Загрузка правил: offset=0, limit=20
2025-09-17 17:45:32 [INFO] [Programm_X_Logger] [RuleModel] Получено 20 правил (offset=0, limit=20)
2025-09-17 17:45:32 [INFO] [Programm_X_Logger] [EditorController] Загружено правил: 20
2025-09-17 17:45:32 [INFO] [Programm_X_Logger] [RulesFetcherThread] Загрузка завершена, поток завершается.
2025-09-17 17:45:33 [INFO] [Programm_X_Logger] [RulesFetcherThread] Получение правил через контроллер: offset=20, limit=20
2025-09-17 17:45:33 [INFO] [Programm_X_Logger] [EditorController] Загрузка правил: offset=20, limit=20
2025-09-17 17:45:33 [INFO] [Programm_X_Logger] [RuleModel] Получено 6 правил (offset=20, limit=20)
2025-09-17 17:45:33 [INFO] [Programm_X_Logger] [EditorController] Загружено правил: 6
2025-09-17 17:45:33 [INFO] [Programm_X_Logger] [RulesFetcherThread] Загрузка завершена, поток завершается.
2025-09-17 17:45:36 [INFO] [Programm_X_Logger] [EditorController] Получение данных правила ID=27
2025-09-17 17:45:36 [INFO] [Programm_X_Logger] [RuleModel] Получено правило ID=27
2025-09-17 17:46:16 [INFO] [Programm_X_Logger] [ExportView] Запрошен экспорт: system=IDS, path=/home/ubuntupc/my-proj/test fro
2025-09-17 17:46:16 [INFO] [Programm_X_Logger] [ExportController] export_rules_async: type=IDS, path=/home/ubuntupc/my-proj/test fro
2025-09-17 17:46:16 [INFO] [Programm_X_Logger] [ExportRulesThread] Экспорт правил: system_type=ids, file=/home/ubuntupc/my-proj/test fro
2025-09-17 17:46:16 [INFO] [Programm_X_Logger] [ExportModel] Получение правил для ids (actions=('alert', 'log', 'pass', 'activate', 'dynamic'))
2025-09-17 17:46:16 [INFO] [Programm_X_Logger] [ExportModel] Получено 19 правил для ids
2025-09-17 17:46:16 [INFO] [Programm_X_Logger] [ExportRulesThread] Экспортировано 19 правил в /home/ubuntupc/my-proj/test fro
2025-09-17 17:46:16 [INFO] [Programm_X_Logger] [ExportController] Экспорт завершён: Экспортировано 19 правил в /home/ubuntupc/my-proj/test fro
2025-09-17 17:47:19 [INFO] [Programm_X_Logger] === Завершение работы приложения ===
2025-09-17 18:00:43 [INFO] [Programm_X_Logger] Логгер инициализирован. Логи пишутся в /home/ubuntupc/my-proj/progr/utils_app/../logs/app_2025-09-17.log
2025-09-17 18:00:44 [INFO] [Programm_X_Logger] === Запуск Программа Х ===
2025-09-17 18:00:44 [INFO] [Programm_X_Logger] [RulesFetcherThread] Получение правил через контроллер: offset=0, limit=20
2025-09-17 18:00:44 [INFO] [Programm_X_Logger] [EditorController] Загрузка правил: offset=0, limit=20
2025-09-17 18:00:44 [INFO] [Programm_X_Logger] [RuleModel] Получено 20 правил (offset=0, limit=20)
2025-09-17 18:00:44 [INFO] [Programm_X_Logger] [EditorController] Загружено правил: 20
2025-09-17 18:00:44 [INFO] [Programm_X_Logger] [RulesFetcherThread] Загрузка завершена, поток завершается.
2025-09-17 18:01:31 [INFO] [Programm_X_Logger] [ConstructorView] Выбран файл: /home/ubuntupc/my-proj/access.log
2025-09-17 18:01:31 [INFO] [Programm_X_Logger] [FileLoaderThread] Загрузка файла: /home/ubuntupc/my-proj/access.log
2025-09-17 18:01:31 [INFO] [Programm_X_Logger] [FileLoaderThread] Файл успешно загружен, строк: 5
2025-09-17 18:01:33 [INFO] [Programm_X_Logger] [ConstructorView] Загружено строк: 5
2025-09-17 18:01:43 [INFO] [Programm_X_Logger] [ConstructorController] start_log_parse: type=Apache, lines=5
2025-09-17 18:01:43 [INFO] [Programm_X_Logger] [LogParserThread] Запуск парсинга: type=Apache, lines=5
2025-09-17 18:01:43 [INFO] [Programm_X_Logger] [LogParser] Парсинг Apache/Nginx логов, строк=5
2025-09-17 18:01:43 [INFO] [Programm_X_Logger] [LogParser] Получено 5 записей Apache/Nginx
2025-09-17 18:01:43 [INFO] [Programm_X_Logger] [LogParserThread] Парсинг завершён, поток завершается.
2025-09-17 18:01:43 [INFO] [Programm_X_Logger] [ConstructorController] Парсинг завершён, записей: 5
2025-09-17 18:01:43 [INFO] [Programm_X_Logger] [ConstructorController] Создана LogsTableModel: rows=5, cols=8
2025-09-17 18:04:10 [INFO] [Programm_X_Logger] [ConstructorController] Запуск создания нового правила
2025-09-17 18:04:10 [INFO] [Programm_X_Logger] [RuleModel] Новое правило добавлено ID=28
2025-09-17 18:04:13 [INFO] [Programm_X_Logger] [ConstructorView] Правило успешно создано
2025-09-17 18:05:13 [INFO] [Programm_X_Logger] [EditorController] Получение данных правила ID=1
2025-09-17 18:05:13 [INFO] [Programm_X_Logger] [RuleModel] Получено правило ID=1
2025-09-17 18:05:32 [INFO] [Programm_X_Logger] [EditorController] Изменение правила ID=1: {'rules_action': 'alert', 'rules_protocol': 'tcp', 'rules_ip_s': '192.168.1.1', 'rules_port_s': '12', 'rules_route': '->', 'rules_ip_d': '123.12.12.2', 'rules_port_d': '45', 'rules_msg': 'new test 145652', 'rules_content': 'test, wen', 'rules_sid': '11', 'rules_rev': '50'}
2025-09-17 18:05:36 [INFO] [Programm_X_Logger] [EditorController] Получение данных правила ID=10
2025-09-17 18:05:36 [INFO] [Programm_X_Logger] [RuleModel] Получено правило ID=10
2025-09-17 18:05:42 [INFO] [Programm_X_Logger] [EditorController] Изменение правила ID=10: {'rules_action': 'alert', 'rules_protocol': 'tcp', 'rules_ip_s': '12.12.12.12', 'rules_port_s': '156', 'rules_route': '<->', 'rules_ip_d': '131.123.123.11', 'rules_port_d': '165', 'rules_msg': 'test12', 'rules_content': 'jhvbfqjhd', 'rules_sid': '12', 'rules_rev': '515'}
2025-09-17 18:05:45 [INFO] [Programm_X_Logger] [EditorController] Получение данных правила ID=20
2025-09-17 18:05:45 [INFO] [Programm_X_Logger] [RuleModel] Получено правило ID=20
2025-09-17 18:05:53 [INFO] [Programm_X_Logger] [EditorController] Изменение правила ID=20: {'rules_action': 'pass', 'rules_protocol': 'tcp', 'rules_ip_s': 'any', 'rules_port_s': 'any', 'rules_route': '->', 'rules_ip_d': 'any', 'rules_port_d': 'any', 'rules_msg': 'pass 156', 'rules_content': 're, je, ct, ru, le', 'rules_sid': '12', 'rules_rev': '1'}
2025-09-17 18:06:02 [INFO] [Programm_X_Logger] [BatchSaverThread] Сохранение 3 правил...
2025-09-17 18:06:02 [DEBUG] [Programm_X_Logger] [BatchSaverThread] Сохранение правила ID=1: {'rules_action': 'alert', 'rules_protocol': 'tcp', 'rules_ip_s': '192.168.1.1', 'rules_port_s': '12', 'rules_route': '->', 'rules_ip_d': '123.12.12.2', 'rules_port_d': '45', 'rules_msg': 'new test 145652', 'rules_content': 'test, wen', 'rules_sid': '11', 'rules_rev': '50'}
2025-09-17 18:06:02 [INFO] [Programm_X_Logger] [RuleModel] Правило ID=1 обновлено
2025-09-17 18:06:02 [DEBUG] [Programm_X_Logger] [BatchSaverThread] Сохранение правила ID=10: {'rules_action': 'alert', 'rules_protocol': 'tcp', 'rules_ip_s': '12.12.12.12', 'rules_port_s': '156', 'rules_route': '<->', 'rules_ip_d': '131.123.123.11', 'rules_port_d': '165', 'rules_msg': 'test12', 'rules_content': 'jhvbfqjhd', 'rules_sid': '12', 'rules_rev': '515'}
2025-09-17 18:06:02 [INFO] [Programm_X_Logger] [RuleModel] Правило ID=10 обновлено
2025-09-17 18:06:02 [DEBUG] [Programm_X_Logger] [BatchSaverThread] Сохранение правила ID=20: {'rules_action': 'pass', 'rules_protocol': 'tcp', 'rules_ip_s': 'any', 'rules_port_s': 'any', 'rules_route': '->', 'rules_ip_d': 'any', 'rules_port_d': 'any', 'rules_msg': 'pass 156', 'rules_content': 're, je, ct, ru, le', 'rules_sid': '12', 'rules_rev': '1'}
2025-09-17 18:06:02 [INFO] [Programm_X_Logger] [RuleModel] Правило ID=20 обновлено
2025-09-17 18:06:02 [INFO] [Programm_X_Logger] [BatchSaverThread] Сохранение завершено успешно.
2025-09-17 18:06:12 [INFO] [Programm_X_Logger] [RulesFetcherThread] Получение правил через контроллер: offset=0, limit=20
2025-09-17 18:06:12 [INFO] [Programm_X_Logger] [EditorController] Загрузка правил: offset=0, limit=20
2025-09-17 18:06:12 [INFO] [Programm_X_Logger] [RuleModel] Получено 20 правил (offset=0, limit=20)
2025-09-17 18:06:12 [INFO] [Programm_X_Logger] [EditorController] Загружено правил: 20
2025-09-17 18:06:12 [INFO] [Programm_X_Logger] [RulesFetcherThread] Загрузка завершена, поток завершается.
2025-09-17 18:06:17 [INFO] [Programm_X_Logger] [EditorController] Получение данных правила ID=1
2025-09-17 18:06:17 [INFO] [Programm_X_Logger] [RuleModel] Получено правило ID=1
2025-09-17 18:06:22 [INFO] [Programm_X_Logger] [RulesFetcherThread] Получение правил через контроллер: offset=20, limit=20
2025-09-17 18:06:22 [INFO] [Programm_X_Logger] [EditorController] Загрузка правил: offset=20, limit=20
2025-09-17 18:06:22 [INFO] [Programm_X_Logger] [RuleModel] Получено 7 правил (offset=20, limit=20)
2025-09-17 18:06:22 [INFO] [Programm_X_Logger] [EditorController] Загружено правил: 7
2025-09-17 18:06:22 [INFO] [Programm_X_Logger] [RulesFetcherThread] Загрузка завершена, поток завершается.
2025-09-17 18:06:34 [INFO] [Programm_X_Logger] [EditorController] Получение данных правила ID=28
2025-09-17 18:06:34 [INFO] [Programm_X_Logger] [RuleModel] Получено правило ID=28
2025-09-17 18:06:43 [INFO] [Programm_X_Logger] [RulesFetcherThread] Получение правил через контроллер: offset=0, limit=20
2025-09-17 18:06:43 [INFO] [Programm_X_Logger] [EditorController] Загрузка правил: offset=0, limit=20
2025-09-17 18:06:43 [INFO] [Programm_X_Logger] [RuleModel] Получено 20 правил (offset=0, limit=20)
2025-09-17 18:06:43 [INFO] [Programm_X_Logger] [EditorController] Загружено правил: 20
2025-09-17 18:06:43 [INFO] [Programm_X_Logger] [RulesFetcherThread] Загрузка завершена, поток завершается.
2025-09-17 18:06:47 [INFO] [Programm_X_Logger] [MainWindow] Обновление данных во вкладке 'Редактор'
2025-09-17 18:06:47 [INFO] [Programm_X_Logger] [RulesFetcherThread] Получение правил через контроллер: offset=0, limit=20
2025-09-17 18:06:47 [INFO] [Programm_X_Logger] [EditorController] Загрузка правил: offset=0, limit=20
2025-09-17 18:06:47 [INFO] [Programm_X_Logger] [RuleModel] Получено 20 правил (offset=0, limit=20)
2025-09-17 18:06:47 [INFO] [Programm_X_Logger] [EditorController] Загружено правил: 20
2025-09-17 18:06:47 [INFO] [Programm_X_Logger] [RulesFetcherThread] Загрузка завершена, поток завершается.
2025-09-17 18:06:56 [INFO] [Programm_X_Logger] [RulesFetcherThread] Получение правил через контроллер: offset=20, limit=20
2025-09-17 18:06:56 [INFO] [Programm_X_Logger] [EditorController] Загрузка правил: offset=20, limit=20
2025-09-17 18:06:56 [INFO] [Programm_X_Logger] [RuleModel] Получено 7 правил (offset=20, limit=20)
2025-09-17 18:06:56 [INFO] [Programm_X_Logger] [EditorController] Загружено правил: 7
2025-09-17 18:06:56 [INFO] [Programm_X_Logger] [RulesFetcherThread] Загрузка завершена, поток завершается.
2025-09-17 18:06:59 [INFO] [Programm_X_Logger] [EditorController] Запущен для оценки
2025-09-17 18:06:59 [INFO] [Programm_X_Logger] [RuleModel] Голос добавлен для правила ID=28, positive=True
2025-09-17 18:06:59 [INFO] [Programm_X_Logger] [RulesFetcherThread] Получение правил через контроллер: offset=20, limit=20
2025-09-17 18:06:59 [INFO] [Programm_X_Logger] [EditorController] Загрузка правил: offset=20, limit=20
2025-09-17 18:06:59 [INFO] [Programm_X_Logger] [RuleModel] Получено 7 правил (offset=20, limit=20)
2025-09-17 18:06:59 [INFO] [Programm_X_Logger] [EditorController] Загружено правил: 7
2025-09-17 18:06:59 [INFO] [Programm_X_Logger] [RulesFetcherThread] Загрузка завершена, поток завершается.
2025-09-17 18:07:00 [INFO] [Programm_X_Logger] [EditorController] Запущен для оценки
2025-09-17 18:07:01 [INFO] [Programm_X_Logger] [RuleModel] Голос добавлен для правила ID=27, positive=False
2025-09-17 18:07:01 [INFO] [Programm_X_Logger] [RulesFetcherThread] Получение правил через контроллер: offset=20, limit=20
2025-09-17 18:07:01 [INFO] [Programm_X_Logger] [EditorController] Загрузка правил: offset=20, limit=20
2025-09-17 18:07:01 [INFO] [Programm_X_Logger] [RuleModel] Получено 7 правил (offset=20, limit=20)
2025-09-17 18:07:01 [INFO] [Programm_X_Logger] [EditorController] Загружено правил: 7
2025-09-17 18:07:01 [INFO] [Programm_X_Logger] [RulesFetcherThread] Загрузка завершена, поток завершается.
2025-09-17 18:07:02 [INFO] [Programm_X_Logger] [EditorController] Запущен для оценки
2025-09-17 18:07:02 [INFO] [Programm_X_Logger] [RuleModel] Голос добавлен для правила ID=26, positive=True
2025-09-17 18:07:02 [INFO] [Programm_X_Logger] [RulesFetcherThread] Получение правил через контроллер: offset=20, limit=20
2025-09-17 18:07:02 [INFO] [Programm_X_Logger] [EditorController] Загрузка правил: offset=20, limit=20
2025-09-17 18:07:02 [INFO] [Programm_X_Logger] [RuleModel] Получено 7 правил (offset=20, limit=20)
2025-09-17 18:07:02 [INFO] [Programm_X_Logger] [EditorController] Загружено правил: 7
2025-09-17 18:07:02 [INFO] [Programm_X_Logger] [RulesFetcherThread] Загрузка завершена, поток завершается.
2025-09-17 18:07:03 [INFO] [Programm_X_Logger] [EditorController] Запущен для оценки
2025-09-17 18:07:03 [INFO] [Programm_X_Logger] [RuleModel] Голос добавлен для правила ID=25, positive=False
2025-09-17 18:07:03 [INFO] [Programm_X_Logger] [RulesFetcherThread] Получение правил через контроллер: offset=20, limit=20
2025-09-17 18:07:03 [INFO] [Programm_X_Logger] [EditorController] Загрузка правил: offset=20, limit=20
2025-09-17 18:07:03 [INFO] [Programm_X_Logger] [RuleModel] Получено 7 правил (offset=20, limit=20)
2025-09-17 18:07:03 [INFO] [Programm_X_Logger] [EditorController] Загружено правил: 7
2025-09-17 18:07:03 [INFO] [Programm_X_Logger] [RulesFetcherThread] Загрузка завершена, поток завершается.
2025-09-17 18:07:06 [INFO] [Programm_X_Logger] [RulesFetcherThread] Получение правил через контроллер: offset=0, limit=20
2025-09-17 18:07:06 [INFO] [Programm_X_Logger] [EditorController] Загрузка правил: offset=0, limit=20
2025-09-17 18:07:06 [INFO] [Programm_X_Logger] [RuleModel] Получено 20 правил (offset=0, limit=20)
2025-09-17 18:07:06 [INFO] [Programm_X_Logger] [EditorController] Загружено правил: 20
2025-09-17 18:07:06 [INFO] [Programm_X_Logger] [RulesFetcherThread] Загрузка завершена, поток завершается.
2025-09-17 18:07:29 [INFO] [Programm_X_Logger] [ExportView] Запрошен экспорт: system=IPS, path=/home/ubuntupc/my-proj/test ips
2025-09-17 18:07:29 [INFO] [Programm_X_Logger] [ExportController] export_rules_async: type=IPS, path=/home/ubuntupc/my-proj/test ips
2025-09-17 18:07:29 [INFO] [Programm_X_Logger] [ExportRulesThread] Экспорт правил: system_type=ips, file=/home/ubuntupc/my-proj/test ips
2025-09-17 18:07:29 [INFO] [Programm_X_Logger] [ExportModel] Получение правил для ips (actions=('drop', 'reject', 'sdrop'))
2025-09-17 18:07:29 [INFO] [Programm_X_Logger] [ExportModel] Получено 7 правил для ips
2025-09-17 18:07:29 [INFO] [Programm_X_Logger] [ExportRulesThread] Экспортировано 7 правил в /home/ubuntupc/my-proj/test ips
2025-09-17 18:07:29 [INFO] [Programm_X_Logger] [ExportController] Экспорт завершён: Экспортировано 7 правил в /home/ubuntupc/my-proj/test ips
2025-09-17 18:08:34 [INFO] [Programm_X_Logger] === Завершение работы приложения ===
