2025-10-17 00:01:16 [INFO] [Programm_X_Logger] Логгер инициализирован. Логи пишутся в /home/ubuntupc/my-proj/progr/utils_app/../logs/app_2025-10-17.log
2025-10-17 00:01:17 [INFO] [Programm_X_Logger] === Запуск Программа Х ===
2025-10-17 00:01:17 [INFO] [Programm_X_Logger] [RulesFetcherThread] Получение правил через контроллер: offset=0, limit=20
2025-10-17 00:01:17 [INFO] [Programm_X_Logger] [EditorController] Загрузка правил: offset=0, limit=20
2025-10-17 00:01:17 [INFO] [Programm_X_Logger] [RuleModel] Получено 20 правил (offset=0, limit=20)
2025-10-17 00:01:17 [INFO] [Programm_X_Logger] [EditorController] Загружено правил: 20
2025-10-17 00:01:17 [INFO] [Programm_X_Logger] [RulesFetcherThread] Загрузка завершена, поток завершается.
2025-10-17 00:01:21 [INFO] [Programm_X_Logger] [ConstructorView] Выбран файл: /home/ubuntupc/my-proj/nginx.txt
2025-10-17 00:01:21 [INFO] [Programm_X_Logger] [FileLoaderThread] Загрузка файла: /home/ubuntupc/my-proj/nginx.txt
2025-10-17 00:01:21 [INFO] [Programm_X_Logger] [FileLoaderThread] Файл успешно загружен, строк: 60
2025-10-17 00:01:22 [INFO] [Programm_X_Logger] [ConstructorView] Загружено строк: 60
2025-10-17 00:01:24 [INFO] [Programm_X_Logger] [ConstructorController] start_log_parse: type=Nginx, lines=60
2025-10-17 00:01:24 [INFO] [Programm_X_Logger] [LogParserThread] Запуск парсинга: type=Nginx, lines=60
2025-10-17 00:01:24 [INFO] [Programm_X_Logger] [LogParser] Парсинг Apache/Nginx логов, строк=60
2025-10-17 00:01:24 [INFO] [Programm_X_Logger] [LogParser] Получено 58 записей Apache/Nginx
2025-10-17 00:01:24 [INFO] [Programm_X_Logger] [LogParserThread] Парсинг завершён, поток завершается.
2025-10-17 00:01:24 [INFO] [Programm_X_Logger] [ConstructorController] Парсинг завершён, записей: 58
2025-10-17 00:01:24 [INFO] [Programm_X_Logger] [ConstructorController] Создана LogsTableModel: rows=58, cols=13
2025-10-17 00:01:38 [INFO] [Programm_X_Logger] [ConstructorController] Prefill из отмеченных ячеек: {'rules_content': '/login/, /bitrix/admin/'}
2025-10-17 00:01:45 [INFO] [Programm_X_Logger] [ConstructorController] Prefill из отмеченных ячеек: {'rules_content': 'GET, POST'}
2025-10-17 00:01:57 [INFO] [Programm_X_Logger] [ConstructorController] Prefill из отмеченных ячеек: {'rules_content': '200'}
2025-10-17 00:02:04 [INFO] [Programm_X_Logger] [ConstructorController] Prefill из отмеченных ячеек: {'rules_content': '200'}
2025-10-17 00:02:10 [INFO] [Programm_X_Logger] [ConstructorController] Prefill из отмеченных ячеек: {'rules_content': '200'}
2025-10-17 00:02:16 [INFO] [Programm_X_Logger] [ConstructorController] Prefill из отмеченных ячеек: {'rules_content': 'http://192.168.232.130/bitrix/admin/'}
2025-10-17 00:02:39 [INFO] [Programm_X_Logger] === Завершение работы приложения ===
