2025-10-12 12:34:58 [INFO] [Programm_X_Logger] Логгер инициализирован. Логи пишутся в /home/ubuntupc/my-proj/progr/utils_app/../logs/app_2025-10-12.log
2025-10-12 12:34:59 [INFO] [Programm_X_Logger] === Запуск Программа Х ===
2025-10-12 12:34:59 [INFO] [Programm_X_Logger] [RulesFetcherThread] Получение правил через контроллер: offset=0, limit=20
2025-10-12 12:34:59 [INFO] [Programm_X_Logger] [EditorController] Загрузка правил: offset=0, limit=20
2025-10-12 12:34:59 [INFO] [Programm_X_Logger] [RuleModel] Получено 20 правил (offset=0, limit=20)
2025-10-12 12:34:59 [INFO] [Programm_X_Logger] [EditorController] Загружено правил: 20
2025-10-12 12:34:59 [INFO] [Programm_X_Logger] [RulesFetcherThread] Загрузка завершена, поток завершается.
2025-10-12 12:35:11 [INFO] [Programm_X_Logger] [ConstructorView] Выбран файл: /home/ubuntupc/my-proj/access.log
2025-10-12 12:35:11 [INFO] [Programm_X_Logger] [FileLoaderThread] Загрузка файла: /home/ubuntupc/my-proj/access.log
2025-10-12 12:35:11 [INFO] [Programm_X_Logger] [FileLoaderThread] Файл успешно загружен, строк: 5
2025-10-12 12:35:12 [INFO] [Programm_X_Logger] [ConstructorView] Загружено строк: 5
2025-10-12 12:35:13 [INFO] [Programm_X_Logger] [ConstructorController] start_log_parse: type=Apache, lines=5
2025-10-12 12:35:13 [INFO] [Programm_X_Logger] [LogParserThread] Запуск парсинга: type=Apache, lines=5
2025-10-12 12:35:13 [INFO] [Programm_X_Logger] [LogParser] Парсинг Apache/Nginx логов, строк=5
2025-10-12 12:35:13 [INFO] [Programm_X_Logger] [LogParser] Получено 5 записей Apache/Nginx
2025-10-12 12:35:13 [INFO] [Programm_X_Logger] [LogParserThread] Парсинг завершён, поток завершается.
2025-10-12 12:35:13 [INFO] [Programm_X_Logger] [ConstructorController] Парсинг завершён, записей: 5
2025-10-12 12:35:13 [INFO] [Programm_X_Logger] [ConstructorController] Создана LogsTableModel: rows=5, cols=8
2025-10-12 12:35:13 [ERROR] [Programm_X_Logger] [ConstructorView] table render error: 'LogsTableModel' object has no attribute 'headers'
Traceback (most recent call last):
  File "/home/ubuntupc/my-proj/progr/views/constructor_view.py", line 119, in on_ok
    self._rebuild_columns_menu()
  File "/home/ubuntupc/my-proj/progr/views/constructor_view.py", line 145, in _rebuild_columns_menu
    headers = self.logs_model.headers()
              ^^^^^^^^^^^^^^^^^^^^^^^
AttributeError: 'LogsTableModel' object has no attribute 'headers'. Did you mean: '_headers'?
2025-10-12 12:35:37 [INFO] [Programm_X_Logger] [ConstructorController] Prefill из отмеченных ячеек: {'rules_ip_s': '127.0.0.1'}
2025-10-12 12:35:48 [INFO] [Programm_X_Logger] [ConstructorController] Prefill из отмеченных ячеек: {'rules_ip_s': '127.0.0.1', 'rules_content': '/favicon.ico'}
2025-10-12 12:36:14 [INFO] [Programm_X_Logger] === Завершение работы приложения ===
2025-10-12 12:37:41 [INFO] [Programm_X_Logger] Логгер инициализирован. Логи пишутся в /home/ubuntupc/my-proj/progr/utils_app/../logs/app_2025-10-12.log
2025-10-12 12:37:42 [INFO] [Programm_X_Logger] === Запуск Программа Х ===
2025-10-12 12:37:42 [INFO] [Programm_X_Logger] [RulesFetcherThread] Получение правил через контроллер: offset=0, limit=20
2025-10-12 12:37:42 [INFO] [Programm_X_Logger] [EditorController] Загрузка правил: offset=0, limit=20
2025-10-12 12:37:42 [INFO] [Programm_X_Logger] [RuleModel] Получено 20 правил (offset=0, limit=20)
2025-10-12 12:37:42 [INFO] [Programm_X_Logger] [EditorController] Загружено правил: 20
2025-10-12 12:37:42 [INFO] [Programm_X_Logger] [RulesFetcherThread] Загрузка завершена, поток завершается.
2025-10-12 12:37:45 [INFO] [Programm_X_Logger] [ConstructorView] Выбран файл: /home/ubuntupc/my-proj/access.log
2025-10-12 12:37:45 [INFO] [Programm_X_Logger] [FileLoaderThread] Загрузка файла: /home/ubuntupc/my-proj/access.log
2025-10-12 12:37:45 [INFO] [Programm_X_Logger] [FileLoaderThread] Файл успешно загружен, строк: 5
2025-10-12 12:37:46 [INFO] [Programm_X_Logger] [ConstructorView] Загружено строк: 5
2025-10-12 12:37:48 [INFO] [Programm_X_Logger] [ConstructorController] start_log_parse: type=Apache, lines=5
2025-10-12 12:37:48 [INFO] [Programm_X_Logger] [LogParserThread] Запуск парсинга: type=Apache, lines=5
2025-10-12 12:37:48 [INFO] [Programm_X_Logger] [LogParser] Парсинг Apache/Nginx логов, строк=5
2025-10-12 12:37:48 [INFO] [Programm_X_Logger] [LogParser] Получено 5 записей Apache/Nginx
2025-10-12 12:37:48 [INFO] [Programm_X_Logger] [LogParserThread] Парсинг завершён, поток завершается.
2025-10-12 12:37:48 [INFO] [Programm_X_Logger] [ConstructorController] Парсинг завершён, записей: 5
2025-10-12 12:37:48 [INFO] [Programm_X_Logger] [ConstructorController] Создана LogsTableModel: rows=5, cols=8
2025-10-12 12:37:48 [ERROR] [Programm_X_Logger] [ConstructorView] table render error: 'LogsTableModel' object has no attribute 'headers'
Traceback (most recent call last):
  File "/home/ubuntupc/my-proj/progr/views/constructor_view.py", line 119, in on_ok
    self._rebuild_columns_menu()
  File "/home/ubuntupc/my-proj/progr/views/constructor_view.py", line 145, in _rebuild_columns_menu
    headers = self.logs_model.headers()
              ^^^^^^^^^^^^^^^^^^^^^^^
AttributeError: 'LogsTableModel' object has no attribute 'headers'. Did you mean: '_headers'?
2025-10-12 12:37:58 [INFO] [Programm_X_Logger] [ConstructorController] Prefill из отмеченных ячеек: {}
2025-10-12 12:38:03 [INFO] [Programm_X_Logger] [ConstructorController] Prefill из отмеченных ячеек: {'rules_ip_s': '127.0.0.1', 'rules_content': '/favicon.ico'}
2025-10-12 12:38:16 [INFO] [Programm_X_Logger] [ConstructorController] Prefill из отмеченных ячеек: {'rules_ip_s': '127.0.0.1', 'rules_content': '/icons/ubuntu-logo.png, /favicon.ico'}
2025-10-12 12:38:36 [INFO] [Programm_X_Logger] === Завершение работы приложения ===
2025-10-12 13:43:34 [INFO] [Programm_X_Logger] Логгер инициализирован. Логи пишутся в /home/ubuntupc/my-proj/progr/utils_app/../logs/app_2025-10-12.log
2025-10-12 13:43:35 [INFO] [Programm_X_Logger] === Запуск Программа Х ===
2025-10-12 13:43:35 [INFO] [Programm_X_Logger] [RulesFetcherThread] Получение правил через контроллер: offset=0, limit=20
2025-10-12 13:43:35 [INFO] [Programm_X_Logger] [EditorController] Загрузка правил: offset=0, limit=20
2025-10-12 13:43:35 [INFO] [Programm_X_Logger] [RuleModel] Получено 20 правил (offset=0, limit=20)
2025-10-12 13:43:35 [INFO] [Programm_X_Logger] [EditorController] Загружено правил: 20
2025-10-12 13:43:35 [INFO] [Programm_X_Logger] [RulesFetcherThread] Загрузка завершена, поток завершается.
2025-10-12 13:43:39 [INFO] [Programm_X_Logger] [ConstructorView] Выбран файл: /home/ubuntupc/my-proj/access.log
2025-10-12 13:43:39 [INFO] [Programm_X_Logger] [FileLoaderThread] Загрузка файла: /home/ubuntupc/my-proj/access.log
2025-10-12 13:43:39 [INFO] [Programm_X_Logger] [FileLoaderThread] Файл успешно загружен, строк: 5
2025-10-12 13:43:40 [INFO] [Programm_X_Logger] [ConstructorView] Загружено строк: 5
2025-10-12 13:43:42 [INFO] [Programm_X_Logger] [ConstructorController] start_log_parse: type=Apache, lines=5
2025-10-12 13:43:42 [INFO] [Programm_X_Logger] [LogParserThread] Запуск парсинга: type=Apache, lines=5
2025-10-12 13:43:42 [INFO] [Programm_X_Logger] [LogParser] Парсинг Apache/Nginx логов, строк=5
2025-10-12 13:43:42 [INFO] [Programm_X_Logger] [LogParser] Получено 5 записей Apache/Nginx
2025-10-12 13:43:42 [INFO] [Programm_X_Logger] [LogParserThread] Парсинг завершён, поток завершается.
2025-10-12 13:43:42 [INFO] [Programm_X_Logger] [ConstructorController] Парсинг завершён, записей: 5
2025-10-12 13:43:42 [INFO] [Programm_X_Logger] [ConstructorController] Создана LogsTableModel: rows=5, cols=9
2025-10-12 13:43:42 [ERROR] [Programm_X_Logger] [ConstructorView] table render error: 'list' object is not callable
Traceback (most recent call last):
  File "/home/ubuntupc/my-proj/progr/views/constructor_view.py", line 119, in on_ok
    self._rebuild_columns_menu()
  File "/home/ubuntupc/my-proj/progr/views/constructor_view.py", line 145, in _rebuild_columns_menu
    headers = self.logs_model.headers()
              ^^^^^^^^^^^^^^^^^^^^^^^^^
TypeError: 'list' object is not callable
2025-10-12 13:44:23 [INFO] [Programm_X_Logger] [ConstructorController] Prefill из отмеченных ячеек: {'rules_ip_s': '127.0.0.1', 'rules_content': '/icons/ubuntu-logo.png, /favicon.ico'}
2025-10-12 13:44:37 [INFO] [Programm_X_Logger] === Завершение работы приложения ===
2025-10-12 13:46:24 [INFO] [Programm_X_Logger] Логгер инициализирован. Логи пишутся в /home/ubuntupc/my-proj/progr/utils_app/../logs/app_2025-10-12.log
2025-10-12 13:46:25 [INFO] [Programm_X_Logger] === Запуск Программа Х ===
2025-10-12 13:46:25 [INFO] [Programm_X_Logger] [RulesFetcherThread] Получение правил через контроллер: offset=0, limit=20
2025-10-12 13:46:25 [INFO] [Programm_X_Logger] [EditorController] Загрузка правил: offset=0, limit=20
2025-10-12 13:46:25 [INFO] [Programm_X_Logger] [RuleModel] Получено 20 правил (offset=0, limit=20)
2025-10-12 13:46:25 [INFO] [Programm_X_Logger] [EditorController] Загружено правил: 20
2025-10-12 13:46:25 [INFO] [Programm_X_Logger] [RulesFetcherThread] Загрузка завершена, поток завершается.
2025-10-12 13:46:28 [INFO] [Programm_X_Logger] [ConstructorView] Выбран файл: /home/ubuntupc/my-proj/access.log
2025-10-12 13:46:28 [INFO] [Programm_X_Logger] [FileLoaderThread] Загрузка файла: /home/ubuntupc/my-proj/access.log
2025-10-12 13:46:28 [INFO] [Programm_X_Logger] [FileLoaderThread] Файл успешно загружен, строк: 5
2025-10-12 13:46:29 [INFO] [Programm_X_Logger] [ConstructorView] Загружено строк: 5
2025-10-12 13:46:29 [INFO] [Programm_X_Logger] [ConstructorController] start_log_parse: type=Apache, lines=5
2025-10-12 13:46:29 [INFO] [Programm_X_Logger] [LogParserThread] Запуск парсинга: type=Apache, lines=5
2025-10-12 13:46:29 [INFO] [Programm_X_Logger] [LogParser] Парсинг Apache/Nginx логов, строк=5
2025-10-12 13:46:29 [INFO] [Programm_X_Logger] [LogParser] Получено 5 записей Apache/Nginx
2025-10-12 13:46:29 [INFO] [Programm_X_Logger] [LogParserThread] Парсинг завершён, поток завершается.
2025-10-12 13:46:29 [INFO] [Programm_X_Logger] [ConstructorController] Парсинг завершён, записей: 5
2025-10-12 13:46:29 [INFO] [Programm_X_Logger] [ConstructorController] Создана LogsTableModel: rows=5, cols=9
2025-10-12 13:46:45 [INFO] [Programm_X_Logger] === Завершение работы приложения ===
2025-10-12 13:46:49 [INFO] [Programm_X_Logger] Логгер инициализирован. Логи пишутся в /home/ubuntupc/my-proj/progr/utils_app/../logs/app_2025-10-12.log
2025-10-12 13:46:50 [INFO] [Programm_X_Logger] === Запуск Программа Х ===
2025-10-12 13:46:50 [INFO] [Programm_X_Logger] [RulesFetcherThread] Получение правил через контроллер: offset=0, limit=20
2025-10-12 13:46:50 [INFO] [Programm_X_Logger] [EditorController] Загрузка правил: offset=0, limit=20
2025-10-12 13:46:50 [INFO] [Programm_X_Logger] [RuleModel] Получено 20 правил (offset=0, limit=20)
2025-10-12 13:46:50 [INFO] [Programm_X_Logger] [EditorController] Загружено правил: 20
2025-10-12 13:46:50 [INFO] [Programm_X_Logger] [RulesFetcherThread] Загрузка завершена, поток завершается.
2025-10-12 13:46:53 [INFO] [Programm_X_Logger] [ConstructorView] Выбран файл: /home/ubuntupc/my-proj/access.log
2025-10-12 13:46:53 [INFO] [Programm_X_Logger] [FileLoaderThread] Загрузка файла: /home/ubuntupc/my-proj/access.log
2025-10-12 13:46:53 [INFO] [Programm_X_Logger] [FileLoaderThread] Файл успешно загружен, строк: 5
2025-10-12 13:46:54 [INFO] [Programm_X_Logger] [ConstructorView] Загружено строк: 5
2025-10-12 13:46:55 [INFO] [Programm_X_Logger] [ConstructorController] start_log_parse: type=Apache, lines=5
2025-10-12 13:46:55 [INFO] [Programm_X_Logger] [LogParserThread] Запуск парсинга: type=Apache, lines=5
2025-10-12 13:46:55 [INFO] [Programm_X_Logger] [LogParser] Парсинг Apache/Nginx логов, строк=5
2025-10-12 13:46:55 [INFO] [Programm_X_Logger] [LogParser] Получено 5 записей Apache/Nginx
2025-10-12 13:46:55 [INFO] [Programm_X_Logger] [LogParserThread] Парсинг завершён, поток завершается.
2025-10-12 13:46:55 [INFO] [Programm_X_Logger] [ConstructorController] Парсинг завершён, записей: 5
2025-10-12 13:46:55 [INFO] [Programm_X_Logger] [ConstructorController] Создана LogsTableModel: rows=5, cols=9
2025-10-12 13:47:07 [INFO] [Programm_X_Logger] [ConstructorController] Prefill из отмеченных ячеек: {'rules_ip_s': '127.0.0.1'}
2025-10-12 13:47:11 [INFO] [Programm_X_Logger] [ConstructorController] Prefill из отмеченных ячеек: {'rules_ip_s': '127.0.0.1'}
2025-10-12 13:47:23 [INFO] [Programm_X_Logger] [ConstructorController] Prefill из отмеченных ячеек: {'rules_ip_s': '127.0.0.1'}
2025-10-12 13:47:26 [INFO] [Programm_X_Logger] === Завершение работы приложения ===
2025-10-12 13:51:56 [INFO] [Programm_X_Logger] Логгер инициализирован. Логи пишутся в /home/ubuntupc/my-proj/progr/utils_app/../logs/app_2025-10-12.log
2025-10-12 13:51:57 [INFO] [Programm_X_Logger] === Запуск Программа Х ===
2025-10-12 13:51:57 [INFO] [Programm_X_Logger] [RulesFetcherThread] Получение правил через контроллер: offset=0, limit=20
2025-10-12 13:51:57 [INFO] [Programm_X_Logger] [EditorController] Загрузка правил: offset=0, limit=20
2025-10-12 13:51:57 [INFO] [Programm_X_Logger] [RuleModel] Получено 20 правил (offset=0, limit=20)
2025-10-12 13:51:57 [INFO] [Programm_X_Logger] [EditorController] Загружено правил: 20
2025-10-12 13:51:57 [INFO] [Programm_X_Logger] [RulesFetcherThread] Загрузка завершена, поток завершается.
2025-10-12 13:52:00 [INFO] [Programm_X_Logger] [ConstructorView] Выбран файл: /home/ubuntupc/my-proj/access.log
2025-10-12 13:52:00 [INFO] [Programm_X_Logger] [FileLoaderThread] Загрузка файла: /home/ubuntupc/my-proj/access.log
2025-10-12 13:52:00 [INFO] [Programm_X_Logger] [FileLoaderThread] Файл успешно загружен, строк: 5
2025-10-12 13:52:01 [INFO] [Programm_X_Logger] [ConstructorView] Загружено строк: 5
2025-10-12 13:52:01 [INFO] [Programm_X_Logger] [ConstructorController] start_log_parse: type=Apache, lines=5
2025-10-12 13:52:01 [INFO] [Programm_X_Logger] [LogParserThread] Запуск парсинга: type=Apache, lines=5
2025-10-12 13:52:01 [INFO] [Programm_X_Logger] [LogParser] Парсинг Apache/Nginx логов, строк=5
2025-10-12 13:52:01 [INFO] [Programm_X_Logger] [LogParser] Получено 0 записей Apache/Nginx
2025-10-12 13:52:01 [INFO] [Programm_X_Logger] [LogParserThread] Парсинг завершён, поток завершается.
2025-10-12 13:52:01 [INFO] [Programm_X_Logger] [ConstructorController] Парсинг завершён, записей: 0
2025-10-12 13:52:01 [INFO] [Programm_X_Logger] [ConstructorController] Создана LogsTableModel: rows=0, cols=9
2025-10-12 13:52:05 [INFO] [Programm_X_Logger] === Завершение работы приложения ===
2025-10-12 13:52:19 [INFO] [Programm_X_Logger] Логгер инициализирован. Логи пишутся в /home/ubuntupc/my-proj/progr/utils_app/../logs/app_2025-10-12.log
2025-10-12 13:52:20 [INFO] [Programm_X_Logger] === Запуск Программа Х ===
2025-10-12 13:52:20 [INFO] [Programm_X_Logger] [RulesFetcherThread] Получение правил через контроллер: offset=0, limit=20
2025-10-12 13:52:20 [INFO] [Programm_X_Logger] [EditorController] Загрузка правил: offset=0, limit=20
2025-10-12 13:52:20 [INFO] [Programm_X_Logger] [RuleModel] Получено 20 правил (offset=0, limit=20)
2025-10-12 13:52:20 [INFO] [Programm_X_Logger] [EditorController] Загружено правил: 20
2025-10-12 13:52:20 [INFO] [Programm_X_Logger] [RulesFetcherThread] Загрузка завершена, поток завершается.
2025-10-12 13:52:22 [INFO] [Programm_X_Logger] [ConstructorView] Выбран файл: /home/ubuntupc/my-proj/access.log
2025-10-12 13:52:22 [INFO] [Programm_X_Logger] [FileLoaderThread] Загрузка файла: /home/ubuntupc/my-proj/access.log
2025-10-12 13:52:22 [INFO] [Programm_X_Logger] [FileLoaderThread] Файл успешно загружен, строк: 5
2025-10-12 13:52:23 [INFO] [Programm_X_Logger] [ConstructorView] Загружено строк: 5
2025-10-12 13:52:23 [INFO] [Programm_X_Logger] [ConstructorController] start_log_parse: type=Apache, lines=5
2025-10-12 13:52:23 [INFO] [Programm_X_Logger] [LogParserThread] Запуск парсинга: type=Apache, lines=5
2025-10-12 13:52:23 [INFO] [Programm_X_Logger] [LogParser] Парсинг Apache/Nginx логов, строк=5
2025-10-12 13:52:23 [INFO] [Programm_X_Logger] [LogParser] Получено 5 записей Apache/Nginx
2025-10-12 13:52:23 [INFO] [Programm_X_Logger] [LogParserThread] Парсинг завершён, поток завершается.
2025-10-12 13:52:23 [INFO] [Programm_X_Logger] [ConstructorController] Парсинг завершён, записей: 5
2025-10-12 13:52:23 [INFO] [Programm_X_Logger] [ConstructorController] Создана LogsTableModel: rows=5, cols=9
2025-10-12 13:52:26 [INFO] [Programm_X_Logger] === Завершение работы приложения ===
2025-10-12 13:54:04 [INFO] [Programm_X_Logger] Логгер инициализирован. Логи пишутся в /home/ubuntupc/my-proj/progr/utils_app/../logs/app_2025-10-12.log
2025-10-12 13:54:05 [INFO] [Programm_X_Logger] === Запуск Программа Х ===
2025-10-12 13:54:05 [INFO] [Programm_X_Logger] [RulesFetcherThread] Получение правил через контроллер: offset=0, limit=20
2025-10-12 13:54:05 [INFO] [Programm_X_Logger] [EditorController] Загрузка правил: offset=0, limit=20
2025-10-12 13:54:05 [INFO] [Programm_X_Logger] [RuleModel] Получено 20 правил (offset=0, limit=20)
2025-10-12 13:54:05 [INFO] [Programm_X_Logger] [EditorController] Загружено правил: 20
2025-10-12 13:54:05 [INFO] [Programm_X_Logger] [RulesFetcherThread] Загрузка завершена, поток завершается.
2025-10-12 13:54:07 [INFO] [Programm_X_Logger] [ConstructorView] Выбран файл: /home/ubuntupc/my-proj/access.log
2025-10-12 13:54:07 [INFO] [Programm_X_Logger] [FileLoaderThread] Загрузка файла: /home/ubuntupc/my-proj/access.log
2025-10-12 13:54:07 [INFO] [Programm_X_Logger] [FileLoaderThread] Файл успешно загружен, строк: 5
2025-10-12 13:54:08 [INFO] [Programm_X_Logger] [ConstructorView] Загружено строк: 5
2025-10-12 13:54:09 [INFO] [Programm_X_Logger] [ConstructorController] start_log_parse: type=Apache, lines=5
2025-10-12 13:54:09 [INFO] [Programm_X_Logger] [LogParserThread] Запуск парсинга: type=Apache, lines=5
2025-10-12 13:54:09 [INFO] [Programm_X_Logger] [LogParser] Парсинг Apache/Nginx логов, строк=5
2025-10-12 13:54:09 [INFO] [Programm_X_Logger] [LogParser] Получено 5 записей Apache/Nginx
2025-10-12 13:54:09 [INFO] [Programm_X_Logger] [LogParserThread] Парсинг завершён, поток завершается.
2025-10-12 13:54:09 [INFO] [Programm_X_Logger] [ConstructorController] Парсинг завершён, записей: 5
2025-10-12 13:54:09 [INFO] [Programm_X_Logger] [ConstructorController] Создана LogsTableModel: rows=5, cols=9
2025-10-12 13:54:19 [INFO] [Programm_X_Logger] === Завершение работы приложения ===
2025-10-12 13:54:29 [INFO] [Programm_X_Logger] Логгер инициализирован. Логи пишутся в /home/ubuntupc/my-proj/progr/utils_app/../logs/app_2025-10-12.log
2025-10-12 13:54:30 [INFO] [Programm_X_Logger] === Запуск Программа Х ===
2025-10-12 13:54:30 [INFO] [Programm_X_Logger] [RulesFetcherThread] Получение правил через контроллер: offset=0, limit=20
2025-10-12 13:54:30 [INFO] [Programm_X_Logger] [EditorController] Загрузка правил: offset=0, limit=20
2025-10-12 13:54:30 [INFO] [Programm_X_Logger] [RuleModel] Получено 20 правил (offset=0, limit=20)
2025-10-12 13:54:30 [INFO] [Programm_X_Logger] [EditorController] Загружено правил: 20
2025-10-12 13:54:30 [INFO] [Programm_X_Logger] [RulesFetcherThread] Загрузка завершена, поток завершается.
2025-10-12 13:54:33 [INFO] [Programm_X_Logger] [ConstructorView] Выбран файл: /home/ubuntupc/my-proj/access.log
2025-10-12 13:54:33 [INFO] [Programm_X_Logger] [FileLoaderThread] Загрузка файла: /home/ubuntupc/my-proj/access.log
2025-10-12 13:54:33 [INFO] [Programm_X_Logger] [FileLoaderThread] Файл успешно загружен, строк: 5
2025-10-12 13:54:34 [INFO] [Programm_X_Logger] [ConstructorView] Загружено строк: 5
2025-10-12 13:54:35 [INFO] [Programm_X_Logger] [ConstructorController] start_log_parse: type=Apache, lines=5
2025-10-12 13:54:35 [INFO] [Programm_X_Logger] [LogParserThread] Запуск парсинга: type=Apache, lines=5
2025-10-12 13:54:35 [INFO] [Programm_X_Logger] [LogParser] Парсинг Apache/Nginx логов, строк=5
2025-10-12 13:54:35 [INFO] [Programm_X_Logger] [LogParser] Получено 5 записей Apache/Nginx
2025-10-12 13:54:35 [INFO] [Programm_X_Logger] [LogParserThread] Парсинг завершён, поток завершается.
2025-10-12 13:54:35 [INFO] [Programm_X_Logger] [ConstructorController] Парсинг завершён, записей: 5
2025-10-12 13:54:35 [INFO] [Programm_X_Logger] [ConstructorController] Создана LogsTableModel: rows=5, cols=9
2025-10-12 13:54:41 [INFO] [Programm_X_Logger] === Завершение работы приложения ===
2025-10-12 15:37:24 [INFO] [Programm_X_Logger] Логгер инициализирован. Логи пишутся в /home/ubuntupc/my-proj/progr/utils_app/../logs/app_2025-10-12.log
2025-10-12 15:38:35 [INFO] [Programm_X_Logger] Логгер инициализирован. Логи пишутся в /home/ubuntupc/my-proj/progr/utils_app/../logs/app_2025-10-12.log
2025-10-12 15:38:36 [INFO] [Programm_X_Logger] === Запуск Программа Х ===
2025-10-12 15:38:36 [INFO] [Programm_X_Logger] [RulesFetcherThread] Получение правил через контроллер: offset=0, limit=20
2025-10-12 15:38:36 [INFO] [Programm_X_Logger] [EditorController] Загрузка правил: offset=0, limit=20
2025-10-12 15:38:36 [INFO] [Programm_X_Logger] [RuleModel] Получено 20 правил (offset=0, limit=20)
2025-10-12 15:38:36 [INFO] [Programm_X_Logger] [EditorController] Загружено правил: 20
2025-10-12 15:38:36 [INFO] [Programm_X_Logger] [RulesFetcherThread] Загрузка завершена, поток завершается.
2025-10-12 15:38:45 [INFO] [Programm_X_Logger] [EditorController] Получение данных правила ID=1
2025-10-12 15:38:45 [INFO] [Programm_X_Logger] [RuleModel] Получено правило ID=1
2025-10-12 15:39:33 [INFO] [Programm_X_Logger] [ConstructorView] Выбран файл: /home/ubuntupc/my-proj/access.log
2025-10-12 15:39:33 [INFO] [Programm_X_Logger] [FileLoaderThread] Загрузка файла: /home/ubuntupc/my-proj/access.log
2025-10-12 15:39:33 [INFO] [Programm_X_Logger] [FileLoaderThread] Файл успешно загружен, строк: 5
2025-10-12 15:39:34 [INFO] [Programm_X_Logger] [ConstructorView] Загружено строк: 5
2025-10-12 15:39:35 [INFO] [Programm_X_Logger] [ConstructorController] start_log_parse: type=Apache, lines=5
2025-10-12 15:39:35 [INFO] [Programm_X_Logger] [LogParserThread] Запуск парсинга: type=Apache, lines=5
2025-10-12 15:39:35 [INFO] [Programm_X_Logger] [LogParser] Парсинг Apache/Nginx логов, строк=5
2025-10-12 15:39:35 [ERROR] [Programm_X_Logger] [LogParserThread] Ошибка парсинга: 'LogParser' object has no attribute '_split_apache_time'
Traceback (most recent call last):
  File "/home/ubuntupc/my-proj/progr/threads/log_parser_thread.py", line 32, in run
    df = parser.parse_apache_nginx(self.log_lines)
         ^^^^^^^^^^^^^^^^^^^^^^^^^^^^^^^^^^^^^^^^^
  File "/home/ubuntupc/my-proj/progr/models/log_parser_model.py", line 35, in parse_apache_nginx
    date_str, time_str = self._split_apache_time(raw_time)
                         ^^^^^^^^^^^^^^^^^^^^^^^
AttributeError: 'LogParser' object has no attribute '_split_apache_time'
2025-10-12 15:39:35 [ERROR] [Programm_X_Logger] [ConstructorController] Ошибка парсинга: Ошибка парсинга: 'LogParser' object has no attribute '_split_apache_time'
2025-10-12 15:39:43 [INFO] [Programm_X_Logger] === Завершение работы приложения ===
2025-10-12 15:41:11 [INFO] [Programm_X_Logger] Логгер инициализирован. Логи пишутся в /home/ubuntupc/my-proj/progr/utils_app/../logs/app_2025-10-12.log
2025-10-12 15:41:11 [INFO] [Programm_X_Logger] === Запуск Программа Х ===
2025-10-12 15:41:11 [INFO] [Programm_X_Logger] [RulesFetcherThread] Получение правил через контроллер: offset=0, limit=20
2025-10-12 15:41:11 [INFO] [Programm_X_Logger] [EditorController] Загрузка правил: offset=0, limit=20
2025-10-12 15:41:11 [INFO] [Programm_X_Logger] [RuleModel] Получено 20 правил (offset=0, limit=20)
2025-10-12 15:41:11 [INFO] [Programm_X_Logger] [EditorController] Загружено правил: 20
2025-10-12 15:41:11 [INFO] [Programm_X_Logger] [RulesFetcherThread] Загрузка завершена, поток завершается.
2025-10-12 15:41:15 [INFO] [Programm_X_Logger] [ConstructorView] Выбран файл: /home/ubuntupc/my-proj/access.log
2025-10-12 15:41:15 [INFO] [Programm_X_Logger] [FileLoaderThread] Загрузка файла: /home/ubuntupc/my-proj/access.log
2025-10-12 15:41:15 [INFO] [Programm_X_Logger] [FileLoaderThread] Файл успешно загружен, строк: 5
2025-10-12 15:41:16 [INFO] [Programm_X_Logger] [ConstructorView] Загружено строк: 5
2025-10-12 15:41:17 [INFO] [Programm_X_Logger] [ConstructorController] start_log_parse: type=Apache, lines=5
2025-10-12 15:41:17 [INFO] [Programm_X_Logger] [LogParserThread] Запуск парсинга: type=Apache, lines=5
2025-10-12 15:41:17 [INFO] [Programm_X_Logger] [LogParser] Парсинг Apache/Nginx логов, строк=5
2025-10-12 15:41:17 [INFO] [Programm_X_Logger] [LogParser] Получено 5 записей Apache/Nginx
2025-10-12 15:41:17 [INFO] [Programm_X_Logger] [LogParserThread] Парсинг завершён, поток завершается.
2025-10-12 15:41:17 [INFO] [Programm_X_Logger] [ConstructorController] Парсинг завершён, записей: 5
2025-10-12 15:41:17 [INFO] [Programm_X_Logger] [ConstructorController] Создана LogsTableModel: rows=5, cols=9
2025-10-12 15:41:17 [ERROR] [Programm_X_Logger] [ConstructorView] table render error: 'list' object is not callable
Traceback (most recent call last):
  File "/home/ubuntupc/my-proj/progr/views/constructor_view.py", line 119, in on_ok
    self._rebuild_columns_menu()
  File "/home/ubuntupc/my-proj/progr/views/constructor_view.py", line 145, in _rebuild_columns_menu
    headers = self.logs_model.headers()
              ^^^^^^^^^^^^^^^^^^^^^^^^^
TypeError: 'list' object is not callable
2025-10-12 15:41:48 [INFO] [Programm_X_Logger] [ConstructorController] Prefill из отмеченных ячеек: {'rules_ip_s': '127.0.0.1', 'rules_content': '/icons/ubuntu-logo.png'}
2025-10-12 15:42:04 [INFO] [Programm_X_Logger] === Завершение работы приложения ===
2025-10-12 15:42:34 [INFO] [Programm_X_Logger] Логгер инициализирован. Логи пишутся в /home/ubuntupc/my-proj/progr/utils_app/../logs/app_2025-10-12.log
2025-10-12 15:42:35 [INFO] [Programm_X_Logger] === Запуск Программа Х ===
2025-10-12 15:42:35 [INFO] [Programm_X_Logger] [RulesFetcherThread] Получение правил через контроллер: offset=0, limit=20
2025-10-12 15:42:35 [INFO] [Programm_X_Logger] [EditorController] Загрузка правил: offset=0, limit=20
2025-10-12 15:42:35 [INFO] [Programm_X_Logger] [RuleModel] Получено 20 правил (offset=0, limit=20)
2025-10-12 15:42:35 [INFO] [Programm_X_Logger] [EditorController] Загружено правил: 20
2025-10-12 15:42:35 [INFO] [Programm_X_Logger] [RulesFetcherThread] Загрузка завершена, поток завершается.
2025-10-12 15:42:37 [INFO] [Programm_X_Logger] [ConstructorView] Выбран файл: /home/ubuntupc/my-proj/access.log
2025-10-12 15:42:37 [INFO] [Programm_X_Logger] [FileLoaderThread] Загрузка файла: /home/ubuntupc/my-proj/access.log
2025-10-12 15:42:37 [INFO] [Programm_X_Logger] [FileLoaderThread] Файл успешно загружен, строк: 5
2025-10-12 15:42:38 [INFO] [Programm_X_Logger] [ConstructorView] Загружено строк: 5
2025-10-12 15:42:39 [INFO] [Programm_X_Logger] [ConstructorController] start_log_parse: type=Apache, lines=5
2025-10-12 15:42:39 [INFO] [Programm_X_Logger] [LogParserThread] Запуск парсинга: type=Apache, lines=5
2025-10-12 15:42:39 [INFO] [Programm_X_Logger] [LogParser] Парсинг Apache/Nginx логов, строк=5
2025-10-12 15:42:39 [INFO] [Programm_X_Logger] [LogParser] Получено 5 записей Apache/Nginx
2025-10-12 15:42:39 [INFO] [Programm_X_Logger] [LogParserThread] Парсинг завершён, поток завершается.
2025-10-12 15:42:39 [INFO] [Programm_X_Logger] [ConstructorController] Парсинг завершён, записей: 5
2025-10-12 15:42:39 [INFO] [Programm_X_Logger] [ConstructorController] Создана LogsTableModel: rows=5, cols=9
2025-10-12 15:42:43 [INFO] [Programm_X_Logger] === Завершение работы приложения ===
2025-10-12 15:43:36 [INFO] [Programm_X_Logger] Логгер инициализирован. Логи пишутся в /home/ubuntupc/my-proj/progr/utils_app/../logs/app_2025-10-12.log
2025-10-12 15:43:36 [INFO] [Programm_X_Logger] === Запуск Программа Х ===
2025-10-12 15:43:36 [INFO] [Programm_X_Logger] [RulesFetcherThread] Получение правил через контроллер: offset=0, limit=20
2025-10-12 15:43:36 [INFO] [Programm_X_Logger] [EditorController] Загрузка правил: offset=0, limit=20
2025-10-12 15:43:37 [INFO] [Programm_X_Logger] [RuleModel] Получено 20 правил (offset=0, limit=20)
2025-10-12 15:43:37 [INFO] [Programm_X_Logger] [EditorController] Загружено правил: 20
2025-10-12 15:43:37 [INFO] [Programm_X_Logger] [RulesFetcherThread] Загрузка завершена, поток завершается.
2025-10-12 15:43:39 [INFO] [Programm_X_Logger] [ConstructorView] Выбран файл: /home/ubuntupc/my-proj/access.log
2025-10-12 15:43:39 [INFO] [Programm_X_Logger] [FileLoaderThread] Загрузка файла: /home/ubuntupc/my-proj/access.log
2025-10-12 15:43:39 [INFO] [Programm_X_Logger] [FileLoaderThread] Файл успешно загружен, строк: 5
2025-10-12 15:43:40 [INFO] [Programm_X_Logger] [ConstructorView] Загружено строк: 5
2025-10-12 15:43:41 [INFO] [Programm_X_Logger] [ConstructorController] start_log_parse: type=Apache, lines=5
2025-10-12 15:43:41 [INFO] [Programm_X_Logger] [LogParserThread] Запуск парсинга: type=Apache, lines=5
2025-10-12 15:43:41 [INFO] [Programm_X_Logger] [LogParser] Парсинг Apache/Nginx логов, строк=5
2025-10-12 15:43:41 [INFO] [Programm_X_Logger] [LogParser] Получено 5 записей Apache/Nginx
2025-10-12 15:43:41 [INFO] [Programm_X_Logger] [LogParserThread] Парсинг завершён, поток завершается.
2025-10-12 15:43:41 [INFO] [Programm_X_Logger] [ConstructorController] Парсинг завершён, записей: 5
2025-10-12 15:43:41 [INFO] [Programm_X_Logger] [ConstructorController] Создана LogsTableModel: rows=5, cols=9
2025-10-12 15:44:05 [INFO] [Programm_X_Logger] [ConstructorController] Prefill из отмеченных ячеек: {'rules_ip_s': '127.0.0.1', 'rules_content': '/favicon.ico'}
2025-10-12 15:45:14 [INFO] [Programm_X_Logger] [MainWindow] Обновление данных во вкладке 'Конструктор'
2025-10-12 15:45:14 [INFO] [Programm_X_Logger] [ConstructorController] start_log_parse: type=Apache, lines=5
2025-10-12 15:45:14 [INFO] [Programm_X_Logger] [LogParserThread] Запуск парсинга: type=Apache, lines=5
2025-10-12 15:45:14 [INFO] [Programm_X_Logger] [LogParser] Парсинг Apache/Nginx логов, строк=5
2025-10-12 15:45:14 [INFO] [Programm_X_Logger] [LogParser] Получено 5 записей Apache/Nginx
2025-10-12 15:45:14 [INFO] [Programm_X_Logger] [LogParserThread] Парсинг завершён, поток завершается.
2025-10-12 15:45:14 [INFO] [Programm_X_Logger] [ConstructorController] Парсинг завершён, записей: 5
2025-10-12 15:45:14 [INFO] [Programm_X_Logger] [ConstructorController] Создана LogsTableModel: rows=5, cols=9
2025-10-12 15:45:27 [INFO] [Programm_X_Logger] [MainWindow] Обновление данных во вкладке 'Редактор'
2025-10-12 15:45:27 [INFO] [Programm_X_Logger] [RulesFetcherThread] Получение правил через контроллер: offset=0, limit=20
2025-10-12 15:45:27 [INFO] [Programm_X_Logger] [EditorController] Загрузка правил: offset=0, limit=20
2025-10-12 15:45:27 [INFO] [Programm_X_Logger] [RuleModel] Получено 20 правил (offset=0, limit=20)
2025-10-12 15:45:27 [INFO] [Programm_X_Logger] [EditorController] Загружено правил: 20
2025-10-12 15:45:27 [INFO] [Programm_X_Logger] [RulesFetcherThread] Загрузка завершена, поток завершается.
2025-10-12 15:45:28 [INFO] [Programm_X_Logger] [RulesFetcherThread] Получение правил через контроллер: offset=20, limit=20
2025-10-12 15:45:28 [INFO] [Programm_X_Logger] [EditorController] Загрузка правил: offset=20, limit=20
2025-10-12 15:45:28 [INFO] [Programm_X_Logger] [RuleModel] Получено 7 правил (offset=20, limit=20)
2025-10-12 15:45:28 [INFO] [Programm_X_Logger] [EditorController] Загружено правил: 7
2025-10-12 15:45:28 [INFO] [Programm_X_Logger] [RulesFetcherThread] Загрузка завершена, поток завершается.
2025-10-12 15:45:32 [INFO] [Programm_X_Logger] [RulesFetcherThread] Получение правил через контроллер: offset=20, limit=20
2025-10-12 15:45:32 [INFO] [Programm_X_Logger] [EditorController] Загрузка правил: offset=20, limit=20
2025-10-12 15:45:32 [INFO] [Programm_X_Logger] [RuleModel] Получено 7 правил (offset=20, limit=20)
2025-10-12 15:45:32 [INFO] [Programm_X_Logger] [EditorController] Загружено правил: 7
2025-10-12 15:45:32 [INFO] [Programm_X_Logger] [RulesFetcherThread] Загрузка завершена, поток завершается.
2025-10-12 15:45:37 [INFO] [Programm_X_Logger] [RulesFetcherThread] Получение правил через контроллер: offset=0, limit=20
2025-10-12 15:45:37 [INFO] [Programm_X_Logger] [EditorController] Загрузка правил: offset=0, limit=20
2025-10-12 15:45:37 [INFO] [Programm_X_Logger] [RuleModel] Получено 20 правил (offset=0, limit=20)
2025-10-12 15:45:37 [INFO] [Programm_X_Logger] [EditorController] Загружено правил: 20
2025-10-12 15:45:37 [INFO] [Programm_X_Logger] [RulesFetcherThread] Загрузка завершена, поток завершается.
2025-10-12 15:45:41 [INFO] [Programm_X_Logger] [ConstructorController] Prefill из отмеченных ячеек: {}
2025-10-12 15:45:51 [INFO] [Programm_X_Logger] [RulesFetcherThread] Получение правил через контроллер: offset=20, limit=20
2025-10-12 15:45:51 [INFO] [Programm_X_Logger] [EditorController] Загрузка правил: offset=20, limit=20
2025-10-12 15:45:51 [INFO] [Programm_X_Logger] [RuleModel] Получено 7 правил (offset=20, limit=20)
2025-10-12 15:45:51 [INFO] [Programm_X_Logger] [EditorController] Загружено правил: 7
2025-10-12 15:45:51 [INFO] [Programm_X_Logger] [RulesFetcherThread] Загрузка завершена, поток завершается.
2025-10-12 15:45:52 [INFO] [Programm_X_Logger] [RulesFetcherThread] Получение правил через контроллер: offset=40, limit=20
2025-10-12 15:45:52 [INFO] [Programm_X_Logger] [EditorController] Загрузка правил: offset=40, limit=20
2025-10-12 15:45:52 [INFO] [Programm_X_Logger] [RuleModel] Получено 0 правил (offset=40, limit=20)
2025-10-12 15:45:52 [INFO] [Programm_X_Logger] [EditorController] Загружено правил: 0
2025-10-12 15:45:52 [INFO] [Programm_X_Logger] [RulesFetcherThread] Загрузка завершена, поток завершается.
2025-10-12 15:45:53 [INFO] [Programm_X_Logger] [RulesFetcherThread] Получение правил через контроллер: offset=20, limit=20
2025-10-12 15:45:53 [INFO] [Programm_X_Logger] [EditorController] Загрузка правил: offset=20, limit=20
2025-10-12 15:45:53 [INFO] [Programm_X_Logger] [RuleModel] Получено 7 правил (offset=20, limit=20)
2025-10-12 15:45:53 [INFO] [Programm_X_Logger] [EditorController] Загружено правил: 7
2025-10-12 15:45:53 [INFO] [Programm_X_Logger] [RulesFetcherThread] Загрузка завершена, поток завершается.
2025-10-12 15:45:58 [INFO] [Programm_X_Logger] === Завершение работы приложения ===
2025-10-12 15:47:25 [INFO] [Programm_X_Logger] Логгер инициализирован. Логи пишутся в /home/ubuntupc/my-proj/progr/utils_app/../logs/app_2025-10-12.log
2025-10-12 15:47:25 [INFO] [Programm_X_Logger] === Запуск Программа Х ===
2025-10-12 15:47:25 [INFO] [Programm_X_Logger] [RulesFetcherThread] Получение правил через контроллер: offset=0, limit=20
2025-10-12 15:47:25 [INFO] [Programm_X_Logger] [EditorController] Загрузка правил: offset=0, limit=20
2025-10-12 15:47:25 [INFO] [Programm_X_Logger] [RuleModel] Получено 20 правил (offset=0, limit=20)
2025-10-12 15:47:25 [INFO] [Programm_X_Logger] [EditorController] Загружено правил: 20
2025-10-12 15:47:25 [INFO] [Programm_X_Logger] [RulesFetcherThread] Загрузка завершена, поток завершается.
2025-10-12 15:47:28 [INFO] [Programm_X_Logger] [EditorController] Получение данных правила ID=1
2025-10-12 15:47:28 [INFO] [Programm_X_Logger] [RuleModel] Получено правило ID=1
2025-10-12 15:47:55 [INFO] [Programm_X_Logger] === Завершение работы приложения ===
2025-10-12 15:50:04 [INFO] [Programm_X_Logger] Логгер инициализирован. Логи пишутся в /home/ubuntupc/my-proj/progr/utils_app/../logs/app_2025-10-12.log
2025-10-12 15:50:05 [INFO] [Programm_X_Logger] === Запуск Программа Х ===
2025-10-12 15:50:05 [INFO] [Programm_X_Logger] [RulesFetcherThread] Получение правил через контроллер: offset=0, limit=20
2025-10-12 15:50:05 [INFO] [Programm_X_Logger] [EditorController] Загрузка правил: offset=0, limit=20
2025-10-12 15:50:05 [INFO] [Programm_X_Logger] [RuleModel] Получено 20 правил (offset=0, limit=20)
2025-10-12 15:50:05 [INFO] [Programm_X_Logger] [EditorController] Загружено правил: 20
2025-10-12 15:50:05 [INFO] [Programm_X_Logger] [RulesFetcherThread] Загрузка завершена, поток завершается.
2025-10-12 15:50:09 [INFO] [Programm_X_Logger] [EditorController] Получение данных правила ID=1
2025-10-12 15:50:09 [INFO] [Programm_X_Logger] [RuleModel] Получено правило ID=1
2025-10-12 15:50:28 [INFO] [Programm_X_Logger] === Завершение работы приложения ===
2025-10-12 15:51:50 [INFO] [Programm_X_Logger] Логгер инициализирован. Логи пишутся в /home/ubuntupc/my-proj/progr/utils_app/../logs/app_2025-10-12.log
2025-10-12 15:51:51 [INFO] [Programm_X_Logger] === Запуск Программа Х ===
2025-10-12 15:51:51 [INFO] [Programm_X_Logger] [RulesFetcherThread] Получение правил через контроллер: offset=0, limit=20
2025-10-12 15:51:51 [INFO] [Programm_X_Logger] [EditorController] Загрузка правил: offset=0, limit=20
2025-10-12 15:51:51 [INFO] [Programm_X_Logger] [RuleModel] Получено 20 правил (offset=0, limit=20)
2025-10-12 15:51:51 [INFO] [Programm_X_Logger] [EditorController] Загружено правил: 20
2025-10-12 15:51:51 [INFO] [Programm_X_Logger] [RulesFetcherThread] Загрузка завершена, поток завершается.
2025-10-12 15:51:53 [INFO] [Programm_X_Logger] [EditorController] Получение данных правила ID=1
2025-10-12 15:51:53 [INFO] [Programm_X_Logger] [RuleModel] Получено правило ID=1
2025-10-12 15:52:07 [INFO] [Programm_X_Logger] === Завершение работы приложения ===
2025-10-12 15:53:31 [INFO] [Programm_X_Logger] Логгер инициализирован. Логи пишутся в /home/ubuntupc/my-proj/progr/utils_app/../logs/app_2025-10-12.log
2025-10-12 15:53:32 [INFO] [Programm_X_Logger] === Запуск Программа Х ===
2025-10-12 15:53:32 [INFO] [Programm_X_Logger] [RulesFetcherThread] Получение правил через контроллер: offset=0, limit=20
2025-10-12 15:53:32 [INFO] [Programm_X_Logger] [EditorController] Загрузка правил: offset=0, limit=20
2025-10-12 15:53:32 [INFO] [Programm_X_Logger] [RuleModel] Получено 20 правил (offset=0, limit=20)
2025-10-12 15:53:32 [INFO] [Programm_X_Logger] [EditorController] Загружено правил: 20
2025-10-12 15:53:32 [INFO] [Programm_X_Logger] [RulesFetcherThread] Загрузка завершена, поток завершается.
2025-10-12 15:53:35 [INFO] [Programm_X_Logger] [EditorController] Получение данных правила ID=1
2025-10-12 15:53:35 [INFO] [Programm_X_Logger] [RuleModel] Получено правило ID=1
2025-10-12 15:54:03 [INFO] [Programm_X_Logger] === Завершение работы приложения ===
2025-10-12 15:54:12 [INFO] [Programm_X_Logger] Логгер инициализирован. Логи пишутся в /home/ubuntupc/my-proj/progr/utils_app/../logs/app_2025-10-12.log
2025-10-12 15:54:12 [INFO] [Programm_X_Logger] === Запуск Программа Х ===
2025-10-12 15:54:12 [INFO] [Programm_X_Logger] [RulesFetcherThread] Получение правил через контроллер: offset=0, limit=20
2025-10-12 15:54:12 [INFO] [Programm_X_Logger] [EditorController] Загрузка правил: offset=0, limit=20
2025-10-12 15:54:12 [INFO] [Programm_X_Logger] [RuleModel] Получено 20 правил (offset=0, limit=20)
2025-10-12 15:54:12 [INFO] [Programm_X_Logger] [EditorController] Загружено правил: 20
2025-10-12 15:54:12 [INFO] [Programm_X_Logger] [RulesFetcherThread] Загрузка завершена, поток завершается.
2025-10-12 15:54:15 [INFO] [Programm_X_Logger] [EditorController] Получение данных правила ID=1
2025-10-12 15:54:15 [INFO] [Programm_X_Logger] [RuleModel] Получено правило ID=1
2025-10-12 15:54:32 [INFO] [Programm_X_Logger] === Завершение работы приложения ===
2025-10-12 15:55:00 [INFO] [Programm_X_Logger] Логгер инициализирован. Логи пишутся в /home/ubuntupc/my-proj/progr/utils_app/../logs/app_2025-10-12.log
2025-10-12 15:55:01 [INFO] [Programm_X_Logger] === Запуск Программа Х ===
2025-10-12 15:55:01 [INFO] [Programm_X_Logger] [RulesFetcherThread] Получение правил через контроллер: offset=0, limit=20
2025-10-12 15:55:01 [INFO] [Programm_X_Logger] [EditorController] Загрузка правил: offset=0, limit=20
2025-10-12 15:55:01 [INFO] [Programm_X_Logger] [RuleModel] Получено 20 правил (offset=0, limit=20)
2025-10-12 15:55:01 [INFO] [Programm_X_Logger] [EditorController] Загружено правил: 20
2025-10-12 15:55:01 [INFO] [Programm_X_Logger] [RulesFetcherThread] Загрузка завершена, поток завершается.
2025-10-12 15:55:02 [INFO] [Programm_X_Logger] [EditorController] Получение данных правила ID=1
2025-10-12 15:55:02 [INFO] [Programm_X_Logger] [RuleModel] Получено правило ID=1
2025-10-12 15:58:33 [INFO] [Programm_X_Logger] Логгер инициализирован. Логи пишутся в /home/ubuntupc/my-proj/progr/utils_app/../logs/app_2025-10-12.log
2025-10-12 15:58:33 [INFO] [Programm_X_Logger] === Запуск Программа Х ===
2025-10-12 15:58:33 [INFO] [Programm_X_Logger] [RulesFetcherThread] Получение правил через контроллер: offset=0, limit=20
2025-10-12 15:58:33 [INFO] [Programm_X_Logger] [EditorController] Загрузка правил: offset=0, limit=20
2025-10-12 15:58:33 [INFO] [Programm_X_Logger] [RuleModel] Получено 20 правил (offset=0, limit=20)
2025-10-12 15:58:33 [INFO] [Programm_X_Logger] [EditorController] Загружено правил: 20
2025-10-12 15:58:33 [INFO] [Programm_X_Logger] [RulesFetcherThread] Загрузка завершена, поток завершается.
2025-10-12 15:58:36 [INFO] [Programm_X_Logger] [EditorController] Получение данных правила ID=1
2025-10-12 15:58:36 [INFO] [Programm_X_Logger] [RuleModel] Получено правило ID=1
2025-10-12 16:24:31 [INFO] [Programm_X_Logger] Логгер инициализирован. Логи пишутся в /home/ubuntupc/my-proj/progr/utils_app/../logs/app_2025-10-12.log
2025-10-12 16:24:31 [INFO] [Programm_X_Logger] === Запуск Программа Х ===
2025-10-12 16:24:31 [INFO] [Programm_X_Logger] [RulesFetcherThread] Получение правил через контроллер: offset=0, limit=20
2025-10-12 16:24:31 [INFO] [Programm_X_Logger] [EditorController] Загрузка правил: offset=0, limit=20
2025-10-12 16:24:31 [INFO] [Programm_X_Logger] [RuleModel] Получено 20 правил (offset=0, limit=20)
2025-10-12 16:24:31 [INFO] [Programm_X_Logger] [EditorController] Загружено правил: 20
2025-10-12 16:24:31 [INFO] [Programm_X_Logger] [RulesFetcherThread] Загрузка завершена, поток завершается.
2025-10-12 16:24:34 [INFO] [Programm_X_Logger] === Завершение работы приложения ===
2025-10-12 16:26:10 [INFO] [Programm_X_Logger] Логгер инициализирован. Логи пишутся в /home/ubuntupc/my-proj/progr/utils_app/../logs/app_2025-10-12.log
2025-10-12 16:26:11 [INFO] [Programm_X_Logger] === Запуск Программа Х ===
2025-10-12 16:26:11 [INFO] [Programm_X_Logger] [RulesFetcherThread] Получение правил через контроллер: offset=0, limit=20
2025-10-12 16:26:11 [INFO] [Programm_X_Logger] [EditorController] Загрузка правил: offset=0, limit=20
2025-10-12 16:26:11 [INFO] [Programm_X_Logger] [RuleModel] Получено 20 правил (offset=0, limit=20)
2025-10-12 16:26:11 [INFO] [Programm_X_Logger] [EditorController] Загружено правил: 20
2025-10-12 16:26:11 [INFO] [Programm_X_Logger] [RulesFetcherThread] Загрузка завершена, поток завершается.
2025-10-12 16:26:15 [INFO] [Programm_X_Logger] [EditorController] Получение данных правила ID=1
2025-10-12 16:26:15 [INFO] [Programm_X_Logger] [RuleModel] Получено правило ID=1
2025-10-12 16:26:27 [INFO] [Programm_X_Logger] [EditorController] Изменение правила ID=1: {'rules_action': 'alert', 'rules_protocol': 'tcp', 'rules_ip_s': '192.168.1.1', 'rules_port_s': '12', 'rules_route': '->', 'rules_ip_d': '123.12.12.2', 'rules_port_d': '45', 'rules_msg': 'new test 145652', 'rules_content': 'test, wen', 'rules_sid': '70011', 'rules_rev': '1'}
2025-10-12 16:26:30 [INFO] [Programm_X_Logger] [BatchSaverThread] Сохранение 1 правил...
2025-10-12 16:26:30 [DEBUG] [Programm_X_Logger] [BatchSaverThread] Сохранение правила ID=1: {'rules_action': 'alert', 'rules_protocol': 'tcp', 'rules_ip_s': '192.168.1.1', 'rules_port_s': '12', 'rules_route': '->', 'rules_ip_d': '123.12.12.2', 'rules_port_d': '45', 'rules_msg': 'new test 145652', 'rules_content': 'test, wen', 'rules_sid': '70011', 'rules_rev': '1'}
2025-10-12 16:26:30 [INFO] [Programm_X_Logger] [RuleModel] Правило ID=1 обновлено
2025-10-12 16:26:30 [INFO] [Programm_X_Logger] [BatchSaverThread] Сохранение завершено успешно.
2025-10-12 16:26:31 [INFO] [Programm_X_Logger] [RulesFetcherThread] Получение правил через контроллер: offset=0, limit=20
2025-10-12 16:26:31 [INFO] [Programm_X_Logger] [EditorController] Загрузка правил: offset=0, limit=20
2025-10-12 16:26:31 [INFO] [Programm_X_Logger] [RuleModel] Получено 20 правил (offset=0, limit=20)
2025-10-12 16:26:31 [INFO] [Programm_X_Logger] [EditorController] Загружено правил: 20
2025-10-12 16:26:31 [INFO] [Programm_X_Logger] [RulesFetcherThread] Загрузка завершена, поток завершается.
2025-10-12 16:26:35 [INFO] [Programm_X_Logger] [ConstructorView] Выбран файл: /home/ubuntupc/my-proj/access.log
2025-10-12 16:26:35 [INFO] [Programm_X_Logger] [FileLoaderThread] Загрузка файла: /home/ubuntupc/my-proj/access.log
2025-10-12 16:26:35 [INFO] [Programm_X_Logger] [FileLoaderThread] Файл успешно загружен, строк: 5
2025-10-12 16:26:36 [INFO] [Programm_X_Logger] [ConstructorView] Загружено строк: 5
2025-10-12 16:26:36 [INFO] [Programm_X_Logger] [ConstructorController] start_log_parse: type=Apache, lines=5
2025-10-12 16:26:36 [INFO] [Programm_X_Logger] [LogParserThread] Запуск парсинга: type=Apache, lines=5
2025-10-12 16:26:36 [INFO] [Programm_X_Logger] [LogParser] Парсинг Apache/Nginx логов, строк=5
2025-10-12 16:26:36 [INFO] [Programm_X_Logger] [LogParser] Получено 5 записей Apache/Nginx
2025-10-12 16:26:36 [INFO] [Programm_X_Logger] [LogParserThread] Парсинг завершён, поток завершается.
2025-10-12 16:26:36 [INFO] [Programm_X_Logger] [ConstructorController] Парсинг завершён, записей: 5
2025-10-12 16:26:36 [INFO] [Programm_X_Logger] [ConstructorController] Создана LogsTableModel: rows=5, cols=9
2025-10-12 16:26:42 [INFO] [Programm_X_Logger] [ConstructorController] Prefill из отмеченных ячеек: {'rules_content': '/favicon.ico'}
2025-10-12 16:27:33 [INFO] [Programm_X_Logger] [MainWindow] Обновление данных во вкладке 'Конструктор'
2025-10-12 16:27:33 [INFO] [Programm_X_Logger] [ConstructorController] start_log_parse: type=Apache, lines=5
2025-10-12 16:27:33 [INFO] [Programm_X_Logger] [LogParserThread] Запуск парсинга: type=Apache, lines=5
2025-10-12 16:27:33 [INFO] [Programm_X_Logger] [LogParser] Парсинг Apache/Nginx логов, строк=5
2025-10-12 16:27:33 [INFO] [Programm_X_Logger] [LogParser] Получено 5 записей Apache/Nginx
2025-10-12 16:27:33 [INFO] [Programm_X_Logger] [LogParserThread] Парсинг завершён, поток завершается.
2025-10-12 16:27:33 [INFO] [Programm_X_Logger] [ConstructorController] Парсинг завершён, записей: 5
2025-10-12 16:27:33 [INFO] [Programm_X_Logger] [ConstructorController] Создана LogsTableModel: rows=5, cols=9
2025-10-12 16:27:36 [INFO] [Programm_X_Logger] === Завершение работы приложения ===
2025-10-12 16:30:10 [INFO] [Programm_X_Logger] Логгер инициализирован. Логи пишутся в /home/ubuntupc/my-proj/progr/utils_app/../logs/app_2025-10-12.log
2025-10-12 16:30:11 [INFO] [Programm_X_Logger] === Запуск Программа Х ===
2025-10-12 16:30:11 [INFO] [Programm_X_Logger] [RulesFetcherThread] Получение правил через контроллер: offset=0, limit=20
2025-10-12 16:30:11 [INFO] [Programm_X_Logger] [EditorController] Загрузка правил: offset=0, limit=20
2025-10-12 16:30:11 [INFO] [Programm_X_Logger] [RuleModel] Получено 20 правил (offset=0, limit=20)
2025-10-12 16:30:11 [INFO] [Programm_X_Logger] [EditorController] Загружено правил: 20
2025-10-12 16:30:11 [INFO] [Programm_X_Logger] [RulesFetcherThread] Загрузка завершена, поток завершается.
2025-10-12 16:30:13 [INFO] [Programm_X_Logger] [EditorController] Получение данных правила ID=1
2025-10-12 16:30:13 [INFO] [Programm_X_Logger] [RuleModel] Получено правило ID=1
2025-10-12 16:30:18 [INFO] [Programm_X_Logger] === Завершение работы приложения ===
2025-10-12 16:37:48 [INFO] [Programm_X_Logger] Логгер инициализирован. Логи пишутся в /home/ubuntupc/my-proj/progr/utils_app/../logs/app_2025-10-12.log
2025-10-12 16:37:49 [INFO] [Programm_X_Logger] === Запуск Программа Х ===
2025-10-12 16:37:49 [INFO] [Programm_X_Logger] [RulesFetcherThread] Получение правил через контроллер: offset=0, limit=20
2025-10-12 16:37:49 [INFO] [Programm_X_Logger] [EditorController] Загрузка правил: offset=0, limit=20
2025-10-12 16:37:49 [INFO] [Programm_X_Logger] [RuleModel] Получено 20 правил (offset=0, limit=20)
2025-10-12 16:37:49 [INFO] [Programm_X_Logger] [EditorController] Загружено правил: 20
2025-10-12 16:37:49 [INFO] [Programm_X_Logger] [RulesFetcherThread] Загрузка завершена, поток завершается.
2025-10-12 16:37:52 [INFO] [Programm_X_Logger] [ConstructorView] Выбран файл: /home/ubuntupc/my-proj/access.log
2025-10-12 16:37:52 [INFO] [Programm_X_Logger] [FileLoaderThread] Загрузка файла: /home/ubuntupc/my-proj/access.log
2025-10-12 16:37:52 [INFO] [Programm_X_Logger] [FileLoaderThread] Файл успешно загружен, строк: 5
2025-10-12 16:37:53 [INFO] [Programm_X_Logger] [ConstructorView] Загружено строк: 5
2025-10-12 16:37:54 [INFO] [Programm_X_Logger] [ConstructorController] start_log_parse: type=Apache, lines=5
2025-10-12 16:37:54 [INFO] [Programm_X_Logger] [LogParserThread] Запуск парсинга: type=Apache, lines=5
2025-10-12 16:37:54 [INFO] [Programm_X_Logger] [LogParser] Парсинг Apache/Nginx логов, строк=5
2025-10-12 16:37:54 [INFO] [Programm_X_Logger] [LogParser] Получено 5 записей Apache/Nginx
2025-10-12 16:37:54 [INFO] [Programm_X_Logger] [LogParserThread] Парсинг завершён, поток завершается.
2025-10-12 16:37:54 [INFO] [Programm_X_Logger] [ConstructorController] Парсинг завершён, записей: 5
2025-10-12 16:37:54 [INFO] [Programm_X_Logger] [ConstructorController] Создана LogsTableModel: rows=5, cols=9
2025-10-12 16:38:01 [INFO] [Programm_X_Logger] [ConstructorController] Prefill из отмеченных ячеек: {'rules_ip_s': '127.0.0.1', 'rules_content': '/icons/ubuntu-logo.png'}
2025-10-12 16:38:28 [WARNING] [Programm_X_Logger] [RuleModel] UPSERT не выполнен (возможно, нет уникального индекса по rules_sid). Перехожу к fallback. Причина: there is no unique or exclusion constraint matching the ON CONFLICT specification

2025-10-12 16:38:28 [INFO] [Programm_X_Logger] [RuleModel] REV++ по SID=70011: rules_id=1, rev=2
2025-10-12 16:38:28 [INFO] [Programm_X_Logger] [ConstructorController] Результат сохранения: {'rules_id': 1, 'rules_rev': 2, 'existed': True}
2025-10-12 16:38:40 [INFO] [Programm_X_Logger] [ConstructorView] Правило успешно создано
2025-10-12 16:38:44 [INFO] [Programm_X_Logger] [RulesFetcherThread] Получение правил через контроллер: offset=20, limit=20
2025-10-12 16:38:44 [INFO] [Programm_X_Logger] [EditorController] Загрузка правил: offset=20, limit=20
2025-10-12 16:38:44 [INFO] [Programm_X_Logger] [RuleModel] Получено 7 правил (offset=20, limit=20)
2025-10-12 16:38:44 [INFO] [Programm_X_Logger] [EditorController] Загружено правил: 7
2025-10-12 16:38:44 [INFO] [Programm_X_Logger] [RulesFetcherThread] Загрузка завершена, поток завершается.
2025-10-12 16:38:49 [INFO] [Programm_X_Logger] [MainWindow] Обновление данных во вкладке 'Редактор'
2025-10-12 16:38:49 [INFO] [Programm_X_Logger] [RulesFetcherThread] Получение правил через контроллер: offset=20, limit=20
2025-10-12 16:38:49 [INFO] [Programm_X_Logger] [EditorController] Загрузка правил: offset=20, limit=20
2025-10-12 16:38:49 [INFO] [Programm_X_Logger] [RuleModel] Получено 7 правил (offset=20, limit=20)
2025-10-12 16:38:49 [INFO] [Programm_X_Logger] [EditorController] Загружено правил: 7
2025-10-12 16:38:49 [INFO] [Programm_X_Logger] [RulesFetcherThread] Загрузка завершена, поток завершается.
2025-10-12 16:38:52 [INFO] [Programm_X_Logger] [RulesFetcherThread] Получение правил через контроллер: offset=0, limit=20
2025-10-12 16:38:52 [INFO] [Programm_X_Logger] [EditorController] Загрузка правил: offset=0, limit=20
2025-10-12 16:38:52 [INFO] [Programm_X_Logger] [RuleModel] Получено 20 правил (offset=0, limit=20)
2025-10-12 16:38:52 [INFO] [Programm_X_Logger] [EditorController] Загружено правил: 20
2025-10-12 16:38:52 [INFO] [Programm_X_Logger] [RulesFetcherThread] Загрузка завершена, поток завершается.
2025-10-12 16:38:54 [INFO] [Programm_X_Logger] [EditorController] Получение данных правила ID=1
2025-10-12 16:38:54 [INFO] [Programm_X_Logger] [RuleModel] Получено правило ID=1
2025-10-12 16:39:15 [INFO] [Programm_X_Logger] [RulesFetcherThread] Получение правил через контроллер: offset=20, limit=20
2025-10-12 16:39:15 [INFO] [Programm_X_Logger] [EditorController] Загрузка правил: offset=20, limit=20
2025-10-12 16:39:15 [INFO] [Programm_X_Logger] [RuleModel] Получено 7 правил (offset=20, limit=20)
2025-10-12 16:39:15 [INFO] [Programm_X_Logger] [EditorController] Загружено правил: 7
2025-10-12 16:39:15 [INFO] [Programm_X_Logger] [RulesFetcherThread] Загрузка завершена, поток завершается.
2025-10-12 16:39:17 [INFO] [Programm_X_Logger] [EditorController] Получение данных правила ID=23
2025-10-12 16:39:17 [INFO] [Programm_X_Logger] [RuleModel] Получено правило ID=23
2025-10-12 16:39:21 [INFO] [Programm_X_Logger] [ConstructorController] Prefill из отмеченных ячеек: {'rules_ip_s': '127.0.0.1', 'rules_content': '/icons/ubuntu-logo.png'}
2025-10-12 16:40:21 [WARNING] [Programm_X_Logger] [RuleModel] UPSERT не выполнен (возможно, нет уникального индекса по rules_sid). Перехожу к fallback. Причина: there is no unique or exclusion constraint matching the ON CONFLICT specification

2025-10-12 16:40:21 [INFO] [Programm_X_Logger] [RuleModel] REV++ по SID=70011: rules_id=1, rev=3
2025-10-12 16:40:21 [INFO] [Programm_X_Logger] [ConstructorController] Результат сохранения: {'rules_id': 1, 'rules_rev': 3, 'existed': True}
2025-10-12 16:41:11 [INFO] [Programm_X_Logger] Логгер инициализирован. Логи пишутся в /home/ubuntupc/my-proj/progr/utils_app/../logs/app_2025-10-12.log
2025-10-12 16:41:11 [INFO] [Programm_X_Logger] === Запуск Программа Х ===
2025-10-12 16:41:11 [INFO] [Programm_X_Logger] [RulesFetcherThread] Получение правил через контроллер: offset=0, limit=20
2025-10-12 16:41:11 [INFO] [Programm_X_Logger] [EditorController] Загрузка правил: offset=0, limit=20
2025-10-12 16:41:12 [INFO] [Programm_X_Logger] [RuleModel] Получено 20 правил (offset=0, limit=20)
2025-10-12 16:41:12 [INFO] [Programm_X_Logger] [EditorController] Загружено правил: 20
2025-10-12 16:41:12 [INFO] [Programm_X_Logger] [RulesFetcherThread] Загрузка завершена, поток завершается.
2025-10-12 16:41:13 [INFO] [Programm_X_Logger] [EditorController] Получение данных правила ID=1
2025-10-12 16:41:13 [INFO] [Programm_X_Logger] [RuleModel] Получено правило ID=1
2025-10-12 16:41:18 [INFO] [Programm_X_Logger] [EditorController] Изменение правила ID=1: {'rules_action': 'alert', 'rules_protocol': 'tcp', 'rules_ip_s': '192.168.1.1', 'rules_port_s': '12', 'rules_route': '->', 'rules_ip_d': '123.12.12.2', 'rules_port_d': '45', 'rules_msg': 'new test 145652', 'rules_content': 'test, wen', 'rules_sid': '70011', 'rules_rev': '4'}
2025-10-12 16:41:20 [INFO] [Programm_X_Logger] [BatchSaverThread] Сохранение 1 правил...
2025-10-12 16:41:20 [DEBUG] [Programm_X_Logger] [BatchSaverThread] Сохранение правила ID=1: {'rules_action': 'alert', 'rules_protocol': 'tcp', 'rules_ip_s': '192.168.1.1', 'rules_port_s': '12', 'rules_route': '->', 'rules_ip_d': '123.12.12.2', 'rules_port_d': '45', 'rules_msg': 'new test 145652', 'rules_content': 'test, wen', 'rules_sid': '70011', 'rules_rev': '4'}
2025-10-12 16:41:20 [INFO] [Programm_X_Logger] [RuleModel] Правило ID=1 обновлено
2025-10-12 16:41:20 [INFO] [Programm_X_Logger] [BatchSaverThread] Сохранение завершено успешно.
2025-10-12 16:41:23 [INFO] [Programm_X_Logger] [RulesFetcherThread] Получение правил через контроллер: offset=0, limit=20
2025-10-12 16:41:23 [INFO] [Programm_X_Logger] [EditorController] Загрузка правил: offset=0, limit=20
2025-10-12 16:41:23 [INFO] [Programm_X_Logger] [RuleModel] Получено 20 правил (offset=0, limit=20)
2025-10-12 16:41:23 [INFO] [Programm_X_Logger] [EditorController] Загружено правил: 20
2025-10-12 16:41:23 [INFO] [Programm_X_Logger] [RulesFetcherThread] Загрузка завершена, поток завершается.
2025-10-12 16:41:27 [INFO] [Programm_X_Logger] === Завершение работы приложения ===
2025-10-12 16:45:25 [INFO] [Programm_X_Logger] Логгер инициализирован. Логи пишутся в /home/ubuntupc/my-proj/progr/utils_app/../logs/app_2025-10-12.log
2025-10-12 16:45:26 [INFO] [Programm_X_Logger] === Запуск Программа Х ===
2025-10-12 16:45:26 [INFO] [Programm_X_Logger] [RulesFetcherThread] Получение правил через контроллер: offset=0, limit=20
2025-10-12 16:45:26 [INFO] [Programm_X_Logger] [EditorController] Загрузка правил: offset=0, limit=20
2025-10-12 16:45:26 [INFO] [Programm_X_Logger] [RuleModel] Получено 20 правил (offset=0, limit=20)
2025-10-12 16:45:26 [INFO] [Programm_X_Logger] [EditorController] Загружено правил: 20
2025-10-12 16:45:26 [INFO] [Programm_X_Logger] [RulesFetcherThread] Загрузка завершена, поток завершается.
2025-10-12 16:45:32 [INFO] [Programm_X_Logger] [ConstructorView] Выбран файл: /home/ubuntupc/my-proj/access.log
2025-10-12 16:45:32 [INFO] [Programm_X_Logger] [FileLoaderThread] Загрузка файла: /home/ubuntupc/my-proj/access.log
2025-10-12 16:45:32 [INFO] [Programm_X_Logger] [FileLoaderThread] Файл успешно загружен, строк: 5
2025-10-12 16:45:34 [INFO] [Programm_X_Logger] [ConstructorView] Загружено строк: 5
2025-10-12 16:45:35 [INFO] [Programm_X_Logger] [EditorController] Получение данных правила ID=1
2025-10-12 16:45:35 [INFO] [Programm_X_Logger] [RuleModel] Получено правило ID=1
2025-10-12 16:45:41 [INFO] [Programm_X_Logger] [EditorController] Изменение правила ID=1: {'rules_action': 'alert', 'rules_protocol': 'tcp', 'rules_ip_s': '192.168.1.1', 'rules_port_s': '13', 'rules_route': '->', 'rules_ip_d': '123.12.12.2', 'rules_port_d': '45', 'rules_msg': 'new test 145652', 'rules_content': 'test, wen', 'rules_sid': '70011', 'rules_rev': '4'}
2025-10-12 16:45:44 [INFO] [Programm_X_Logger] [BatchSaverThread] Сохранение 1 правил...
2025-10-12 16:45:44 [DEBUG] [Programm_X_Logger] [BatchSaverThread] Сохранение правила ID=1: {'rules_action': 'alert', 'rules_protocol': 'tcp', 'rules_ip_s': '192.168.1.1', 'rules_port_s': '13', 'rules_route': '->', 'rules_ip_d': '123.12.12.2', 'rules_port_d': '45', 'rules_msg': 'new test 145652', 'rules_content': 'test, wen', 'rules_sid': '70011', 'rules_rev': '4'}
2025-10-12 16:45:44 [INFO] [Programm_X_Logger] [RuleModel] Правило ID=1 обновлено
2025-10-12 16:45:44 [INFO] [Programm_X_Logger] [BatchSaverThread] Сохранение завершено успешно.
2025-10-12 16:45:45 [INFO] [Programm_X_Logger] [RulesFetcherThread] Получение правил через контроллер: offset=0, limit=20
2025-10-12 16:45:45 [INFO] [Programm_X_Logger] [EditorController] Загрузка правил: offset=0, limit=20
2025-10-12 16:45:45 [INFO] [Programm_X_Logger] [RuleModel] Получено 20 правил (offset=0, limit=20)
2025-10-12 16:45:45 [INFO] [Programm_X_Logger] [EditorController] Загружено правил: 20
2025-10-12 16:45:45 [INFO] [Programm_X_Logger] [RulesFetcherThread] Загрузка завершена, поток завершается.
2025-10-12 16:45:47 [INFO] [Programm_X_Logger] [EditorController] Получение данных правила ID=1
2025-10-12 16:45:47 [INFO] [Programm_X_Logger] [RuleModel] Получено правило ID=1
2025-10-12 16:46:04 [INFO] [Programm_X_Logger] === Завершение работы приложения ===
2025-10-12 16:47:28 [INFO] [Programm_X_Logger] Логгер инициализирован. Логи пишутся в /home/ubuntupc/my-proj/progr/utils_app/../logs/app_2025-10-12.log
2025-10-12 16:47:29 [INFO] [Programm_X_Logger] === Запуск Программа Х ===
2025-10-12 16:47:29 [INFO] [Programm_X_Logger] [RulesFetcherThread] Получение правил через контроллер: offset=0, limit=20
2025-10-12 16:47:29 [INFO] [Programm_X_Logger] [EditorController] Загрузка правил: offset=0, limit=20
2025-10-12 16:47:29 [INFO] [Programm_X_Logger] [RuleModel] Получено 20 правил (offset=0, limit=20)
2025-10-12 16:47:29 [INFO] [Programm_X_Logger] [EditorController] Загружено правил: 20
2025-10-12 16:47:29 [INFO] [Programm_X_Logger] [RulesFetcherThread] Загрузка завершена, поток завершается.
2025-10-12 16:47:34 [INFO] [Programm_X_Logger] [ConstructorView] Выбран файл: /home/ubuntupc/my-proj/access.log
2025-10-12 16:47:34 [INFO] [Programm_X_Logger] [FileLoaderThread] Загрузка файла: /home/ubuntupc/my-proj/access.log
2025-10-12 16:47:34 [INFO] [Programm_X_Logger] [FileLoaderThread] Файл успешно загружен, строк: 5
2025-10-12 16:47:35 [INFO] [Programm_X_Logger] [ConstructorView] Загружено строк: 5
2025-10-12 16:47:36 [INFO] [Programm_X_Logger] [ConstructorController] start_log_parse: type=Apache, lines=5
2025-10-12 16:47:36 [INFO] [Programm_X_Logger] [LogParserThread] Запуск парсинга: type=Apache, lines=5
2025-10-12 16:47:36 [INFO] [Programm_X_Logger] [LogParser] Парсинг Apache/Nginx логов, строк=5
2025-10-12 16:47:36 [INFO] [Programm_X_Logger] [LogParser] Получено 5 записей Apache/Nginx
2025-10-12 16:47:36 [INFO] [Programm_X_Logger] [LogParserThread] Парсинг завершён, поток завершается.
2025-10-12 16:47:36 [INFO] [Programm_X_Logger] [ConstructorController] Парсинг завершён, записей: 5
2025-10-12 16:47:36 [INFO] [Programm_X_Logger] [ConstructorController] Создана LogsTableModel: rows=5, cols=9
2025-10-12 16:47:37 [INFO] [Programm_X_Logger] [ConstructorController] Prefill из отмеченных ячеек: {}
2025-10-12 16:47:44 [INFO] [Programm_X_Logger] [ConstructorController] Prefill из отмеченных ячеек: {'rules_method': 'GET'}
2025-10-12 16:47:51 [INFO] [Programm_X_Logger] [ConstructorController] Prefill из отмеченных ячеек: {'rules_content': '/icons/ubuntu-logo.png'}
2025-10-12 16:47:59 [INFO] [Programm_X_Logger] [EditorController] Получение данных правила ID=1
2025-10-12 16:47:59 [INFO] [Programm_X_Logger] [RuleModel] Получено правило ID=1
2025-10-12 16:48:03 [INFO] [Programm_X_Logger] === Завершение работы приложения ===
2025-10-12 16:49:26 [INFO] [Programm_X_Logger] Логгер инициализирован. Логи пишутся в /home/ubuntupc/my-proj/progr/utils_app/../logs/app_2025-10-12.log
2025-10-12 16:49:26 [INFO] [Programm_X_Logger] === Запуск Программа Х ===
2025-10-12 16:49:26 [INFO] [Programm_X_Logger] [RulesFetcherThread] Получение правил через контроллер: offset=0, limit=20
2025-10-12 16:49:26 [INFO] [Programm_X_Logger] [EditorController] Загрузка правил: offset=0, limit=20
2025-10-12 16:49:26 [INFO] [Programm_X_Logger] [RuleModel] Получено 20 правил (offset=0, limit=20)
2025-10-12 16:49:26 [INFO] [Programm_X_Logger] [EditorController] Загружено правил: 20
2025-10-12 16:49:26 [INFO] [Programm_X_Logger] [RulesFetcherThread] Загрузка завершена, поток завершается.
2025-10-12 16:49:28 [INFO] [Programm_X_Logger] [EditorController] Получение данных правила ID=1
2025-10-12 16:49:28 [INFO] [Programm_X_Logger] [RuleModel] Получено правило ID=1
2025-10-12 16:49:34 [INFO] [Programm_X_Logger] [EditorController] Изменение правила ID=1: {'rules_action': 'alert', 'rules_protocol': 'tcp', 'rules_ip_s': '192.168.1.1', 'rules_port_s': '150', 'rules_route': '->', 'rules_ip_d': '123.12.12.2', 'rules_port_d': '45', 'rules_msg': 'new test 145652', 'rules_content': 'test, wen', 'rules_sid': '70011', 'rules_rev': '4'}
2025-10-12 16:49:41 [INFO] [Programm_X_Logger] [BatchSaverThread] Сохранение 1 правил...
2025-10-12 16:49:41 [DEBUG] [Programm_X_Logger] [BatchSaverThread] Сохранение правила ID=1: {'rules_action': 'alert', 'rules_protocol': 'tcp', 'rules_ip_s': '192.168.1.1', 'rules_port_s': '150', 'rules_route': '->', 'rules_ip_d': '123.12.12.2', 'rules_port_d': '45', 'rules_msg': 'new test 145652', 'rules_content': 'test, wen', 'rules_sid': '70011', 'rules_rev': '4'}
2025-10-12 16:49:41 [INFO] [Programm_X_Logger] [RuleModel] Правило ID=1 обновлено
2025-10-12 16:49:41 [INFO] [Programm_X_Logger] [BatchSaverThread] Сохранение завершено успешно.
2025-10-12 16:49:43 [INFO] [Programm_X_Logger] [RulesFetcherThread] Получение правил через контроллер: offset=0, limit=20
2025-10-12 16:49:43 [INFO] [Programm_X_Logger] [EditorController] Загрузка правил: offset=0, limit=20
2025-10-12 16:49:43 [INFO] [Programm_X_Logger] [RuleModel] Получено 20 правил (offset=0, limit=20)
2025-10-12 16:49:43 [INFO] [Programm_X_Logger] [EditorController] Загружено правил: 20
2025-10-12 16:49:43 [INFO] [Programm_X_Logger] [RulesFetcherThread] Загрузка завершена, поток завершается.
2025-10-12 16:49:44 [INFO] [Programm_X_Logger] === Завершение работы приложения ===
